[    0.000000] Linux version 4.15.0-65-generic (buildd@lgw01-amd64-006) (gcc version 7.4.0 (Ubuntu 7.4.0-1ubuntu1~18.04.1)) #74-Ubuntu SMP Tue Sep 17 17:06:04 UTC 2019 (Ubuntu 4.15.0-65.74-generic 4.15.18)
[    0.000000] Command line: BOOT_IMAGE=/boot/vmlinuz-4.15.0-65-generic root=LABEL=cloudimg-rootfs ro console=tty1 console=ttyS0
[    0.000000] KERNEL supported cpus:
[    0.000000]   Intel GenuineIntel
[    0.000000]   AMD AuthenticAMD
[    0.000000]   Centaur CentaurHauls
[    0.000000] x86/fpu: Supporting XSAVE feature 0x001: 'x87 floating point registers'
[    0.000000] x86/fpu: Supporting XSAVE feature 0x002: 'SSE registers'
[    0.000000] x86/fpu: Supporting XSAVE feature 0x004: 'AVX registers'
[    0.000000] x86/fpu: xstate_offset[2]:  576, xstate_sizes[2]:  256
[    0.000000] x86/fpu: Enabled xstate features 0x7, context size is 832 bytes, using 'standard' format.
[    0.000000] e820: BIOS-provided physical RAM map:
[    0.000000] BIOS-e820: [mem 0x0000000000000000-0x000000000009fbff] usable
[    0.000000] BIOS-e820: [mem 0x000000000009fc00-0x000000000009ffff] reserved
[    0.00000] BIOS-e820: [mem 0x00000000000f0000-0x00000000000fffff] reserved
[    0.000000] BIOS-e820: [mem 0x0000000000100000-0x000000001f3effff] usable
[    0.000000] BIOS-e820: [mem 0x000000001f3f0000-0x000000001f3fffff] ACPI data
[    0.000000] BIOS-e820: [mem 0x00000000fec00000-0x00000000fec00fff] reserved
[    0.000000] BIOS-e820: [mem 0x00000000fee00000-0x00000000fee00fff] reserved
[    0.000000] BIOS-e820: [mem 0x00000000fffc0000-0x00000000ffffffff] reserved
[    0.000000] NX (Execute Disable) protection: active
[    0.000000] SMBIOS 2.5 present.
[    0.000000] DMI: innotek GmbH VirtualBox/VirtualBox, BIOS VirtualBox 12/01/2006
[    0.000000] Hypervisor detected: KVM
[    0.000000] e820: last_pfn = 0x1f3f0 max_arch_pfn = 0x400000000
[    0.000000] MTRR: Disabled
[    0.000000] x86/PAT: MTRRs disabled, skipping PAT initialization too.
[    0.000000] CPU MTRRs all blank - virtualized system.
[    0.000000] x86/PAT: Configuration [0-7]: WB  WT  UC- UC  WB  WT  UC- UC  
[    0.000000] found SMP MP-table at [mem 0x0009fff0-0x0009ffff]
[    0.000000] Scanning 1 areas for low memory corruption
[    0.000000] RAMDISK: [mem 0x1cf75000-0x1e225fff]
[    0.000000] ACPI: Early table checksum verification disabled
[    0.000000] ACPI: RSDP 0x00000000000E0000 000024 (v02 VBOX  )
[    0.000000] ACPI: XSDT 0x000000001F3F0030 00003C (v01 VBOX   VBOXXSDT 00000001 ASL  00000061)
[    0.000000] ACPI: FACP 0x000000001F3F00F0 0000F4 (v04 VBOX   VBOXFACP 00000001 ASL  00000061)
[    0.000000] ACPI: DSDT 0x000000001F3F0470 0021FF (v02 VBOX   VBOXBIOS 00000002 INTL 20180105)
[    0.000000] ACPI: FACS 0x000000001F3F0200 000040
[    0.000000] ACPI: FACS 0x000000001F3F0200 000040
[    0.000000] ACPI: APIC 0x000000001F3F0240 00005C (v02 VBOX   VBOXAPIC 00000001 ASL  00000061)
[    0.000000] ACPI: SSDT 0x000000001F3F02A0 0001CC (v01 VBOX   VBOXCPUT 00000002 INTL 20180105)
[    0.000000] No NUMA configuration found
[    0.000000] Faking a node at [mem 0x0000000000000000-0x000000001f3effff]
[    0.000000] NODE_DATA(0) allocated [mem 0x1f3c5000-0x1f3effff]
[    0.000000] kvm-clock: cpu 0, msr 0:1f344001, primary cpu clock
[    0.000000] kvm-clock: Using msrs 4b564d01 and 4b564d00
[    0.000000] kvm-clock: using sched offset of 3133508941 cycles
[    0.000000] clocksource: kvm-clock: mask: 0xffffffffffffffff max_cycles: 0x1cd42e4dffb, max_idle_ns: 881590591483 ns
[    0.000000] Zone ranges:
[    0.000000]   DMA      [mem 0x0000000000001000-0x0000000000ffffff]
[    0.000000]   DMA32    [mem 0x0000000001000000-0x000000001f3effff]
[    0.000000]   Normal   empty
[    0.000000]   Device   empty
[    0.000000] Movable zone start for each node
[    0.000000] Early memory node ranges
[    0.000000]   node   0: [mem 0x0000000000001000-0x000000000009efff]
[    0.000000]   node   0: [mem 0x0000000000100000-0x000000001f3effff]
[    0.000000] Reserved but unavailable: 98 pages
[    0.000000] Initmem setup node 0 [mem 0x0000000000001000-0x000000001f3effff]
[    0.000000] ACPI: PM-Timer IO Port: 0x4008
[    0.000000] IOAPIC[0]: apic_id 2, version 32, address 0xfec00000, GSI 0-23
[    0.000000] ACPI: INT_SRC_OVR (bus 0 bus_irq 0 global_irq 2 dfl dfl)
[    0.000000] ACPI: INT_SRC_OVR (bus 0 bus_irq 9 global_irq 9 low level)
[    0.000000] Using ACPI (MADT) for SMP configuration information
[    0.000000] smpboot: Allowing 2 CPUs, 0 hotplug CPUs
[    0.000000] PM: Registered nosave memory: [mem 0x00000000-0x00000fff]
[    0.000000] PM: Registered nosave memory: [mem 0x0009f000-0x0009ffff]
[    0.000000] PM: Registered nosave memory: [mem 0x000a0000-0x000effff]
[    0.000000] PM: Registered nosave memory: [mem 0x000f0000-0x000fffff]
[    0.000000] e820: [mem 0x1f400000-0xfebfffff] available for PCI devices
[    0.000000] Booting paravirtualized kernel on KVM
[    0.000000] clocksource: refined-jiffies: mask: 0xffffffff max_cycles: 0xffffffff, max_idle_ns: 7645519600211568 ns
[    0.000000] random: get_random_bytes called from start_kernel+0x99/0x4fd with crng_init=0
[    0.000000] setup_percpu: NR_CPUS:8192 nr_cpumask_bits:2 nr_cpu_ids:2 nr_node_ids:1
[    0.000000] percpu: Embedded 46 pages/cpu s151552 r8192 d28672 u1048576
[    0.000000] PV qspinlock hash table entries: 256 (order: 0, 4096 bytes)
[    0.000000] Built 1 zonelists, mobility grouping on.  Total pages: 125865
[    0.000000] Policy zone: DMA32
[    0.000000] Kernel command line: BOOT_IMAGE=/boot/vmlinuz-4.15.0-65-generic root=LABEL=cloudimg-rootfs ro console=tty1 console=ttyS0
[    0.000000] Memory: 455056K/511544K available (12300K kernel code, 2481K rwdata, 4256K rodata, 2436K init, 2388K bss, 56488K reserved, 0K cma-reserved)
[    0.000000] SLUB: HWalign=64, Order=0-3, MinObjects=0, CPUs=2, Nodes=1
[    0.000000] Kernel/User page tables isolation: enabled
[    0.000000] ftrace: allocating 39301 entries in 154 pages
[    0.004000] Hierarchical RCU implementation.
[    0.004000] 	RCU restricting CPUs from NR_CPUS=8192 to nr_cpu_ids=2.
[    0.004000] 	Tasks RCU enabled.
[    0.004000] RCU: Adjusting geometry for rcu_fanout_leaf=16, nr_cpu_ids=2
[    0.004000] NR_IRQS: 524544, nr_irqs: 440, preallocated irqs: 16
[    0.004000] Console: colour VGA+ 80x25
[    0.004000] console [tty1] enabled
[    0.004000] console [ttyS0] enabled
[    0.004000] ACPI: Core revision 20170831
[    0.004000] ACPI: 2 ACPI AML tables successfully acquired and loaded
[    0.004000] APIC: Switch to symmetric I/O mode setup
[    0.004000] x2apic enabled
[    0.004000] Switched APIC routing to physical x2apic.
[    0.004000] ..TIMER: vector=0x30 apic1=0 pin1=2 apic2=-1 pin2=-1
[    0.004000] tsc: Detected 4008.000 MHz processor
[    0.004000] Calibrating delay loop (skipped) preset value.. 8016.00 BogoMIPS (lpj=16032000)
[    0.004003] pid_max: default: 32768 minimum: 301
[    0.004502] Security Framework initialized
[    0.004929] Yama: becoming mindful.
[    0.005316] AppArmor: AppArmor initialized
[    0.005799] Dentry cache hash table entries: 65536 (order: 7, 524288 bytes)
[    0.006499] Inode-cache hash table entries: 32768 (order: 6, 262144 bytes)
[    0.007172] Mount-cache hash table entries: 1024 (order: 1, 8192 bytes)
[    0.008002] Mountpoint-cache hash table entries: 1024 (order: 1, 8192 bytes)
[    0.008854] Last level iTLB entries: 4KB 64, 2MB 8, 4MB 8
[    0.009400] Last level dTLB entries: 4KB 64, 2MB 0, 4MB 0, 1GB 4
[    0.009993] Spectre V1 : Mitigation: usercopy/swapgs barriers and __user pointer sanitization
[    0.010841] Spectre V2 : Mitigation: Full generic retpoline
[    0.011397] Spectre V2 : Spectre v2 / SpectreRSB mitigation: Filling RSB on context switch
[    0.012001] Speculative Store Bypass: Vulerable
[    0.016030] MDS: Mitigation: Clear CPU buffers
[    0.016603] Freeing SMP alternatives memory: 36K

[    0.129509] smpboot: CPU0: Intel(R) Core(TM) i7-6700K CPU @ 4.00GHz (family: 0x6, model: 0x5e, stepping: 0x3)
[    0.130529] Performance Events: unsupported p6 CPU model 94 no PMU driver, software events only.
[    0.131424] Hierarchical SRCU implementation.
[    0.132000] NMI watchdog: Perf event create on CPU 0 failed with -2
[    0.132000] NMI watchdog: Perf NMI watchdog permanently disabled
[    0.132000] smp: Bringing up secondary CPUs ...
[    0.132051] x86: Booting SMP configuration:
[    0.132491] .... node  #0, CPUs:      #1
[    0.004000] kvm-clock: cpu 1, msr 0:1f344041, secondary cpu clock
[    0.136014] smp: Brought up 1 node, 2 CPUs
[    0.136437] smpboot: Max logical packages: 1
[    0.136880] smpboot: Total of 2 processors activated (16032.00 BogoMIPS)
[    0.137599] devtmpfs: initialized
[    0.137599] x86/mm: Memory block size: 128MB
[    0.137599] evm: security.selinux
[    0.137599] evm: security.SMACK64
[    0.137646] evm: security.SMACK64EXEC
[    0.138036] evm: security.SMACK64TRANSMUTE
[    0.140003] evm: security.SMACK64MMAP
[    0.140395] evm: security.apparmor
[    0.140769] evm: security.ima
[    0.141099] evm: security.capability
[    0.141503] clocksource: jiffies: mask: 0xffffffff max_cycles: 0xffffffff, max_idle_ns: 7645041785100000 ns
[    0.141503] futex hash table entries: 512 (order: 3, 32768 bytes)
[    0.141608] pinctrl core: initialized pinctrl subsystem
[    0.144065] RTC time: 19:13:12, date: 10/15/19
[    0.144644] NET: Registered protocol family 16
[    0.145150] audit: initializing netlink subsys (disabled)
[    0.145710] audit: type=2000 audit(1571166796.149:1): state=initialized audit_enabled=0 res=1
[    0.145710] cpuidle: using governor ladder
[    0.145710] cpuidle: using governor menu
[    0.145710] ACPI: bus type PCI registered
[    0.148003] acpiphp: ACPI Hot Plug PCI Controller Driver version: 0.5
[    0.148692] PCI: Using configuration type 1 for base access
[    0.149271] HugeTLB registered 2.00 MiB page size, pre-allocated 0 pages
[    0.149271] ACPI: Added _OSI(Module Device)
[    0.149271] ACPI: Added _OSI(Processor Device)
[    0.152004] ACPI: Added _OSI(3.0 _SCP Extensions)
[    0.152488] ACPI: Added _OSI(Processor Aggregator Device)
[    0.153031] ACPI: Added _OSI(Linux-Dell-Video)
[    0.153489] ACPI: Added _OSI(Linux-Lenovo-NV-HDMI-Audio)
[    0.154025] ACPI: Added _OSI(Linux-HPI-Hybrid-Graphics)
[    0.154724] ACPI: Executed 1 blocks of module-level executable AML code
[    0.158011] ACPI: Interpreter enabled
[    0.158415] ACPI: (supports S0 S5)
[    0.158786] ACPI: Using IOAPIC for interrupt routing
[    0.159441] PCI: Using host bridge windows from ACPI; if necessary, use "pci=nocrs" and report a bug
[    0.160103] ACPI: Enabled 2 GPEs in block 00 to 07
[    0.164804] ACPI: PCI Root Bridge [PCI0] (domain 0000 [bus 00-ff])
[    0.165425] acpi PNP0A03:00: _OSC: OS supports [ASPM ClockPM Segments MSI]
[    0.166110] acpi PNP0A03:00: _OSC: not requesting OS control; OS requires [ExtendedConfig ASPM ClockPM MSI]
[    0.167075] acpi PNP0A03:00: fail to add MMCONFIG information, can't access extended PCI configuration space under this bridge.
[    0.168206] PCI host bridge to bus 0000:00
[    0.168640] pci_bus 0000:00: root bus resource [io  0x0000-0x0cf7 window]
[    0.169306] pci_bus 0000:00: root bus resource [io  0x0d00-0xffff window]
[    0.169971] pci_bus 0000:00: root bus resource [mem 0x000a0000-0x000bffff window]
[    0.170732] pci_bus 0000:00: root bus resource [mem 0x1f400000-0xfdffffff window]
[    0.171502] pci_bus 0000:00: root bus resource [bus 00-ff]
[    0.173134] pci 0000:00:01.1: legacy IDE quirk: reg 0x10: [io  0x01f0-0x01f7]
[    0.173831] pci 0000:00:01.1: legacy IDE quirk: reg 0x14: [io  0x03f6]
[    0.174472] pci 0000:00:01.1: legacy IDE quirk: reg 0x18: [io  0x0170-0x0177]
[    0.175170] pci 0000:00:01.1: legacy IDE quirk: reg 0x1c: [io  0x0376]
[    0.183671] pci 0000:00:07.0: quirk: [io  0x4000-0x403f] claimed by PIIX4 ACPI
[    0.184008] pci 0000:00:07.0: quirk: [io  0x4100-0x410f] claimed by PIIX4 SMB
[    0.189193] ACPI: PCI Interrupt Link [LNKA] (IRQs 5 9 10 *11)
[    0.189976] ACPI: PCI Interrupt Link [LNKB] (IRQs 5 9 *10 11)
[    0.190623] ACPI: PCI Interrupt Link [LNKC] (IRQs 5 *9 10 11)
[    0.191297] ACPI: PCI Interrupt Link [LNKD] (IRQs 5 9 10 *11)
[    0.192188] SCSI subsystem initialized
[    0.192623] pci 0000:00:02.0: vgaarb: setting as boot VGA device
[    0.192623] pci 0000:00:02.0: vgaarb: VGA device added: decodes=io+mem,owns=io+mem,locks=none
[    0.193464] pci 0000:00:02.0: vgaarb: bridge control possible
[    0.194038] vgaarb: loaded
[    0.194368] ACPI: bus type USB registered
[    0.194805] usbcore: registered new interface driver usbfs
[    0.196009] usbcore: registered new interface driver hub
[    0.196558] usbcore: registered new device driver usb
[    0.197099] EDAC MC: Ver: 3.0.0
[    0.197099] PCI: Using ACPI for IRQ routing
[    0.197099] NetLabel: Initializing
[    0.197099] NetLabel:  domain hash size = 128
[    0.197463] NetLabel:  protocols = UNLABELED CIPSOv4 CALIPSO
[    0.198041] NetLabel:  unlabeled traffic allowed by default
[    0.200078] clocksource: Switched to clocksource kvm-clock
[    0.207263] VFS: Disk quotas dquot_6.6.0
[    0.207720] VFS: Dquot-cache hash table entries: 512 (order 0, 4096 bytes)
[    0.208471] AppArmor: AppArmor Filesystem Enabled
[    0.208978] pnp: PnP ACPI init
[    0.209942] pnp: PnP ACPI: found 3 devices
[   0.217649] clocksource: acpi_pm: mask: 0xffffff max_cycles: 0xffffff, max_idle_ns: 2085701024 ns
[    0.237238] NET: Registered protocol family 2

[    0.237799] TCP established hash table entries: 4096 (order: 3, 32768 bytes)
[    0.238524] TCP bind hash table entries: 4096 (order: 4, 65536 bytes)
[    0.239168] TCP: Hash tables configured (established 4096 bind 4096)
[    0.239810] UDP hash table entries: 256 (order: 1, 8192 bytes)
[    0.240418] UDP-Lite hash table entries: 256 (order: 1, 8192 bytes)
[    0.241058] NET: Registered protocol family 1
[    0.241521] pci 0000:00:00.0: Limiting direct PCI/PCI transfers
[    0.242126] pci 0000:00:01.0: Activating ISA DMA hang workarounds
[    0.242770] pci 0000:00:02.0: Video device with shadowed ROM at [mem 0x000c0000-0x000dffff]
[    0.243667] Unpacking initramfs...
[    0.421436] Freeing initrd memory: 19140K
[    0.562694] clocksource: tsc: mask: 0xffffffffffffffff max_cycles: 0x39c5e21a6f1, max_idle_ns: 440795312983 ns
[    0.877664] platform rtc_cmos: registered platform RTC device (no PNP device found)
[    0.878672] Scanning for low memory corruption every 60 seconds
[    0.879909] Initialise system trusted keyrings
[    0.880588] Key type blacklist registered
[    0.889206] workingset: timestamp_bits=36 max_order=17 bucket_order=0
[    0.891029] zbud: loaded
[    0.891672] squashfs: version 4.0 (2009/01/31) Phillip Lougher
[    0.892380] fuse init (API version 7.26)
[    0.894409] Key type asymmetric registered
[    0.894850] Asymmetric key parser 'x509' registered
[    0.895368] Block layer SCSI generic (bsg) driver version 0.4 loaded (major 246)
[    0.896161] io scheduler noop registered
[    0.896604] io scheduler deadline registered
[    0.897076] io scheduler cfq registered (default)
[    0.897766] ACPI: AC Adapter [AC] (on-line)
[    0.898242] input: Power Button as /devices/LNXSYSTM:00/LNXPWRBN:00/input/input0
[    0.899079] ACPI: Power Button [PWRF]
[    0.899514] input: Sleep Button as /devices/LNXSYSTM:00/LNXSLPBN:00/input/input1
[    0.900289] ACPI: Sleep Button [SLPF]
[    0.900954] Serial: 8250/16550 driver, 32 ports, IRQ sharing enabled
[    0.923000] 00:02: ttyS0 at I/O 0x3f8 (irq = 4, base_baud = 115200) is a 16550A
[    1.135144] Linux agpgart interface v0.103
[    1.259251] loop: module loaded
[    1.259951] scsi host0: ata_piix
[    1.260408] scsi host1: ata_piix
[    1.260784] ata1: PATA max UDMA/33 cmd 0x1f0 ctl 0x3f6 bmdma 0xd000 irq 14
[    1.261461] ata2: PATA max UDMA/33 cmd 0x170 ctl 0x376 bmdma 0xd008 irq 15
[    1.262184] libphy: Fixed MDIO Bus: probed
[    1.267963] tun: Universal TUN/TAP device driver, 1.6
[    1.268583] PPP generic driver version 2.4.2
[    1.269126] ehci_hcd: USB 2.0 'Enhanced' Host Controller (EHCI) Driver
[    1.269775] ehci-pci: EHCI PCI platform driver
[    1.270245] ehci-platform: EHCI generic platform driver
[    1.340201] ohci_hcd: USB 1.1 'Open' Host Controller (OHCI) Driver
[    1.348560] ohci-pci: OHCI PCI platform driver
[    1.349029] ohci-platform: OHCI generic platform driver
[    1.349564] uhci_hcd: USB Universal Host Controller Interface driver
[    1.350224] i8042: PNP: PS/2 Controller [PNP0303:PS2K,PNP0f03:PS2M] at 0x60,0x64 irq 1,12
[    1.351389] serio: i8042 KBD port at 0x60,0x64 irq 1
[    1.351917] serio: i8042 AUX port at 0x60,0x64 irq 12
[    1.352544] mousedev: PS/2 mouse device common for all mice
[    1.353438] input: AT Translated Set 2 keyboard as /devices/platform/i8042/serio0/input/input2
[    1.354321] rtc_cmos rtc_cmos: rtc core: registered rtc_cmos as rtc0
[    1.355092] rtc_cmos rtc_cmos: alarms up to one day, 114 bytes nvram
[    1.355726] i2c /dev entries driver
[    1.356144] device-mapper: uevent: version 1.0.3
[    1.356681] device-mapper: ioctl: 4.37.0-ioctl (2017-09-20) initialised: dm-devel@redhat.com
[    1.357562] ledtrig-cpu: registered to indicate activity on CPUs
[    1.358382] NET: Registered protocol family 10
[    1.361176] Segment Routing with IPv6
[    1.361590] NET: Registered protocol family 17
[    1.362086] Key type dns_resolver registered
[    1.362656] mce: Using 0 MCE banks
[    1.363035] RAS: Correctable Errors collector initialized.
[    1.363593] sched_clock: Marking stable (1362640324, 0)->(2661951506, -1299311182)
[    1.364660] registered taskstats version 1
[    1.365100] Loading compiled-in X.509 certificates
[    1.367069] Loaded X.509 cert 'Build time autogenerated kernel key: 3a65b6a3c8b5d6b297d77c25be9161529933bc49'
[    1.368080] zswap: loaded using pool lzo/zbud
[    1.370706] Key type big_key registered
[    1.371126] Key type trusted registered
[    1.372517] Key type encrypted registered
[    1.372949] AppArmor: AppArmor sha1 policy hashing enabled
[    1.373504] ima: No TPM chip found, activating TPM-bypass! (rc=-19)
[    1.374125] ima: Allocated hash algorithm: sha1
[    1.374612] evm: HMAC attrs: 0x1
[    1.375118]   Magic number: 7:336:243
[    1.375572] rtc_cmos rtc_cmos: setting system clock to 2019-10-15 19:13:13 UTC (1571166793)
[    1.376482] BIOS EDD facility v0.16 2004-Jun-25, 0 devices found
[    1.377083] EDD information not available.
[    1.422070] Freeing unused kernel image memory: 2436K
[    1.452078] Write protecting the kernel read-only data: 20480k
[    1.453268] Freeing unused kernel image memory: 2008K
[    1.454194] Freeing unused kernel image memory: 1888K
[    1.459754] x86/mm: Checked W+X mappings: passed, no W+X pages found.
[    1.460598] x86/mm: Checking user space page tables
[    1.466014] x86/mm: Checked W+X mappings: passed, no W+X pages found.
Loading, please wait...
starting version 237
[    1.512338] Fusion MPT base driver 3.04.20
[    1.512921] Copyright (c) 1999-2008 LSI Corporation
[    1.515091] e1000: Intel(R) PRO/1000 Network Driver - version 7.3.21-k8-NAPI
[    1.515970] e1000: Copyright (c) 1999-2006 Intel Corporation.
[    1.526625] Fusion MPT SPI Host driver 3.04.20
[    1.529737] AVX2 version of gcm_enc/dec engaged.
[    1.530364] AES CTR mode by8 optimization enabled
[    1.724929] input: ImExPS/2 Generic Explorer Mouse as /devices/platform/i8042/serio1/input/input4
[    1.866703] e1000 0000:00:03.0 eth0: (PCI:33MHz:32-bit) 02:7f:ac:c4:64:71
[    1.867625] e1000 0000:00:03.0 eth0: Intel(R) PRO/1000 Network Connection
[    2.210844] e1000 0000:00:08.0 eth1: (PCI:33MHz:32-bit) 08:00:27:f2:a3:29
[    2.211712] e1000 0000:00:08.0 eth1: Intel(R) PRO/1000 Network Connection
[    2.213236] mptbase: ioc0: Initiating bringup
[    2.213240] e1000 0000:00:08.0 enp0s8: renamed from eth1
[    2.228784] e1000 0000:00:03.0 enp0s3: renamed from eth0
[    2.341173] ioc0: LSI53C1030 A0: Capabilities={Initiator}
[    2.924558] scsi host2: ioc0: LSI53C1030 A0, FwRev=00000000h, Ports=1, MaxQ=256, IRQ=20
[    3.221598] scsi 2:0:0:0: Direct-Access     VBOX     HARDDISK         1.0  PQ: 0 ANSI: 5
[    3.264182] scsi target2:0:0: Beginning Domain Validation
[    3.288958] scsi target2:0:0: Domain Validation skipping write tests
[    3.293727] scsi target2:0:0: Ending Domain Validation
[    3.296148] scsi target2:0:0: asynchronous
[    3.299045] scsi 2:0:1:0: Direct-Access     VBOX     HARDDISK         1.0  PQ: 0 ANSI: 5
[    3.332148] scsi target2:0:1: Beginning Domain Validation
[    3.354101] random: fast init done
[    3.355160] scsi target2:0:1: Domain Validation skipping write tests
[    3.356770] scsi target2:0:1: Ending Domain Validation
[    3.358138] scsi target2:0:1: asynchronous
[    3.364550] random: systemd-udevd: uninitialized urandom read (16 bytes read)
[    3.366343] random: systemd-udevd: uninitialized urandom read (16 bytes read)
[    3.368078] random: systemd-udevd: uninitialized urandom read (16 bytes read)
[    3.370285] sd 2:0:0:0: Attached scsi generic sg0 type 0
[    3.370367] sd 2:0:0:0: [sda] 20971520 512-byte logical blocks: (10.7 GB/10.0 GiB)
[    3.451853] sd 2:0:1:0: Attached scsi generic sg1 type 0
[    3.451867] sd 2:0:0:0: [sda] Write Protect is off
[    3.452973] sd 2:0:1:0: [sdb] 20480 512-byte logical blocks: (10.5 MB/10.0 MiB)
[    3.453096] sd 2:0:0:0: [sda] Incomplete mode parameter data
[    3.454341] sd 2:0:0:0: [sda] Assuming drive cache: write through
[    3.454377] sd 2:0:1:0: [sdb] Write Protect is off
[    3.455635] sd 2:0:1:0: [sdb] Incomplete mode parameter data
[    3.456341]  sda: sda1
[    3.456740] sd 2:0:1:0: [sdb] Assuming drive cache: write through
[    3.457286] sd 2:0:0:0: [sda] Attached SCSI disk
[    3.459673] sd 2:0:1:0: [sdb] Attached SCSI disk
Begin: Loading essential drivers ... [    4.832612] raid6: sse2x1   gen() 14834 MB/s
[    4.880402] raid6: sse2x1   xor() 10553 MB/s
[    5.174384] raid6: sse2x2   gen() 18033 MB/s
[    5.448560] raid6: sse2x2   xor() 12016 MB/s
[    5.834359] raid6: sse2x4   gen() 20851 MB/s
[    6.165119] raid6: sse2x4   xor() 12466 MB/s
[    6.530386] raid6: avx2x1   gen() 33527 MB/s
[    6.910353] raid6: avx2x1   xor() 23496 MB/s
[    7.240382] raid6: avx2x2   gen() 38923 MB/s
[    7.610348] raid6: avx2x2   xor() 25593 MB/s
[    7.970371] raid6: avx2x4   gen() 46649 MB/s
[    8.280367] raid6: avx2x4   xor() 25799 MB/s
[    8.499206] raid6: using algorithm avx2x4 gen() 46649 MB/s
[    8.620725] raid6: .... xor() 25799 MB/s, rmw enabled
[    8.621238] raid6: using avx2x2 recovery algorithm
[    8.622669] xor: automatically using best checksumming function   avx       
[    8.624242] async_tx: api initialized (async)
done.
Begin: Running /[    8.654001] Btrfs loaded, crc32c=crc32c-intel
scripts/init-premount ... done.
Begin: Mounting root file system ... Begin: Running /scripts/local-top ... done.
Begin: Running /scripts/local-premount ... Scanning for Btrfs filesystems
done.
[    8.688945] EXT4-fs (sda1): mounted filesystem with ordered data mode. Opts: (null)
Warning: fsck not present, so skipping root file system
done.
Begin: Running /scripts/local-bottom ... done.
Begin: Running /scripts/init-bottom ... done.
[    8.864639] ip_tables: (C) 2000-2006 Netfilter Core Team
[    8.905865] systemd[1]: systemd 237 running in system mode. (+PAM +AUDIT +SELINUX +IMA +APPARMOR +SMACK +SYSVINIT +UTMP +LIBCRYPTSETUP +GCRYPT +GNUTLS +ACL +XZ +LZ4 +SECCOMP +BLKID +ELFUTILS +KMOD -IDN2 +IDN -PCRE2 default-hierarchy=hybrid)
[    8.933537] systemd[1]: Detected virtualization oracle.
[    8.934074] systemd[1]: Detected architecture x86-64.

Welcome to [1mUbuntu 18.04.3 LTS[0m!

[    8.937682] systemd[1]: Set hostname to <ubuntu>.
[    8.940094] systemd[1]: Initializing machine ID from random generator.
[    8.940768] systemd[1]: Installed transient /etc/machine-id file.
[    9.212653] systemd[1]: Created slice User and Session Slice.
[[0;32m  OK  [0m] Created slice User and Session Slice.
[    9.282723] systemd[1]: Started Forward Password Requests to Wall Directory Watch.
[[0;32m  OK  [0m] Started Forward Password Requests to Wall Directory Watch.
[    9.284095] systemd[1]: Reached target Swap.
[[0;32m  OK  [0m] Reached target Swap.
[    9.285010] systemd[1]: Set up automount Arbitrary Executable File Formats File System Automount Point.
[[0;32m  OK  [0m] Set up automount Arbitrary Executab…rmats File System Automount Point.
[[0;32m  OK  [0m] Created slice System Slice.
[[0;32m  OK  [0m] Listening on Device-mapper event daemon FIFOs.
[[0;32m  OK  [0m] Listening on udev Kernel Socket.
[[0;32m  OK  [0m] Listening on Syslog Socket.
[[0;32m  OK  [0m] Listening on Network Service Netlink Socket.
[[0;32m  OK  [0m] Created slice system-serial\x2dgetty.slice.
[[0;32m  OK  [0m] Listening on Journal Socket (/dev/log).
[[0;32m  OK  [0m] Reached target System Time Synchronized.
[[0;32m  OK  [0m] Reached target User and Group Name Lookups.
[[0;32m  OK  [0m] Listening on LVM2 poll daemon socket.
[[0;32m  OK  [0m] Listening on /dev/initctl Compatibility Named Pipe.
[[0;32m  OK  [0m] Reached target Slices.
[[0;32m  OK  [0m] Listening on Journal Socket.
         Starting Uncomplicated firewall...
         Starting Load Kernel Modules...
         Mounting Huge Pages File System...
         Starting Create list of required st…ce nodes for the current kernel...
         Mounting Kernel Debug File System...
         Starting Remount Root and Kernel File Systems...
         Starting Set the console keyboard layout...
[[0;32m  OK  [0m] Listening on udev Control Socket.
         Starting udev Coldplug all Devices...
[[0;32m  OK  [0m] Listening on LVM2 metadata daemon socket.
         Starting Monitoring of LVM2 mirrors…ng dmeventd or progress polling...
         Mountin[    9.317918] Loading iSCSI transport class v2.0-870.
g POSIX Message Queue File System...
[[0;32m  OK  [0m] Listening on[    9.429084] iscsi: registered transport (tcp)
 Journal Audit Socket.
         Starting Journal Service...
[[0;32m  OK  [0m] Started Uncomplicated firewall.
[[0;32m  OK  [0m] Started Create list of required sta…vice nodes for the current kernel.
[[0;32m  OK  [0m] Started LVM2 metadata daemon.
         Starting Create Static Device Nodes in /dev...
[[0;32m  OK  [0m] Mounted Kernel Debug File System.
[[0;32m  OK  [0m] Mounted Huge Pages File System.
[[0;32m  OK  [0m] Mounted POSIX Message Queue File System.
[[0;32m  OK  [[    9.510553] EXT4-fs (sda1): re-mounted. Opts: (null)
0m] Started udev[    9.921462] iscsi: registered transport (iser)
 Coldplug all Devices.
[[0;32m  OK  [0m] Started Load Kernel Modules.
[[0;32m  OK  [0m] Started Journal Service.
[[0;32m  OK  [0m] Started Remount Root and Kernel File Systems.
[[0;32m  OK  [0m] Started Monitoring of LVM2 mirrors,…sing dmeventd or progress polling.
[[0;32m  OK  [0m] Started Create Static Device Nodes in /dev.
         Starting udev Kernel Device Manager...
         Starting Load/Save Random Seed...
         Starting Flush Journal to Persistent Storage...
         Mounting FUSE Control File System...
         Starting Apply Kernel Variables...
         Mounting Kernel Configuration File System...
[[0;32m  OK  [0m] Mounted FUSE Control File System.
[   10.276386] systemd-journald[391]: Received request to flush runtime journal from PID 1
[[0;32m  OK  [0m] Mounted Kernel Configuration File System.
[[0;32m  OK  [0m] Started udev Kernel Device Manager.
[[0;32m  OK  [0m] Started Load/Save Random Seed.
[[0;32m  OK  [0m] Started Apply Kernel Variables.
[[0;32m  OK  [0m] Started Flush Journal to Persistent Storage.
[[0;32m  OK  [0m] Found device /dev/ttyS0.
[[0;32m  OK  [0m] Listening on Load/Save RF Kill Switch Status /dev/rfkill Watch.
[[0;32m  OK  [0m] Started Set the console keyboard layout.
[[0;32m  OK  [0m] Started Dispatch Password Requests to Console Directory Watch.
[[0;32m  OK  [0m] Reached target Local Encrypted Volumes.
[[0;32m  OK  [0m] Reached target Local File Systems (Pre).
[[0;32m  OK  [0m] Reached target Local File Systems.
         Starting Commit a transient machine-id on disk...
         Starting Create Volatile Files and Directories...
         Starting ebtables ruleset management...
         Starting Set console font and keymap...
         Starting AppArmor initialization...
         Starting Tell Plymouth To Write Out Runtime Data...
[[0;32m  OK  [0m] Started Create Volatile Files and Directories.
         Starting Update UTMP about System Boot/Shutdown...
[[0;32m  OK  [0m] Started Tell Plymouth To Write Out Runtime Data.
[[0;32m  OK  [0m] Started Commit a transient machine-id on disk.
[[0;32m  OK  [0m] Started Set console font and keymap.
[[0;32m  OK  [0m] Started Update UTMP about System Boot/Shutdown.
[[0;32m  OK  [0m] Started ebtables ruleset management.
[[0;32m  OK  [0m] Started AppArmor initialization.
         Starting Initial cloud-init job (pre-networking)...
[   12.115097] cloud-init[657]: Cloud-init v. 19.2-36-g059d049c-0ubuntu2~18.04.1 running 'init-local' at Tue, 15 Oct 2019 19:13:24 +0000. Up 11.88 seconds.
[[0;32m  OK  [0m] Started Initial cloud-init job (pre-networking).
[[0;32m  OK  [0m] Reached target Network (Pre).
         Starting Network Service...
[[0;32m  OK  [0m] Started Network Service.
         Starting Network Name Resolution...
         Starting Wait for Network to be Configured...
[[0;32m  OK  [0m] Started Network Name Resolution.
[[0;32m  OK  [0m] Reached target Host and Network Name Lookups.
[[0;32m  OK  [0m] Reached target Network.
[[0;32m  OK  [0m] Started Wait for Network to be Configured.
         Starting Initial cloud-init job (metadata service crawler)...
[   13.661159] cloud-init[776]: Cloud-init v. 19.2-36-g059d049c-0ubuntu2~18.04.1 running 'init' at Tue, 15 Oct 2019 19:13:25 +0000. Up 13.57 seconds.
[   13.735497] cloud-init[776]: ci-info: ++++++++++++++++++++++++++++++++++++++Net device info+++++++++++++++++++++++++++++++++++++++
[   13.784370] cloud-init[776]: ci-info: +--------+-------+----------------------------+---------------+--------+-------------------+
[   13.786172] cloud-init[776]: ci-info: | Device |   Up  |          Address           |      Mask     | Scope  |     Hw-Address    |
[   13.788024] cloud-init[776]: ci-info: +--------+-------+----------------------------+---------------+--------+-------------------+
[   13.790314] cloud-init[776]: ci-info: | enp0s3 |  True |         10.0.2.15          | 255.255.255.0 | global | 02:7f:ac:c4:64:71 |
[   13.792489] cloud-init[776]: ci-info: | enp0s3 |  True | fe80::7f:acff:fec4:6471/64 |       .       |  link  | 02:7f:ac:c4:64:71 |
[   13.797688] cloud-init[776]: ci-info: | enp0s8 | False |             .              |       .       |   .    | 08:00:27:f2:a3:29 |
[   13.800151] cloud-init[776]: ci-info: |   lo   |  True |         127.0.0.1          |   255.0.0.0   |  host  |         .         |
[   13.802330] cloud-init[776]: ci-info: |   lo   |  True |          ::1/128           |       .       |  host  |         .         |
[   13.809648] cloud-init[776]: ci-info: +--------+-------+----------------------------+---------------+--------+-------------------+
[   13.811850] cloud-init[776]: ci-info: ++++++++++++++++++++++++++++Route IPv4 info+++++++++++++++++++++++++++++
[   13.813844] cloud-init[776]: ci-info: +-------+-------------+----------+-----------------+-----------+-------+
[   13.818997] cloud-init[776]: ci-info: | Route | Destination | Gateway  |     Genmask     | Interface | Flags |
[   13.820954] cloud-init[776]: ci-info: +-------+-------------+----------+-----------------+-----------+-------+
[   13.824156] cloud-init[776]: ci-info: |   0   |   0.0.0.0   | 10.0.2.2 |     0.0.0.0     |   enp0s3  |   UG  |
[   13.825907] cloud-init[776]: ci-info: |   1   |   10.0.2.0  | 0.0.0.0  |  255.255.255.0  |   enp0s3  |   U   |
[   13.827579] cloud-init[776]: ci-info: |   2   |   10.0.2.2  | 0.0.0.0  | 255.255.255.255 |   enp0s3  |   UH  |
[   13.829256] cloud-init[776]: ci-info: +-------+-------------+----------+-----------------+-----------+-------+
[   13.830922] cloud-init[776]: ci-info: +++++++++++++++++++Route IPv6 info+++++++++++++++++++
[   13.833487] cloud-init[776]: ci-info: +-------+-------------+---------+-----------+-------+
[   13.834781] cloud-init[776]: ci-info: | Route | Destination | Gateway | Interface | Flags |
[   13.835900] cloud-init[776]: ci-info: +-------+-------------+---------+-----------+-------+
[   13.837144] cloud-init[776]: ci-info: |   1   |  fe80::/64  |    ::   |   enp0s3  |   U   |
[   13.838297] cloud-init[776]: ci-info: |   3   |    local    |    ::   |   enp0s3  |   U   |
[   13.839437] cloud-init[776]: ci-info: |   4   |   ff00::/8  |    ::   |   enp0s3  |   U   |
[   13.840570] cloud-init[776]: ci-info: +-------+-------------+---------+-----------+-------+
[   14.251979] cloud-init[776]: Generating public/private rsa key pair.
[   14.253742] cloud-init[776]: Your identification has been saved in /etc/ssh/ssh_host_rsa_key.
[   14.254661] cloud-init[776]: Your public key has been saved in /etc/ssh/ssh_host_rsa_key.pub.
[   14.255551] cloud-init[776]: The key fingerprint is:
[   14.256237] cloud-init[776]: SHA256:X6twwjbqK2kCsEX++OmWgoMOuPfvdvmlyBt9C5N9lPY root@ubuntu-bionic
[   14.257145] cloud-init[776]: The key's randomart image is:
[   14.257844] cloud-init[776]: +---[RSA 2048]----+
[   14.258486] cloud-init[776]: |                 |
[   14.259093] cloud-init[776]: |  .              |
[   14.259709] cloud-init[776]: | o               |
[   14.260367] cloud-init[776]: |. o            . |
[   14.260972] cloud-init[776]: |.o o    S   . +  |
[   14.261599] cloud-init[776]: |+ . .  . o + + . |
[   14.262238] cloud-init[776]: |+o . +  B.B = . E|
[   14.262866] cloud-init[776]: |=.+ O .+oB B o   |
[   14.263513] cloud-init[776]: |o+ Bo**o+o+ .    |
[   14.264154] cloud-init[776]: +----[SHA256]-----+
[   14.264772] cloud-init[776]: Generating public/private dsa key pair.
[   14.265494] cloud-init[776]: Your identification has been saved in /etc/ssh/ssh_host_dsa_key.
[   14.266386] cloud-init[776]: Your public key has been saved in /etc/ssh/ssh_host_dsa_key.pub.
[   14.267246] cloud-init[776]: The key fingerprint is:
[   14.267889] cloud-init[776]: SHA256:PSfKKB3NBTrWuE759ZAZRym5el2S5mfcPMHwnu+u0eE root@ubuntu-bionic
[   14.268845] cloud-init[776]: The key's randomart image is:
[   14.269523] cloud-init[776]: +---[DSA 1024]----+
[   14.270139] cloud-init[776]: |        .  ...   |
[   14.270807] cloud-init[776]: |       + .o...   |
[   14.271432] cloud-init[776]: |      = . oo..+  |
[   14.272043] cloud-init[776]: |     . * o.=+ .+ |
[   14.272695] cloud-init[776]: |      = S.O+.+.+o|
[   14.273325] cloud-init[776]: |     + =.o.*o ==+|
[   14.273950] cloud-init[776]: |    . + +.  .o.E+|
[   14.274604] cloud-init[776]: |     .         ..|
[   14.275230] cloud-init[776]: |              .+o|
[   14.275852] cloud-init[776]: +----[SHA256]-----+
[   14.276501] cloud-init[776]: Generating public/private ecdsa key pair.
[   14.277256] cloud-init[776]: Your identification has been saved in /etc/ssh/ssh_host_ecdsa_key.
[   14.278157] cloud-init[776]: Your public key has been saved in /etc/ssh/ssh_host_ecdsa_key.pub.
[   14.279095] cloud-init[776]: The key fingerprint is:
[   14.279740] cloud-init[776]: SHA256:tL688nIZD8Agf+BDUhc4ylyDa9gmcsF4SFEcownzifs root@ubuntu-bionic
[   14.280689] cloud-init[776]: The key's randomart image is:
[   14.281364] cloud-init[776]: +---[ECDSA 256]---+
[   14.281991] cloud-init[776]: |+*+*o.o.         |
[   14.282628] cloud-init[776]: |++XoX.           |
[   14.283250] cloud-init[776]: |.Oo@ *  .        |
[   14.283874] cloud-init[776]: |+.X + +. .       |
[   14.284534] cloud-init[776]: |o=   o .S        |
[   14.285163] cloud-init[776]: | .     .o        |
[   14.285789] cloud-init[776]: |  E     .=       |
[   14.286439] cloud-init[776]: |      o.o..      |
[   14.287042] cloud-init[776]: |       ==.       |
[   14.287645] cloud-init[776]: +----[SHA256]-----+
[   14.288299] [[0;32m  OK  [0m] Started Initial cloud-init job (metadata service crawler).
[[0;32m  OK  [0m] Reached target System Initialization.
[[0;32m  OK  [0m] Listening on ACPID Listen Socket.
cloud-init[776]: Generating public/private ed25519 key pair.         Starting LXD - unix socket.

[[0;32m  OK  [0m] Started Discard unused blocks once a week.
[   14.291021] [[0;32m  OK  [0m] Started Daily Cleanup of Temporary Directories.
[[0;32m  OK  [0m] Started Daily apt download activities.
[[0;32m  OK  [0m] Listening on D-Bus System Message Bus Socket.
[[0;32m  OK  [0m] Started Daily apt upgrade and clean activities.
[[0;32m  OK  [0m] Started Message of the Day.
[[0;32m  OK  [0m] Started ACPI Events Check.
[[0;32m  OK  [0m] Reached target Paths.
[[0;32m  OK  [0m] Reached target Timers.
[[0;32m  OK  [0m] Listening on Open-iSCSI iscsid Socket.
cloud-init[776]: Your identification has been saved in /etc/ssh/ssh_host_ed25519_key.         Starting Socket activation for snappy daemon.
[[0;32m  OK  [0m] Listening on UUID daemon activation socket.
[[0;32m  OK  [0m] Reached target Network is Online.
[[0;32m  OK  [0m] Reached target Remote File Systems (Pre).
[[0;32m  OK  [0m] Reached target Remote File Systems.

[   14.297790]          Starting Availability of block devices...
[[0;32m  OK  [0m] Reached target Cloud-config availability.
[[0;32m  OK  [0m] Listening on LXD - unix socket.
[[0;32m  OK  [0m] Listening on Socket activation for snappy daemon.
[[0;32m  OK  [0m] Reached target Sockets.
[[0;32m  OK  [0m] Reached target Basic System.
         Starting Accounts Service...
         Starting System Logging Service...
         Starting Pollinate to seed the pseudo random number generator...
         Starting Virtualbox guest utils...
cloud-init[776]: Your public key has been saved in /etc/ssh/ssh_host_ed25519_key.pub.
[   14.305352] cloud-init[776]: [[0;32m  OK  [0m] Started Regular background program processing daemon.
The key fingerprint is:
[   14.306837] cloud-init[776]: SHA256:BZbCx2yB+XZM5UrxZ30BczU4JJTs4K9bGILiTS19sR4 root@ubuntu-bionic
[[0;32m  OK  [0m] Started Deferred execution scheduler.
[[0;32m  OK  [0m] Started FUSE filesystem for LXC.
         Starting LSB: Record successful boot for GRUB...
[   14.311811] cloud-init         Starting Dispatcher daemon for systemd-networkd...
[776]: The key's randomart image is:
[   14.313393] cloud-init[776]: +--[ED25519 256]--+
         Starting LSB: automatic crash report generation...
[   14.315383] cloud-init[[0;32m  OK  [0m] Started irqbalance daemon.
[776]: [[0;32m  OK  [0m] Started D-Bus System Message Bus.
|     . =+o++++o+o|
[   14.319513] cloud-init[776]: |      =.*o.*.oo.o|
[   14.320608] cloud-init[776]: |       =.+= o + o|
[   14.321639] cloud-init[776]: |      + o+=o o  .|
[   14.322707] cloud-init[776]: |   . + =SEo      |
[   14.323754] cloud-init[776]: |  . + . + +.     |
[   14.324593] cloud-init[776]: |   . .   o..     |
[   14.325256] cloud-init[776]: |         ..      |
[   14.325919] cloud-init[776]: |         ..      |
[   14.328179] cloud-init[776]: +----[SHA256]-----+
         Starting Snappy daemon...
         Starting Login Service...
         Starting Permit User Sessions...
         Starting LXD - container startup/shutdown...
[[0;32m  OK  [0m] Started System Logging Service.
[[0;32m  OK  [0m] Started Availability of block devices.
[[0;32m  OK  [0m] Started Permit User Sessions.
[[0;32m  OK  [0m] Started Login Service.
[[0;32m  OK  [0m] Started Unattended Upgrades Shutdown.
         Starting Hold until boot process finishes up...
         Starting Terminate Plymouth Boot Screen...
         Starting Authorization Manager...
[[0;32m  OK  [0m] Started Hold until boot process finishes up.
[[0;32m  OK  [0m] Started Serial Getty on ttyS0.
         Starting Set console scheme...
[[0;32m  OK  [0m] Started Terminate Plymouth Boot Screen.
[[0;32m  OK  [0m] Started LXD - container startup/shutdown.
[[0;32m  OK  [0m] Started LSB: automatic crash report generation.
[[0;32m  OK  [0m] Started Authorization Manager.
[[0;32m  OK  [0m] Started Accounts Service.
[[0;32m  OK  [0m] Started Set console scheme.
[[0;32m  OK  [0m] Created slice system-getty.slice.
[[0;32m  OK  [0m] Started Getty on tty1.
[[0;32m  OK  [0m] Reached target Login Prompts.
[[0;32m  OK  [0m] Started LSB: Record successful boot for GRUB.
[[0;32m  OK  [0m] Started Virtualbox guest utils.
[[0;32m  OK  [0m] Started Dispatcher daemon for systemd-networkd.
[[0;32m  OK  [0m] Started Snappy daemon.
         Starting Wait until snapd is fully seeded...
[[0;32m  OK  [0m] Started Pollinate to seed the pseudo random number generator.
         Starting OpenBSD Secure Shell server...
[[0;32m  OK  [0m] Started OpenBSD Secure Shell server.
[[0;32m  OK  [0m] Created slice User Slice of vagrant.
         Starting User Manager for UID 1000...
[[0;32m  OK  [0m] Started Session 1 of user vagrant.
[[0;32m  OK  [0m] Started Wait until snapd is fully seeded.
         Starting Apply the settings specified in cloud-config...
[[0;32m  OK  [0m] Reached target Multi-User System.
[[0;32m  OK  [0m] Reached target Graphical Interface.
         Starting Update UTMP about System Runlevel Changes...
[[0;32m  OK  [0m] Started User Manager for UID 1000.
[[0;32m  OK  [0m] Started Update UTMP about System Runlevel Changes.
[   18.822797] cloud-init[1358]: Cloud-init v. 19.2-36-g059d049c-0ubuntu2~18.04.1 running 'modules:config' at Tue, 15 Oct 2019 19:13:30 +0000. Up 18.53 seconds.
[[0;32m  OK  [0m] Started Apply the settings specified in cloud-config.
         Starting Execute cloud user/final scripts...
ci-info: no authorized ssh keys fingerprints found for user ubuntu.
<14>Oct 15 19:13:31 ec2: 
<14>Oct 15 19:13:31 ec2: #############################################################
<14>Oct 15 19:13:31 ec2: -----BEGIN SSH HOST KEY FINGERPRINTS-----
<14>Oct 15 19:13:31 ec2: 1024 SHA256:PSfKKB3NBTrWuE759ZAZRym5el2S5mfcPMHwnu+u0eE root@ubuntu-bionic (DSA)
<14>Oct 15 19:13:31 ec2: 256 SHA256:tL688nIZD8Agf+BDUhc4ylyDa9gmcsF4SFEcownzifs root@ubuntu-bionic (ECDSA)
<14>Oct 15 19:13:31 ec2: 256 SHA256:BZbCx2yB+XZM5UrxZ30BczU4JJTs4K9bGILiTS19sR4 root@ubuntu-bionic (ED25519)
<14>Oct 15 19:13:31 ec2: 2048 SHA256:X6twwjbqK2kCsEX++OmWgoMOuPfvdvmlyBt9C5N9lPY root@ubuntu-bionic (RSA)
<14>Oct 15 19:13:31 ec2: -----END SSH HOST KEY FINGERPRINTS-----
<14>Oct 15 19:13:31 ec2: #############################################################
-----BEGIN SSH HOST KEY KEYS-----
ecdsa-sha2-nistp256 AAAAE2VjZHNhLXNoYTItbmlzdHAyNTYAAAAIbmlzdHAyNTYAAABBBD8atxbrp8c+oZL8N5QbGozdkdFuHjn51Zu0uxxn88pctLLw5dMzMmsagiuvTckFm+n0zfSXjOrN1E7FlxjOWvI= root@ubuntu-bionic
ssh-ed25519 AAAAC3NzaC1lZDI1NTE5AAAAINycSQsRPvX2OvX9LqzXvmRywkZbSaeNqaWiMqN0x2FN root@ubuntu-bionic
ssh-rsa AAAAB3NzaC1yc2EAAAADAQABAAABAQDHebGQHzHw08zhOMCWm8jUJTT14AnZqT0/oRKe+bx4Vw0cnfEFJ5zx5eriW7H4d5315IRb2hJkc61jRVd0MRi2qPgzn9sO3TGyCMOfgTG5380XDHEj/K+D2F+AqIWfBMFcgdLlf6nHu9+Csm8B0r5yAGCKqJT72RXJx2zmAMW2mVsxw4BUmmOIPsWZd6Mqmnw+AC1nBi7kvOfOgTVYSjDzQTX+a5svsD+XaiXLz8a8wej2TvmGjJe4cFvD/AJwAUdNn5TfcIpJ/ydVFVThYdFfnME4aDHWjmEYek07mE+pCNfUzwQH+mb2zOqUts2gKPQwY2WQo1ZdkwTVHF2w4Mm1 root@ubuntu-bionic
-----END SSH HOST KEY KEYS-----
[   19.396069] cloud-init[1471]: Cloud-init v. 19.2-36-g059d049c-0ubuntu2~18.04.1 running 'modules:final' at Tue, 15 Oct 2019 19:13:31 +0000. Up 19.21 seconds.
[   19.397664] cloud-init[1471]: ci-info: no authorized ssh keys fingerprints found for user ubuntu.
[   19.398472] cloud-init[1471]: Cloud-init v. 19.2-36-g059d049c-0ubuntu2~18.04.1 finished at Tue, 15 Oct 2019 19:13:31 +0000. Datasource DataSourceNoCloud [seed=/dev/sdb][dsmode=net].  Up 19.38 seconds
[[0;32m  OK  [0m] Started Execute cloud user/final scripts.
[[0;32m  OK  [0m] Reached target Cloud-init target.

Ubuntu 18.04.3 LTS ubuntu-bionic ttyS0

ubuntu-bionic login: 