[    0.000000] Linux version 4.15.0-117-generic (buildd@lcy01-amd64-008) (gcc version 7.5.0 (Ubuntu 7.5.0-3ubuntu1~18.04)) #118-Ubuntu SMP Fri Sep 4 20:02:41 UTC 2020 (Ubuntu 4.15.0-117.118-generic 4.15.18)
[    0.000000] Command line: BOOT_IMAGE=/boot/vmlinuz-4.15.0-117-generic root=LABEL=cloudimg-rootfs ro console=tty1 console=ttyS0
[    0.000000] KERNEL supported cpus:
[    0.000000]   Intel GenuineIntel
[    0.000000]   AMD AuthenticAMD
[    0.000000]   Centaur CentaurHauls
[    0.000000] x86/fpu: Supporting XSAVE feature 0x001: 'x87 floating point registers'
[    0.000000] x86/fpu: Supporting XSAVE feature 0x002: 'SSE registers'
[    0.000000] x86/fpu: Supporting XSAVE feature 0x004: 'AVX registers'
[    0.000000] x86/fpu: xstate_offset[2]:  576, xstate_sizes[2]:  256
[    0.000000] x86/fpu: Enabled xstate features 0x7, context size is 832 bytes, using 'standard' format.
[    0.000000] e820: BIOS-provided physical RAM map:
[    0.000000] BIOS-e820: [mem 0x0000000000000000-0x000000000009fbff] usable
[    0.000000] BIOS-e820: [mem 0x000000000009fc00-0x000000000009ffff] reserved
[    0.000000] BIOS-e820: [mem 0x00000000000f0000-0x00000000000fffff] reserved
[    0.000000] BIOS-e820: [mem 0x0000000000100000-0x000000003ffeffff] usable
[    0.000000] BIOS-e820: [mem 0x000000003fff0000-0x000000003fffffff] ACPI data
[    0.000000] BIOS-e820: [mem 0x00000000fec00000-0x00000000fec00fff] reserved
[    0.000000] BIOS-e820: [mem 0x00000000fee00000-0x00000000fee00fff] reserved
[    0.000000] BIOS-e820: [mem 0x00000000fffc0000-0x00000000ffffffff] reserved
[    0.000000] NX (Execute Disable) protection: active
[    0.000000] SMBIOS 2.5 present.
[    0.000000] DMI: innotek GmbH VirtualBox/VirtualBox, BIOS VirtualBox 12/01/2006
[    0.000000] Hypervisor detected: KVM
[    0.000000] e820: last_pfn = 0x3fff0 max_arch_pfn = 0x400000000
[    0.000000] MTRR: Disabled
[    0.000000] x86/PAT: MTRRs disabled, skipping PAT initialization too.
[    0.000000] CPU MTRRs all blank - virtualized system.
[    0.000000] x86/PAT: Configuration [0-7]: WB  WT  UC- UC  WB  WT  UC- UC  
[    0.000000] found SMP MP-table at [mem 0x0009fff0-0x0009ffff]
[    0.000000] Scanning 1 areas for low memory corruption
[    0.000000] RAMDISK: [mem 0x35a67000-0x36d2afff]
[    0.000000] ACPI: Early table checksum verification disabled
[    0.000000] ACPI: RSDP 0x00000000000E0000 000024 (v02 VBOX  )
[    0.000000] ACPI: XSDT 0x000000003FFF0030 00003C (v01 VBOX   VBOXXSDT 00000001 ASL  00000061)
[    0.000000] ACPI: FACP 0x000000003FFF00F0 0000F4 (v04 VBOX   VBOXFACP 00000001 ASL  00000061)
[    0.000000] ACPI: DSDT 0x000000003FFF0470 002325 (v02 VBOX   VBOXBIOS 00000002 INTL 20100528)
[    0.000000] ACPI: FACS 0x000000003FFF0200 000040
[    0.000000] ACPI: FACS 0x000000003FFF0200 000040
[    0.000000] ACPI: APIC 0x000000003FFF0240 00005C (v02 VBOX   VBOXAPIC 00000001 ASL  00000061)
[    0.000000] ACPI: SSDT 0x000000003FFF02A0 0001CC (v01 VBOX   VBOXCPUT 00000002 INTL 20100528)
[    0.000000] No NUMA configuration found
[    0.000000] Faking a node at [mem 0x0000000000000000-0x000000003ffeffff]
[    0.000000] NODE_DATA(0) allocated [mem 0x3ffc5000-0x3ffeffff]
[    0.000000] kvm-clock: cpu 0, msr 0:3ff44001, primary cpu clock
[    0.000000] kvm-clock: Using msrs 4b564d01 and 4b564d00
[    0.000000] kvm-clock: using sched offset of 3875805909 cycles
[    0.000000] clocksource: kvm-clock: mask: 0xffffffffffffffff max_cycles: 0x1cd42e4dffb, max_idle_ns: 881590591483 ns
[    0.000000] Zone ranges:
[    0.000000]   DMA      [mem 0x0000000000001000-0x0000000000ffffff]
[    0.000000]   DMA32    [mem 0x0000000001000000-0x000000003ffeffff]
[    0.000000]   Normal   empty
[    0.000000]   Device   empty
[    0.000000] Movable zone start for each node
[    0.000000] Early memory node ranges
[    0.000000]   node   0: [mem 0x0000000000001000-0x000000000009efff]
[    0.000000]   node   0: [mem 0x0000000000100000-0x000000003ffeffff]
[    0.000000] Reserved but unavailable: 98 pages
[    0.000000] Initmem setup node 0 [mem 0x0000000000001000-0x000000003ffeffff]
[    0.000000] ACPI: PM-Timer IO Port: 0x4008
[    0.000000] IOAPIC[0]: apic_id 2, version 32, address 0xfec00000, GSI 0-23
[    0.000000] ACPI: INT_SRC_OVR (bus 0 bus_irq 0 global_irq 2 dfl dfl)
[    0.000000] ACPI: INT_SRC_OVR (bus 0 bus_irq 9 global_irq 9 low level)
[    0.000000] Using ACPI (MADT) for SMP configuration information
[    0.000000] smpboot: Allowing 2 CPUs, 0 hotplug CPUs
[    0.000000] PM: Registered nosave memory: [mem 0x00000000-0x00000fff]
[    0.000000] PM: Registered nosave memory: [mem 0x0009f000-0x0009ffff]
[    0.000000] PM: Registered nosave memory: [mem 0x000a0000-0x000effff]
[    0.000000] PM: Registered nosave memory: [mem 0x000f0000-0x000fffff]
[    0.000000] e820: [mem 0x40000000-0xfebfffff] available for PCI devices
[    0.000000] Booting paravirtualized kernel on KVM
[    0.000000] clocksource: refined-jiffies: mask: 0xffffffff max_cycles: 0xffffffff, max_idle_ns: 7645519600211568 ns
[    0.000000] random: get_random_bytes called from start_kernel+0x99/0x500 with crng_init=0
[    0.000000] setup_percpu: NR_CPUS:8192 nr_cpumask_bits:2 nr_cpu_ids:2 nr_node_ids:1
[    0.000000] percpu: Embedded 45 pages/cpu s147456 r8192 d28672 u1048576
[    0.000000] PV qspinlock hash table entries: 256 (order: 0, 4096 bytes)
[    0.000000] Built 1 zonelists, mobility grouping on.  Total pages: 257913
[    0.000000] Policy zone: DMA32
[    0.000000] Kernel command line: BOOT_IMAGE=/boot/vmlinuz-4.15.0-117-generic root=LABEL=cloudimg-rootfs ro console=tty1 console=ttyS0
[    0.000000] Memory: 983032K/1048120K available (12300K kernel code, 2481K rwdata, 4272K rodata, 2436K init, 2724K bss, 65088K reserved, 0K cma-reserved)
[    0.000000] SLUB: HWalign=64, Order=0-3, MinObjects=0, CPUs=2, Nodes=1
[    0.000000] Kernel/User page tables isolation: enabled
[    0.000000] ftrace: allocating 39392 entries in 154 pages
[    0.004000] Hierarchical RCU implementation.
[    0.004000] 	RCU restricting CPUs from NR_CPUS=8192 to nr_cpu_ids=2.
[    0.004000] 	Tasks RCU enabled.
[    0.004000] RCU: Adjusting geometry for rcu_fanout_leaf=16, nr_cpu_ids=2
[    0.004000] NR_IRQS: 524544, nr_irqs: 440, preallocated irqs: 16
[    0.004000] Console: colour VGA+ 80x25
[    0.004000] console [tty1] enabled
[    0.004000] console [ttyS0] enabled
[    0.004000] ACPI: Core revision 20170831
[    0.004000] ACPI: 2 ACPI AML tables successfully acquired and loaded
[    0.004000] APIC: Switch to symmetric I/O mode setup
[    0.004000] x2apic enabled
[    0.004000] Switched APIC routing to physical x2apic.
[    0.004000] ..TIMER: vector=0x30 apic1=0 pin1=2 apic2=-1 pin2=-1
[    0.004004] tsc: Detected 2112.006 MHz processor
[    0.004889] Calibrating delay loop (skipped) preset value.. 4224.01 BogoMIPS (lpj=8448024)
[    0.008003] pid_max: default: 32768 minimum: 301
[    0.008995] Security Framework initialized
[    0.009821] Yama: becoming mindful.
[    0.010574] AppArmor: AppArmor initialized
[    0.014610] Dentry cache hash table entries: 131072 (order: 8, 1048576 bytes)
[    0.016104] Inode-cache hash table entries: 65536 (order: 7, 524288 bytes)
[    0.017544] Mount-cache hash table entries: 2048 (order: 2, 16384 bytes)
[    0.018979] Mountpoint-cache hash table entries: 2048 (order: 2, 16384 bytes)
[    0.020243] Last level iTLB entries: 4KB 64, 2MB 8, 4MB 8
[    0.021408] Last level dTLB entries: 4KB 64, 2MB 0, 4MB 0, 1GB 4
[    0.022515] Spectre V1 : Mitigation: usercopy/swapgs barriers and __user pointer sanitization
[    0.024002] Spectre V2 : Mitigation: Full generic retpoline
[    0.025016] Spectre V2 : Spectre v2 / SpectreRSB mitigation: Filling RSB on context switch
[    0.026647] Speculative Store Bypass: Vulnerable
[    0.028038] SRBDS: Unknown: Dependent on hypervisor status
[    0.029062] MDS: Mitigation: Clear CPU buffers
[    0.030087] Freeing SMP alternatives memory: 36K
[    0.140785] smpboot: CPU0: Intel(R) Core(TM) i7-8650U CPU @ 1.90GHz (family: 0x6, model: 0x8e, stepping: 0xa)
[    0.143033] Performance Events: unsupported p6 CPU model 142 no PMU driver, software events only.
[    0.144043] Hierarchical SRCU implementation.
[    0.145463] NMI watchdog: Perf event create on CPU 0 failed with -2
[    0.147323] NMI watchdog: Perf NMI watchdog permanently disabled
[    0.148070] smp: Bringing up secondary CPUs ...
[    0.149279] x86: Booting SMP configuration:
[    0.150317] .... node  #0, CPUs:      #1
[    0.004000] kvm-clock: cpu 1, msr 0:3ff44041, secondary cpu clock
[    0.155574] smp: Brought up 1 node, 2 CPUs
[    0.156005] smpboot: Max logical packages: 1
[    0.156842] smpboot: Total of 2 processors activated (8448.02 BogoMIPS)
[    0.158296] devtmpfs: initialized
[    0.158296] x86/mm: Memory block size: 128MB
[    0.160151] evm: security.selinux
[    0.160851] evm: security.SMACK64
[    0.161602] evm: security.SMACK64EXEC
[    0.162395] evm: security.SMACK64TRANSMUTE
[    0.164004] evm: security.SMACK64MMAP
[    0.164930] evm: security.apparmor
[    0.166001] evm: security.ima
[    0.167171] evm: security.capability
[    0.168122] clocksource: jiffies: mask: 0xffffffff max_cycles: 0xffffffff, max_idle_ns: 7645041785100000 ns
[    0.169945] futex hash table entries: 512 (order: 3, 32768 bytes)
[    0.172029] pinctrl core: initialized pinctrl subsystem
[    0.176098] RTC time:  0:22:17, date: 09/20/20
[    0.177191] NET: Registered protocol family 16
[    0.178189] audit: initializing netlink subsys (disabled)
[    0.179376] audit: type=2000 audit(1600561342.824:1): state=initialized audit_enabled=0 res=1
[    0.180016] cpuidle: using governor ladder
[    0.181549] cpuidle: using governor menu
[    0.184054] ACPI: bus type PCI registered
[    0.184912] acpiphp: ACPI Hot Plug PCI Controller Driver version: 0.5
[    0.186246] PCI: Using configuration type 1 for base access
[    0.188138] HugeTLB registered 2.00 MiB page size, pre-allocated 0 pages
[    0.189277] ACPI: Added _OSI(Module Device)
[    0.192003] ACPI: Added _OSI(Processor Device)
[    0.192895] ACPI: Added _OSI(3.0 _SCP Extensions)
[    0.193847] ACPI: Added _OSI(Processor Aggregator Device)
[    0.194937] ACPI: Added _OSI(Linux-Dell-Video)
[    0.196007] ACPI: Added _OSI(Linux-Lenovo-NV-HDMI-Audio)
[    0.197021] ACPI: Added _OSI(Linux-HPI-Hybrid-Graphics)
[    0.198612] ACPI: Executed 1 blocks of module-level executable AML code
[    0.203008] ACPI: Interpreter enabled
[    0.204038] ACPI: (supports S0 S5)
[    0.204746] ACPI: Using IOAPIC for interrupt routing
[    0.206011] PCI: Using host bridge windows from ACPI; if necessary, use "pci=nocrs" and report a bug
[    0.208198] ACPI: Enabled 2 GPEs in block 00 to 07
[    0.216497] ACPI: PCI Root Bridge [PCI0] (domain 0000 [bus 00-ff])
[    0.217740] acpi PNP0A03:00: _OSC: OS supports [ASPM ClockPM Segments MSI]
[    0.219738] acpi PNP0A03:00: _OSC: not requesting OS control; OS requires [ExtendedConfig ASPM ClockPM MSI]
[    0.220012] acpi PNP0A03:00: fail to add MMCONFIG information, can't access extended PCI configuration space under this bridge.
[    0.224416] PCI host bridge to bus 0000:00
[    0.225269] pci_bus 0000:00: root bus resource [io  0x0000-0x0cf7 window]
[    0.226522] pci_bus 0000:00: root bus resource [io  0x0d00-0xffff window]
[    0.228003] pci_bus 0000:00: root bus resource [mem 0x000a0000-0x000bffff window]
[    0.230120] pci_bus 0000:00: root bus resource [mem 0x40000000-0xfdffffff window]
[    0.231762] pci_bus 0000:00: root bus resource [bus 00-ff]
[    0.233872] pci 0000:00:01.1: legacy IDE quirk: reg 0x10: [io  0x01f0-0x01f7]
[    0.236002] pci 0000:00:01.1: legacy IDE quirk: reg 0x14: [io  0x03f6]
[    0.237208] pci 0000:00:01.1: legacy IDE quirk: reg 0x18: [io  0x0170-0x0177]
[    0.239376] pci 0000:00:01.1: legacy IDE quirk: reg 0x1c: [io  0x0376]
[    0.255598] pci 0000:00:07.0: quirk: [io  0x4000-0x403f] claimed by PIIX4 ACPI
[    0.256017] pci 0000:00:07.0: quirk: [io  0x4100-0x410f] claimed by PIIX4 SMB
[    0.264484] ACPI: PCI Interrupt Link [LNKA] (IRQs 5 9 10 *11)
[    0.266059] ACPI: PCI Interrupt Link [LNKB] (IRQs 5 9 *10 11)
[    0.268000] ACPI: PCI Interrupt Link [LNKC] (IRQs 5 *9 10 11)
[    0.268175] ACPI: PCI Interrupt Link [LNKD] (IRQs 5 9 10 *11)
[    0.269711] SCSI subsystem initialized
[    0.272079] pci 0000:00:02.0: vgaarb: setting as boot VGA device
[    0.273089] pci 0000:00:02.0: vgaarb: VGA device added: decodes=io+mem,owns=io+mem,locks=none
[    0.274622] pci 0000:00:02.0: vgaarb: bridge control possible
[    0.275608] vgaarb: loaded
[    0.275608] ACPI: bus type USB registered
[    0.275608] usbcore: registered new interface driver usbfs
[    0.275608] usbcore: registered new interface driver hub
[    0.276012] usbcore: registered new device driver usb
[    0.280037] EDAC MC: Ver: 3.0.0
[    0.280853] PCI: Using ACPI for IRQ routing
[    0.281524] NetLabel: Initializing
[    0.281524] NetLabel:  domain hash size = 128
[    0.281524] NetLabel:  protocols = UNLABELED CIPSOv4 CALIPSO
[    0.281854] NetLabel:  unlabeled traffic allowed by default
[    0.284077] clocksource: Switched to clocksource kvm-clock
[    0.304511] VFS: Disk quotas dquot_6.6.0
[    0.305462] VFS: Dquot-cache hash table entries: 512 (order 0, 4096 bytes)
[    0.306849] AppArmor: AppArmor Filesystem Enabled
[    0.307898] pnp: PnP ACPI init
[    0.309780] pnp: PnP ACPI: found 3 devices
[    0.316132] clocksource: acpi_pm: mask: 0xffffff max_cycles: 0xffffff, max_idle_ns: 2085701024 ns
[    0.317723] NET: Registered protocol family 2
[    0.318850] TCP established hash table entries: 8192 (order: 4, 65536 bytes)
[    0.322970] TCP bind hash table entries: 8192 (order: 5, 131072 bytes)
[    0.324063] TCP: Hash tables configured (established 8192 bind 8192)
[    0.325226] UDP hash table entries: 512 (order: 2, 16384 bytes)
[    0.326471] UDP-Lite hash table entries: 512 (order: 2, 16384 bytes)
[    0.327754] NET: Registered protocol family 1
[    0.328590] pci 0000:00:00.0: Limiting direct PCI/PCI transfers
[    0.329728] pci 0000:00:01.0: Activating ISA DMA hang workarounds
[    0.331079] pci 0000:00:02.0: Video device with shadowed ROM at [mem 0x000c0000-0x000dffff]
[    0.332813] Unpacking initramfs...
[    0.607003] Freeing initrd memory: 19216K
[    0.608171] clocksource: tsc: mask: 0xffffffffffffffff max_cycles: 0x1e717e40680, max_idle_ns: 440795297614 ns
[    0.610154] platform rtc_cmos: registered platform RTC device (no PNP device found)
[    0.611704] Scanning for low memory corruption every 60 seconds
[    0.613557] Initialise system trusted keyrings
[    0.614468] Key type blacklist registered
[    0.615392] workingset: timestamp_bits=36 max_order=18 bucket_order=0
[    0.617634] zbud: loaded
[    0.618641] squashfs: version 4.0 (2009/01/31) Phillip Lougher
[    0.620008] fuse init (API version 7.26)
[    0.624663] Key type asymmetric registered
[    0.625511] Asymmetric key parser 'x509' registered
[    0.626894] Block layer SCSI generic (bsg) driver version 0.4 loaded (major 246)
[    0.628800] io scheduler noop registered
[    0.629762] io scheduler deadline registered
[    0.630633] io scheduler cfq registered (default)
[    0.631879] ACPI: AC Adapter [AC] (on-line)
[    0.632936] input: Power Button as /devices/LNXSYSTM:00/LNXPWRBN:00/input/input0
[    0.634504] ACPI: Power Button [PWRF]
[    0.635323] input: Sleep Button as /devices/LNXSYSTM:00/LNXSLPBN:00/input/input1
[    0.636956] ACPI: Sleep Button [SLPF]
[    0.638049] Serial: 8250/16550 driver, 32 ports, IRQ sharing enabled
[    0.638809] ACPI: Battery Slot [BAT0] (battery present)
[    0.660737] 00:02: ttyS0 at I/O 0x3f8 (irq = 4, base_baud = 115200) is a 16550A
[    0.663534] Linux agpgart interface v0.103
[    0.665608] loop: module loaded
[    0.666965] scsi host0: ata_piix
[    0.668523] scsi host1: ata_piix
[    0.669410] ata1: PATA max UDMA/33 cmd 0x1f0 ctl 0x3f6 bmdma 0xd000 irq 14
[    0.670667] ata2: PATA max UDMA/33 cmd 0x170 ctl 0x376 bmdma 0xd008 irq 15
[    0.672480] libphy: Fixed MDIO Bus: probed
[    0.673701] tun: Universal TUN/TAP device driver, 1.6
[    0.674786] PPP generic driver version 2.4.2
[    0.675778] ehci_hcd: USB 2.0 'Enhanced' Host Controller (EHCI) Driver
[    0.677110] ehci-pci: EHCI PCI platform driver
[    0.678060] ehci-platform: EHCI generic platform driver
[    0.679139] ohci_hcd: USB 1.1 'Open' Host Controller (OHCI) Driver
[    0.680853] ohci-pci: OHCI PCI platform driver
[    0.681823] ohci-platform: OHCI generic platform driver
[    0.682938] uhci_hcd: USB Universal Host Controller Interface driver
[    0.684255] i8042: PNP: PS/2 Controller [PNP0303:PS2K,PNP0f03:PS2M] at 0x60,0x64 irq 1,12
[    0.686391] serio: i8042 KBD port at 0x60,0x64 irq 1
[    0.687438] serio: i8042 AUX port at 0x60,0x64 irq 12
[    0.688635] mousedev: PS/2 mouse device common for all mice
[    0.690041] input: AT Translated Set 2 keyboard as /devices/platform/i8042/serio0/input/input2
[    0.692140] rtc_cmos rtc_cmos: rtc core: registered rtc_cmos as rtc0
[    0.693362] rtc_cmos rtc_cmos: alarms up to one day, 114 bytes nvram
[    0.694556] i2c /dev entries driver
[    0.695291] device-mapper: uevent: version 1.0.3
[    0.696021] device-mapper: ioctl: 4.37.0-ioctl (2017-09-20) initialised: dm-devel@redhat.com
[    0.698181] ledtrig-cpu: registered to indicate activity on CPUs
[    0.699995] NET: Registered protocol family 10
[    0.704738] Segment Routing with IPv6
[    0.705595] NET: Registered protocol family 17
[    0.706962] Key type dns_resolver registered
[    0.708122] mce: Using 0 MCE banks
[    0.708953] RAS: Correctable Errors collector initialized.
[    0.710064] sched_clock: Marking stable (708038521, 0)->(907020970, -198982449)
[    0.711818] registered taskstats version 1
[    0.712750] Loading compiled-in X.509 certificates
[    0.716851] Loaded X.509 cert 'Build time autogenerated kernel key: 993aedfcb7091aab7364eeb95e85a8dab512d887'
[    0.720117] zswap: loaded using pool lzo/zbud
[    0.726746] Key type big_key registered
[    0.727894] Key type trusted registered
[    0.731274] Key type encrypted registered
[    0.732561] AppArmor: AppArmor sha1 policy hashing enabled
[    0.733902] ima: No TPM chip found, activating TPM-bypass! (rc=-19)
[    0.735345] ima: Allocated hash algorithm: sha1
[    0.736665] evm: HMAC attrs: 0x1
[    0.737803]   Magic number: 4:341:355
[    0.738799] input event1: hash matches
[    0.740132] rtc_cmos rtc_cmos: setting system clock to 2020-09-20 00:22:17 UTC (1600561337)
[    0.742491] BIOS EDD facility v0.16 2004-Jun-25, 0 devices found
[    0.743713] EDD information not available.
[    0.874926] Freeing unused kernel image memory: 2436K
[    0.889574] Write protecting the kernel read-only data: 20480k
[    0.891588] Freeing unused kernel image memory: 2008K
[    0.892983] Freeing unused kernel image memory: 1872K
[    0.901549] x86/mm: Checked W+X mappings: passed, no W+X pages found.
[    0.902838] x86/mm: Checking user space page tables
[    0.910018] x86/mm: Checked W+X mappings: passed, no W+X pages found.
Loading, please wait...
starting version 237
[    0.980008] e1000: Intel(R) PRO/1000 Network Driver - version 7.3.21-k8-NAPI
[    0.981370] e1000: Copyright (c) 1999-2006 Intel Corporation.
[    0.984723] Fusion MPT base driver 3.04.20
[    0.985648] Copyright (c) 1999-2008 LSI Corporation
[    1.006729] AVX2 version of gcm_enc/dec engaged.
[    1.007788] AES CTR mode by8 optimization enabled
[    1.020850] Fusion MPT SPI Host driver 3.04.20
[    1.214978] input: ImExPS/2 Generic Explorer Mouse as /devices/platform/i8042/serio1/input/input4
[    1.401962] e1000 0000:00:03.0 eth0: (PCI:33MHz:32-bit) 02:a6:ac:a9:9a:f4
[    1.403345] e1000 0000:00:03.0 eth0: Intel(R) PRO/1000 Network Connection
[    1.406822] e1000 0000:00:03.0 enp0s3: renamed from eth0
[    1.408161] mptbase: ioc0: Initiating bringup
[    1.986524] ioc0: LSI53C1030 A0: Capabilities={Initiator}
[    4.919359] scsi host2: ioc0: LSI53C1030 A0, FwRev=00000000h, Ports=1, MaxQ=256, IRQ=20
[    6.987827] scsi 2:0:0:0: Direct-Access     VBOX     HARDDISK         1.0  PQ: 0 ANSI: 5
[    7.159400] scsi target2:0:0: Beginning Domain Validation
[    7.163138] scsi target2:0:0: Domain Validation skipping write tests
[    7.165117] scsi target2:0:0: Ending Domain Validation
[    7.166592] scsi target2:0:0: asynchronous
[    7.168679] scsi 2:0:1:0: Direct-Access     VBOX     HARDDISK         1.0  PQ: 0 ANSI: 5
[    8.212836] scsi target2:0:1: Beginning Domain Validation
[    8.216322] random: fast init done
[    8.217260] scsi target2:0:1: Domain Validation skipping write tests
[    8.218465] scsi target2:0:1: Ending Domain Validation
[    8.219582] scsi target2:0:1: asynchronous
[    8.226012] random: systemd-udevd: uninitialized urandom read (16 bytes read)
[    8.227505] random: systemd-udevd: uninitialized urandom read (16 bytes read)
[    8.229810] random: systemd-udevd: uninitialized urandom read (16 bytes read)
[    8.232276] sd 2:0:0:0: [sda] 20971520 512-byte logical blocks: (10.7 GB/10.0 GiB)
[    8.233933] sd 2:0:0:0: [sda] Write Protect is off
[    8.235121] sd 2:0:0:0: Attached scsi generic sg0 type 0
[    8.236260] sd 2:0:0:0: [sda] Incomplete mode parameter data
[    8.237490] sd 2:0:0:0: [sda] Assuming drive cache: write through
[    8.239644] sd 2:0:1:0: [sdb] 20480 512-byte logical blocks: (10.5 MB/10.0 MiB)
[    8.241277] sd 2:0:1:0: Attached scsi generic sg1 type 0
[    8.242331] sd 2:0:1:0: [sdb] Write Protect is off
[    8.243490] sd 2:0:1:0: [sdb] Incomplete mode parameter data
[    8.246571] sd 2:0:1:0: [sdb] Assuming drive cache: write through
[    8.248178]  sda: sda1
[    8.250595] sd 2:0:0:0: [sda] Attached SCSI disk
[    8.254649] sd 2:0:1:0: [sdb] Attached SCSI disk
Begin: Loading essential drivers ... [   10.428197] raid6: sse2x1   gen() 12245 MB/s
[   10.476814] raid6: sse2x1   xor()  9129 MB/s
[   10.524195] raid6: sse2x2   gen() 15322 MB/s
[   10.572062] raid6: sse2x2   xor()  9831 MB/s
[   10.620360] raid6: sse2x4   gen() 17726 MB/s
[   10.668177] raid6: sse2x4   xor() 10114 MB/s
[   10.716477] raid6: avx2x1   gen() 23326 MB/s
[   10.764325] raid6: avx2x1   xor() 13953 MB/s
[   10.812440] raid6: avx2x2   gen() 28332 MB/s
[   10.860549] raid6: avx2x2   xor() 17173 MB/s
[   10.908270] raid6: avx2x4   gen() 30545 MB/s
[   10.956141] raid6: avx2x4   xor() 19487 MB/s
[   10.957061] raid6: using algorithm avx2x4 gen() 30545 MB/s
[   10.958079] raid6: .... xor() 19487 MB/s, rmw enabled
[   10.959168] raid6: using avx2x2 recovery algorithm
[   10.961702] xor: automatically using best checksumming function   avx       
[   10.963948] async_tx: api initialized (async)
done.
Begin: Running /scripts/init-premount ... done.
Begin: Mounting root file system ... Begin: Running /scripts/local-top ... done.
Begin: Running /scripts/local-premount ... [   11.005233] Btrfs loaded, crc32c=crc32c-intel
Scanning for Btrfs filesystems
done.
Warning: fsck not present, so skipping root file system
[   11.042831] EXT4-fs (sda1): mounted filesystem with ordered data mode. Opts: (null)
done.
Begin: Running /scripts/local-bottom ... done.
Begin: Running /scripts/init-bottom ... done.
[   11.189317] ip_tables: (C) 2000-2006 Netfilter Core Team
[   11.199999] systemd[1]: systemd 237 running in system mode. (+PAM +AUDIT +SELINUX +IMA +APPARMOR +SMACK +SYSVINIT +UTMP +LIBCRYPTSETUP +GCRYPT +GNUTLS +ACL +XZ +LZ4 +SECCOMP +BLKID +ELFUTILS +KMOD -IDN2 +IDN -PCRE2 default-hierarchy=hybrid)
[   11.204344] systemd[1]: Detected virtualization oracle.
[   11.205573] systemd[1]: Detected architecture x86-64.

Welcome to [1mUbuntu 18.04.5 LTS[0m!

[   11.211976] systemd[1]: Set hostname to <ubuntu>.
[   11.217834] systemd[1]: Initializing machine ID from random generator.
[   11.219221] systemd[1]: Installed transient /etc/machine-id file.
[   11.498317] systemd[1]: Set up automount Arbitrary Executable File Formats File System Automount Point.
[[0;32m  OK  [0m] Set up automount Arbitrary Executab…rmats File System Automount Point.
[   11.606226] systemd[1]: Reached target User and Group Name Lookups.
[[0;32m  OK  [0m] Reached target User and Group Name Lookups.
[   11.903908] systemd[1]: Created slice System Slice.
[[0;32m  OK  [0m] Created slice System Slice.
[   11.905485] systemd[1]: Listening on udev Kernel Socket.
[[0;32m  OK  [0m] Listening on udev Kernel Socket.
[[0;32m  OK  [0m] Listening on LVM2 metadata daemon socket.
[[0;32m  OK  [0m] Listening on Syslog Socket.
[[0;32m  OK  [0m] Listening on Network Service Netlink Socket.
[[0;32m  OK  [0m] Created slice User and Session Slice.
[[0;32m  OK  [0m] Reached target Slices.
[[0;32m  OK  [0m] Started Forward Password Requests to Wall Directory Watch.
[[0;32m  OK  [0m] Listening on LVM2 poll daemon socket.
[[0;32m  OK  [0m] Reached target System Time Synchronized.
[[0;32m  OK  [0m] Listening on Journal Audit Socket.
[[0;32m  OK  [0m] Reached target Swap.
[[0;32m  OK  [0m] Listening on Device-mapper event daemon FIFOs.
[[0;32m  OK  [0m] Created slice system-serial\x2dgetty.slice.
[[0;32m  OK  [0m] Listening on Journal Socket.
         Starting Load Kernel Modules...
         Starting Uncomplicated firewall...
[   12.234087] Loading iSCSI transport class v2.0-870.
[   12.239895] iscsi: registered transport (tcp)
         Starting Monitoring of LVM2 mirrors…ng dmeventd or progress polling...
         Starting Remount Root and Kernel File Systems...
         Starting Create list of required st…ce nodes for the current kernel...
         Mounting Kernel Debug File System...
         Starting Set the console keyboard layout...
         Mounting POSIX Message Queue File System...
         Mounting Huge Pages File System...
[[0;32m  OK  [0m] Listening on udev Control Socket.
         Starting udev Coldplug all Devices...
[[0;32m  OK  [0m] Listening on /dev/initctl Compatibility Named Pipe.
[[0;32m  OK  [0m] Listening on Journal Socket (/dev/log).
         Starting Journal Service...
[[0;32m  OK  [0m] Started Uncomplicated firewall.
[[0;32m  OK  [0m] Started Create list of required sta…vice nodes for the current kernel.
[[0;32m  OK  [0m] Mounted Kernel Debug File System.
[   12.362547] iscsi: registered transport (iser)
[[0;32m  OK  [0m] Mounted POSIX Message Queue File System.
[[0;32m  OK  [0m] Mounted Huge Pages File System.
[   12.377354] EXT4-fs (sda1): re-mounted. Opts: (null)
[[0;32m  OK  [0m] Started Load Kernel Modules.
[[0;32m  OK  [0m] Started Remount Root and Kernel File Systems.
[[0;32m  OK  [0m] Started Journal Service.
[[0;32m  OK  [0m] Started LVM2 metadata daemon.
         Starting Flush Journal to Persistent Storage...
         Starting Load/Save Random Seed...
         Mounting FUSE Control File System...
         Starting Apply Kernel Variables...
         Mounting Kernel Configuration File System...
         Starting Create Static Device Nodes in /dev...
[[0;32m  OK  [0m] Started Monitoring of LVM2 mirrors,…sing dmeventd or progress polling.
[[0;32m  OK  [0m] Started udev Coldplug all Devices.
[[0;32m  OK  [0m] Started Load/Save Random Seed.
[[0;32m  OK  [0m] Mounted FUSE Control File System.
[[0;32m  OK  [0m] Started Apply Kernel Variables.
[[0;32m  OK  [0m] Mounted Kernel Configuration File System.
[[0;32m  OK  [0m] Started Create Static Device Nodes in /dev.
         Starting udev Kernel Device Manager...
[[0;32m  OK  [0m] Started udev Kernel Device Manager.
[[0;32m  OK  [0m] Started Flush Journal to Persistent Storage.
[[0;32m  OK  [0m] Found device /dev/ttyS0.
[[0;32m  OK  [0m] Listening on Load/Save RF Kill Switch Status /dev/rfkill Watch.
[[0;32m  OK  [0m] Started Set the console keyboard layout.
[[0;32m  OK  [0m] Reached target Local File Systems (Pre).
[[0;32m  OK  [0m] Reached target Local File Systems.
         Starting Tell Plymouth To Write Out Runtime Data...
         Starting Create Volatile Files and Directories...
         Starting AppArmor initialization...
         Starting Set console font and keymap...
         Starting ebtables ruleset management...
         Starting Commit a transient machine-id on disk...
[[0;32m  OK  [0m] Started Dispatch Password Requests to Console Directory Watch.
[[0;32m  OK  [0m] Reached target Local Encrypted Volumes.
[[0;32m  OK  [0m] Started Tell Plymouth To Write Out Runtime Data.
[[0;32m  OK  [0m] Started Create Volatile Files and Directories.
[[0;32m  OK  [0m] Started Set console font and keymap.
         Starting Update UTMP about System Boot/Shutdown...
[[0;32m  OK  [0m] Started Commit a transient machine-id on disk.
[[0;32m  OK  [0m] Started Update UTMP about System Boot/Shutdown.
[[0;32m  OK  [0m] Started ebtables ruleset management.
[[0;32m  OK  [0m] Started AppArmor initialization.
         Starting Load AppArmor profiles managed internally by snapd...
         Starting Initial cloud-init job (pre-networking)...
[[0;32m  OK  [0m] Started Load AppArmor profiles managed internally by snapd.
[   16.240645] cloud-init[678]: Cloud-init v. 20.3-2-g371b392c-0ubuntu1~18.04.1 running 'init-local' at Sun, 20 Sep 2020 00:22:32 +0000. Up 15.81 seconds.
[[0;32m  OK  [0m] Started Initial cloud-init job (pre-networking).
[[0;32m  OK  [0m] Reached target Network (Pre).
         Starting Network Service...
[[0;32m  OK  [0m] Started Network Service.
         Starting Wait for Network to be Configured...
         Starting Network Name Resolution...
[[0;32m  OK  [0m] Started Network Name Resolution.
[[0;32m  OK  [0m] Reached target Network.
[[0;32m  OK  [0m] Reached target Host and Network Name Lookups.
[[0;32m  OK  [0m] Started Wait for Network to be Configured.
         Starting Initial cloud-init job (metadata service crawler)...
[   19.016058] cloud-init[813]: Cloud-init v. 20.3-2-g371b392c-0ubuntu1~18.04.1 running 'init' at Sun, 20 Sep 2020 00:22:35 +0000. Up 18.77 seconds.
[   19.017546] cloud-init[813]: ci-info: ++++++++++++++++++++++++++++++++++++++Net device info++++++++++++++++++++++++++++++++++++++
[   19.018538] cloud-init[813]: ci-info: +--------+------+----------------------------+---------------+--------+-------------------+
[   19.019540] cloud-init[813]: ci-info: | Device |  Up  |          Address           |      Mask     | Scope  |     Hw-Address    |
[   19.020659] cloud-init[813]: ci-info: +--------+------+----------------------------+---------------+--------+-------------------+
[   19.032635] cloud-init[813]: ci-info: | enp0s3 | True |         10.0.2.15          | 255.255.255.0 | global | 02:a6:ac:a9:9a:f4 |
[   19.033687] cloud-init[813]: ci-info: | enp0s3 | True | fe80::a6:acff:fea9:9af4/64 |       .       |  link  | 02:a6:ac:a9:9a:f4 |
[   19.035220] cloud-init[813]: ci-info: |   lo   | True |         127.0.0.1          |   255.0.0.0   |  host  |         .         |
[   19.036411] cloud-init[813]: ci-info: |   lo   | True |          ::1/128           |       .       |  host  |         .         |
[   19.048377] cloud-init[813]: ci-info: +--------+------+----------------------------+---------------+--------+-------------------+
[   19.060464] cloud-init[813]: ci-info: ++++++++++++++++++++++++++++Route IPv4 info+++++++++++++++++++++++++++++
[   19.072192] cloud-init[813]: ci-info: +-------+-------------+----------+-----------------+-----------+-------+
[   19.073560] cloud-init[813]: ci-info: | Route | Destination | Gateway  |     Genmask     | Interface | Flags |
[   19.075080] cloud-init[813]: ci-info: +-------+-------------+----------+-----------------+-----------+-------+
[   19.088660] cloud-init[813]: ci-info: |   0   |   0.0.0.0   | 10.0.2.2 |     0.0.0.0     |   enp0s3  |   UG  |
[   19.089879] cloud-init[813]: ci-info: |   1   |   10.0.2.0  | 0.0.0.0  |  255.255.255.0  |   enp0s3  |   U   |
[   19.090864] cloud-init[813]: ci-info: |   2   |   10.0.2.2  | 0.0.0.0  | 255.255.255.255 |   enp0s3  |   UH  |
[   19.092024] cloud-init[813]: ci-info: +-------+-------------+----------+-----------------+-----------+-------+
[   19.104370] cloud-init[813]: ci-info: +++++++++++++++++++Route IPv6 info+++++++++++++++++++
[   19.105423] cloud-init[813]: ci-info: +-------+-------------+---------+-----------+-------+
[   19.106511] cloud-init[813]: ci-info: | Route | Destination | Gateway | Interface | Flags |
[   19.107783] cloud-init[813]: ci-info: +-------+-------------+---------+-----------+-------+
[   19.109183] cloud-init[813]: ci-info: |   1   |  fe80::/64  |    ::   |   enp0s3  |   U   |
[   19.110423] cloud-init[813]: ci-info: |   3   |    local    |    ::   |   enp0s3  |   U   |
[   19.111615] cloud-init[813]: ci-info: |   4   |   ff00::/8  |    ::   |   enp0s3  |   U   |
[   19.112913] cloud-init[813]: ci-info: +-------+-------------+---------+-----------+-------+
[   19.831342] cloud-init[813]: Generating public/private rsa key pair.
[   19.844672] cloud-init[813]: Your identification has been saved in /etc/ssh/ssh_host_rsa_key.
[   19.846061] cloud-init[813]: Your public key has been saved in /etc/ssh/ssh_host_rsa_key.pub.
[   19.847315] cloud-init[813]: The key fingerprint is:
[   19.856414] cloud-init[813]: SHA256:+dbXTTcfXdnmYu+XO8VT4BMFHY+c9OZvarCP5P1RtGM root@ubuntu-bionic
[   19.857240] cloud-init[813]: The key's randomart image is:
[   19.857881] cloud-init[813]: +---[RSA 2048]----+
[   19.869134] cloud-init[813]: |              o=o|
[   19.870228] cloud-init[813]: |             oo+=|
[   19.871423] cloud-init[813]: |             .++O|
[   19.884656] cloud-init[813]: |         .    o*=|
[[0;32m  OK  [0m] Started Initial cloud-init job (metadata service crawler).
[   19.900981] cloud-init[813]: |        S     oEO|
[[0;32m  OK  [0m] Reached target Network is Online.
[   19.913283] cloud-init[813]: |         . ....*%|
[[0;32m  OK  [0m] Reached target Remote File Systems (Pre).
[[0;32m  OK  [0m] Reached target Remote File Systems.
         Starting Availability of block devices...
[[0;32m  OK  [0m[   19.914047] cloud-init[813]: |          o oo..@|
] Reached target Cloud-config availability.
[   19.928130] cloud-init[813]: |         . o.+.*o|
[[0;32m  OK  [0m[   19.930085] cloud-init[813]: |            oo+o*|
[   19.930551] cloud-init[813]: +----[SHA256]-----+
[   19.931242] cloud-init[813]: Generating public/private dsa key pair.
[   19.931535] cloud-init[813]: Your identification has been saved in /etc/ssh/ssh_host_dsa_key.
[   19.932375] cloud-init[813]: Your public key has been saved in /etc/ssh/ssh_host_dsa_key.pub.
[   19.932728] cloud-init[813]: The key fingerprint is:
[   19.933146] cloud-init[813]: SHA256:KgbgmL3Mbbz415itW3sqM1kskdDP6TIhGsl0bkXTFyk root@ubuntu-bionic
[   19.933602] cloud-init[813]: The key's randomart image is:
[   19.934204] cloud-init[813]: +---[DSA 1024]----+
[   19.934613] cloud-init[813]: |     oo.  .o     |
[   19.935182] cloud-init[813]: |  . o o.E o      |
[   19.935577] cloud-init[813]: |.o + o + +       |
[   19.935852] cloud-init[813]: |o++ + + +        |
[   19.936529] cloud-init[813]: |o.o+ . =S        |
[   19.936974] cloud-init[813]: | o.=  +.+        |
[   19.937363] cloud-init[813]: |  + * .@.        |
[   19.937689] cloud-init[813]: |   + oO.o..      |
[   19.938213] cloud-init[813]: |  ..o.o*oo       |
[   19.938638] cloud-init[813]: +----[SHA256]-----+
[   19.939176] cloud-init[813]: Generating public/private ecdsa key pair.
[   19.939631] cloud-init[813]: Your identification has been saved in /etc/ssh/ssh_host_ecdsa_key.
[   19.946724] cloud-init[813]: Your public key has been saved in /etc/ssh/ssh_host_ecdsa_key.pub.
[   19.947442] cloud-init[813]: The key fingerprint is:
[   19.947746] cloud-init[813]: SHA256:LPpcaWZJnCbgI2QjScwulLi+VfaGSqtKm0VEcjAuAy4 root@ubuntu-bionic
[   19.949323] cloud-init[813]: The key's randomart image is:
[   19.949840] cloud-init[813]: +---[ECDSA 256]---+
[   19.950073] cloud-init[813]: |==oo             |
[   19.950720] cloud-init[813]: |**=              |
[   19.951178] cloud-init[813]: |E++..            |
[   19.952047] cloud-init[813]: |=*.o + o .       |
[   19.952364] cloud-init[813]: |o ..= = S        |
[   19.953125] cloud-init[813]: | ..+ + B o       |
[   19.953341] cloud-init[813]: | .+.+ . B        |
[   19.953549] cloud-init[813]: |..+o o =         |
] Reached target System Initialization.[   19.953693] 
cloud-init[813]: |o+.   o          |
[   19.953797] cloud-init[813]: +----[SHA256]-----+
[[   19.968340] cloud-init[813]: Generating public/private ed25519 key pair.
[0;32m  OK  [0m] Listening on ACPID Listen Socket.
[   19.968457] cloud-init[813]: Your identification has been saved in /etc/ssh/ssh_host_ed25519_key.
[   19.970848] cloud-init[813]: Your public key has been saved in /etc/ssh/ssh_host_ed25519_key.pub.
[[0;32m  OK  [0m] Started Message of the Day.
[   19.971395] cloud-init[813]: The key fingerprint is:
[[0;32m  OK  [0m[   19.985468] cloud-init[813]: SHA256:kTyoLaQEVtfFHVPPzZoz5LyQlfPeCBmcUNLcAebjQQ4 root@ubuntu-bionic
[   19.985767] cloud-init[813]: The key's randomart image is:
[   19.986097] cloud-init[813]: +--[ED25519 256]--+
] Started Daily Cleanup of Temporary Directories.
[   19.986339] cloud-init[813]: |.... .. o.E*B+.. |
[   19.989779] cloud-init[813]: |..  .  + o @+.+o.|
         [   20.000509] cloud-init[813]: |  . . . =   O =oo|
[   20.000702] cloud-init[813]: | . o o   o . @ = |
Starting LXD - unix socket.
[   20.001393] cloud-init[813]: |  . o . S   * B .|
[   20.003055] cloud-init[813]: |     .       o *.|
[[0;32m  OK  [0m] Started Discard unused blocks once a week.
[   20.003592] cloud-init[813]: |              o o|
[[0;32m  OK  [0m] Started ACPI Events Check.
[   20.016882] cloud-init[813]: |                 |
[[0;32m  OK  [0m[   20.029291] cloud-init[813]: |                 |
[   20.029678] cloud-init[813]: +----[SHA256]-----+
] Reached target Paths.
[[0;32m  OK  [0m] Listening on UUID daemon activation socket.
[[0;32m  OK  [0m] Started Daily apt download activities.
[[0;32m  OK  [0m] Started Daily apt upgrade and clean activities.
[[0;32m  OK  [0m] Reached target Timers.
         Starting Socket activation for snappy daemon.
[[0;32m  OK  [0m] Listening on D-Bus System Message Bus Socket.
[[0;32m  OK  [0m] Listening on Open-iSCSI iscsid Socket.
[[0;32m  OK  [0m] Started Availability of block devices.
[[0;32m  OK  [0m] Listening on LXD - unix socket.
[[0;32m  OK  [0m] Listening on Socket activation for snappy daemon.
[[0;32m  OK  [0m] Reached target Sockets.
[[0;32m  OK  [0m] Reached target Basic System.
         Starting Permit User Sessions...
         Starting Pollinate to seed the pseudo random number generator...
[[0;32m  OK  [0m] Started D-Bus System Message Bus.
         Starting LXD - container startup/shutdown...
         Starting Virtualbox guest utils...
[[0;32m  OK  [0m] Started irqbalance daemon.
         Starting LSB: Record successful boot for GRUB...
         Starting Login Service...
[[0;32m  OK  [0m] Started Deferred execution scheduler.
         Starting Dispatcher daemon for systemd-networkd...
         Starting LSB: automatic crash report generation...
         Starting System Logging Service...
[[0;32m  OK  [0m] Started Regular background program processing daemon.
[[0;32m  OK  [0m] Started FUSE filesystem for LXC.
         Starting Snap Daemon...
         Starting Accounts Service...
[[0;32m  OK  [0m] Started System Logging Service.
[[0;32m  OK  [0m] Started Permit User Sessions.
[[0;32m  OK  [0m] Started LXD - container startup/shutdown.
[[0;32m  OK  [0m] Started Login Service.
[[0;32m  OK  [0m] Started Unattended Upgrades Shutdown.
         Starting Terminate Plymouth Boot Screen...
         Starting Hold until boot process finishes up...
[[0;32m  OK  [0m] Started Hold until boot process finishes up.
         Starting Set console scheme...
[[0;32m  OK  [0m] Started Serial Getty on ttyS0.
[[0;32m  OK  [0m] Started Terminate Plymouth Boot Screen.
[[0;32m  OK  [0m] Started Set console scheme.
[[0;32m  OK  [0m] Created slice system-getty.slice.
[[0;32m  OK  [0m] Started Getty on tty1.
[[0;32m  OK  [0m] Reached target Login Prompts.
[[0;32m  OK  [0m] Started LSB: automatic crash report generation.
[[0;32m  OK  [0m] Started LSB: Record successful boot for GRUB.
         Starting Authorization Manager...
[[0;32m  OK  [0m] Started Virtualbox guest utils.
[[0;32m  OK  [0m] Started Authorization Manager.
[[0;32m  OK  [0m] Started Accounts Service.
[[0;32m  OK  [0m] Started Dispatcher daemon for systemd-networkd.
[[0;32m  OK  [0m] Started Snap Daemon.
         Starting Wait until snapd is fully seeded...
[[0;32m  OK  [0m] Started Pollinate to seed the pseudo random number generator.
         Starting OpenBSD Secure Shell server...
[[0;32m  OK  [0m] Started OpenBSD Secure Shell server.
[[0;32m  OK  [0m] Created slice User Slice of vagrant.
         Starting User Manager for UID 1000...
[[0;32m  OK  [0m] Started Session 1 of user vagrant.
[[0;32m  OK  [0m] Started User Manager for UID 1000.
[[0;32m  OK  [0m] Started Wait until snapd is fully seeded.
         Starting Apply the settings specified in cloud-config...
[[0;32m  OK  [0m] Reached target Multi-User System.
[[0;32m  OK  [0m] Reached target Graphical Interface.
         Starting Update UTMP about System Runlevel Changes...
[[0;32m  OK  [0m] Started Update UTMP about System Runlevel Changes.
[   25.204537] cloud-init[1469]: Cloud-init v. 20.3-2-g371b392c-0ubuntu1~18.04.1 running 'modules:config' at Sun, 20 Sep 2020 00:22:41 +0000. Up 24.74 seconds.
[[0;32m  OK  [0m] Started Apply the settings specified in cloud-config.
         Starting Execute cloud user/final scripts...
ci-info: no authorized SSH keys fingerprints found for user ubuntu.
<14>Sep 20 00:22:42 ec2: 
<14>Sep 20 00:22:42 ec2: #############################################################
<14>Sep 20 00:22:42 ec2: -----BEGIN SSH HOST KEY FINGERPRINTS-----
<14>Sep 20 00:22:42 ec2: 1024 SHA256:KgbgmL3Mbbz415itW3sqM1kskdDP6TIhGsl0bkXTFyk root@ubuntu-bionic (DSA)
<14>Sep 20 00:22:42 ec2: 256 SHA256:LPpcaWZJnCbgI2QjScwulLi+VfaGSqtKm0VEcjAuAy4 root@ubuntu-bionic (ECDSA)
<14>Sep 20 00:22:42 ec2: 256 SHA256:kTyoLaQEVtfFHVPPzZoz5LyQlfPeCBmcUNLcAebjQQ4 root@ubuntu-bionic (ED25519)
<14>Sep 20 00:22:42 ec2: 2048 SHA256:+dbXTTcfXdnmYu+XO8VT4BMFHY+c9OZvarCP5P1RtGM root@ubuntu-bionic (RSA)
<14>Sep 20 00:22:42 ec2: -----END SSH HOST KEY FINGERPRINTS-----
<14>Sep 20 00:22:42 ec2: #############################################################
-----BEGIN SSH HOST KEY KEYS-----
ecdsa-sha2-nistp256 AAAAE2VjZHNhLXNoYTItbmlzdHAyNTYAAAAIbmlzdHAyNTYAAABBBIK1rC7f/ZkxJ6JCFK+8bkzdtlScbraCY7jpVu4c7t+gw7hqGHOMvQurUWa6Emth5AFEv67id9wxzXUdc61kx4E= root@ubuntu-bionic
ssh-ed25519 AAAAC3NzaC1lZDI1NTE5AAAAIFv/O4EUXCSFu3I9GAY+dNbAG4+iyktxB1HYERNk1KlM root@ubuntu-bionic
ssh-rsa AAAAB3NzaC1yc2EAAAADAQABAAABAQC7pnPH2b1dGzGTkcTsh8p9JOlaZH+uc3H7nFdeEwTokffOTN/64tker6//0aPNxHgd6IdJT3MTemcaGbaww16j0xYHYrz6ylSMdaNPSzHeu+u2PJuQVWPtEVnHBDLybBiZB8AlD6qm6NqvCrtkRknKQ7nHvctyGLfmfBvrlum+52r3bVyIC1op7GAFHL2kMITjorpK50bn2ROaCdBvrQbdw2PSy7WHsQyXpKlU/T9lnnyAv0bQ823zk7FqeJbaVoeEyW/ZKxdaYikl15z9YC+hC/aNQsVFGiDLjUBhefUk339EdA3C+yPqd+z7zOCrtyowF33KW3UDOQw6Ijkb/Bab root@ubuntu-bionic
-----END SSH HOST KEY KEYS-----
[   26.099615] cloud-init[1619]: Cloud-init v. 20.3-2-g371b392c-0ubuntu1~18.04.1 running 'modules:final' at Sun, 20 Sep 2020 00:22:42 +0000. Up 25.89 seconds.
[   26.100387] cloud-init[1619]: ci-info: no authorized SSH keys fingerprints found for user ubuntu.
[   26.100586] cloud-init[1619]: Cloud-init v. 20.3-2-g371b392c-0ubuntu1~18.04.1 finished at Sun, 20 Sep 2020 00:22:42 +0000. Datasource DataSourceNoCloud [seed=/dev/sdb][dsmode=net].  Up 26.08 seconds

Ubuntu 18.04.5 LTS ubuntu-bionic ttyS0

ubuntu-bionic login: [11024.271744] INFO: rcu_sched detected stalls on CPUs/tasks:
[11024.273387] 	1-...!: (0 ticks this GP) idle=55e/140000000000001/0 softirq=14950/14956 fqs=0 
[11024.275408] 	(detected by 0, t=345622 jiffies, g=4376, c=4375, q=178)
[11024.364341] rcu_sched kthread starved for 345622 jiffies! g4376 c4375 f0x0 RCU_GP_WAIT_FQS(3) ->state=0x402 ->cpu=0
[11024.367341] INFO: rcu_sched detected stalls on CPUs/tasks:
[11024.370212] 	(detected by 0, t=895402 jiffies, g=4376, c=4375, q=188)
[11024.373016] All QSes seen, last rcu_sched kthread activity 895402 (4297648868-4296753466), jiffies_till_next_fqs=1, root ->qsmask 0x0
[11024.376238] rcu_sched kthread starved for 895402 jiffies! g4376 c4375 f0x2 RCU_GP_WAIT_FQS(3) ->state=0x200 ->cpu=0
[46276.575360] INFO: rcu_sched self-detected stall on CPU
[46276.577810] 	0-...!: (1 ticks this GP) idle=076/1/0 softirq=29341/29341 fqs=0 
[46276.582624] INFO: rcu_sched self-detected stall on CPU
[46276.582955] 	 (t=497811 jiffies g=6565 c=6564 q=20)
[46276.582960] rcu_sched kthread starved for 497811 jiffies! g6565 c6564 f0x0 RCU_GP_WAIT_FQS(3) ->state=0x402 ->cpu=0
[46276.999360] 	1-...!: (1 GPs behind) idle=9aa/140000000000001/0 softirq=20414/20415 fqs=0 
[46277.005295] 	 (t=497811 jiffies g=6565 c=6564 q=20)
[46713.371472] watchdog: BUG: soft lockup - CPU#0 stuck for 127s! [apport:2493]
[46713.371576] INFO: rcu_sched self-detected stall on CPU
[46713.375806] 	1-...!: (1 ticks this GP) idle=cf6/140000000000001/0 softirq=21225/21225 fqs=0 
[46713.378239] 	
[46713.378250] rcu_sched kthread starved for 33763 jiffies! g6749 c6748 f0x0 RCU_GP_WAIT_FQS(3) ->state=0x402 ->cpu=0
[46713.382736] INFO: rcu_sched self-detected stall on CPU
[46713.387664] 	0-...!: (2 ticks this GP) idle=922/140000000000001/0 softirq=30051/30051 fqs=0 
[46713.392698] 	 (t=33763 jiffies g=6749 c=6748 q=20)
[51489.891898] INFO: rcu_sched detected stalls on CPUs/tasks:
[51489.896422] 	1-...!: (0 ticks this GP) idle=4ba/140000000000000/0 softirq=22487/22487 fqs=0 
[51489.899961] 	(detected by 0, t=352850 jiffies, g=7002, c=7001, q=12)
[51489.938517] watchdog: BUG: soft lockup - CPU#1 stuck for 3361s! [apport:2583]
[51489.946983] rcu_sched kthread starved for 352850 jiffies! g7002 c7001 f0x2 RCU_GP_WAIT_FQS(3) ->state=0x402 ->cpu=0
[51489.950519] INFO: rcu_sched self-detected stall on CPU
[51489.952435] 	0-...!: (1 GPs behind) idle=f2e/140000000000001/0 softirq=31282/31283 fqs=0 
[51489.956265] 	 (t=549771 jiffies g=7003 c=7002 q=20)
[51489.957052] INFO: rcu_sched detected stalls on CPUs/tasks:
[51489.966528] rcu_sched kthread starved for 549771 jiffies! g7003 c7002 f0x2 RCU_GP_WAIT_FQS(3) ->state=0x0 ->cpu=0
[51489.969498] 	0-...!: (1 GPs behind) idle=f2e/140000000000001/0 softirq=31282/31283 fqs=0 
[51490.048798] 	
[51490.050501] rcu_sched kthread starved for 549771 jiffies! g7003 c7002 f0x2 RCU_GP_WAIT_FQS(3) ->state=0x0 ->cpu=0
[55876.028337] INFO: rcu_sched self-detected stall on CPU
[55876.029775] INFO: rcu_sched detected stalls on CPUs/tasks:
[55876.032757] 	1-...!: (1 ticks this GP) idle=7e2/1/0 softirq=23469/23469 fqs=0 
[55876.037298] 	 (t=193404 jiffies g=7119 c=7118 q=511)
[55876.037459] 	1-...!: (1 ticks this GP) idle=7e2/1/0 softirq=23469/23469 fqs=0 
[55876.044662] rcu_sched kthread starved for 193404 jiffies! g7119 c7118 f0x0 RCU_GP_WAIT_FQS(3) ->state=0x402 ->cpu=1
[55876.046950] 	(detected by 0, t=193404 jiffies, g=7119, c=7118, q=511)
[55876.052820] rcu_sched kthread starved for 193404 jiffies! g7119 c7118 f0x0 RCU_GP_WAIT_FQS(3) ->state=0x0 ->cpu=1
