[    0.000000] Initializing cgroup subsys cpuset
[    0.000000] Initializing cgroup subsys cpu
[    0.000000] Initializing cgroup subsys cpuacct
[    0.000000] Linux version 4.4.0-189-generic (buildd@lgw01-amd64-047) (gcc version 5.4.0 20160609 (Ubuntu 5.4.0-6ubuntu1~16.04.12) ) #219-Ubuntu SMP Tue Aug 11 12:26:50 UTC 2020 (Ubuntu 4.4.0-189.219-generic 4.4.232)
[    0.000000] Command line: BOOT_IMAGE=/boot/vmlinuz-4.4.0-189-generic root=LABEL=cloudimg-rootfs ro console=tty1 console=ttyS0
[    0.000000] KERNEL supported cpus:
[    0.000000]   Intel GenuineIntel
[    0.000000]   AMD AuthenticAMD
[    0.000000]   Centaur CentaurHauls
[    0.000000] x86/fpu: xstate_offset[2]:  576, xstate_sizes[2]:  256
[    0.000000] x86/fpu: Supporting XSAVE feature 0x01: 'x87 floating point registers'
[    0.000000] x86/fpu: Supporting XSAVE feature 0x02: 'SSE registers'
[    0.000000] x86/fpu: Supporting XSAVE feature 0x04: 'AVX registers'
[    0.000000] x86/fpu: Enabled xstate features 0x7, context size is 832 bytes, using 'standard' format.
[    0.000000] e820: BIOS-provided physical RAM map:
[    0.000000] BIOS-e820: [mem 0x0000000000000000-0x000000000009fbff] usable
[    0.000000] BIOS-e820: [mem 0x000000000009fc00-0x000000000009ffff] reserved
[    0.000000] BIOS-e820: [mem 0x00000000000f0000-0x00000000000fffff] reserved
[    0.000000] BIOS-e820: [mem 0x0000000000100000-0x000000003ffeffff] usable
[    0.000000] BIOS-e820: [mem 0x000000003fff0000-0x000000003fffffff] ACPI data
[    0.000000] BIOS-e820: [mem 0x00000000fec00000-0x00000000fec00fff] reserved
[    0.000000] BIOS-e820: [mem 0x00000000fee00000-0x00000000fee00fff] reserved
[    0.000000] BIOS-e820: [mem 0x00000000fffc0000-0x00000000ffffffff] reserved
[    0.000000] NX (Execute Disable) protection: active
[    0.000000] SMBIOS 2.5 present.
[    0.000000] Hypervisor detected: KVM
[    0.000000] e820: last_pfn = 0x3fff0 max_arch_pfn = 0x400000000
[    0.000000] MTRR: Disabled
[    0.000000] x86/PAT: MTRRs disabled, skipping PAT initialization too.
[    0.000000] CPU MTRRs all blank - virtualized system.
[    0.000000] x86/PAT: Configuration [0-7]: WB  WT  UC- UC  WB  WT  UC- UC  
[    0.000000] found SMP MP-table at [mem 0x0009fff0-0x0009ffff] mapped at [ffff88000009fff0]
[    0.000000] Scanning 1 areas for low memory corruption
[    0.000000] RAMDISK: [mem 0x362e2000-0x37168fff]
[    0.000000] ACPI: Early table checksum verification disabled
[    0.000000] ACPI: RSDP 0x00000000000E0000 000024 (v02 VBOX  )
[    0.000000] ACPI: XSDT 0x000000003FFF0030 00003C (v01 VBOX   VBOXXSDT 00000001 ASL  00000061)
[    0.000000] ACPI: FACP 0x000000003FFF00F0 0000F4 (v04 VBOX   VBOXFACP 00000001 ASL  00000061)
[    0.000000] ACPI: DSDT 0x000000003FFF0470 002325 (v02 VBOX   VBOXBIOS 00000002 INTL 20100528)
[    0.000000] ACPI: FACS 0x000000003FFF0200 000040
[    0.000000] ACPI: FACS 0x000000003FFF0200 000040
[    0.000000] ACPI: APIC 0x000000003FFF0240 00005C (v02 VBOX   VBOXAPIC 00000001 ASL  00000061)
[    0.000000] ACPI: SSDT 0x000000003FFF02A0 0001CC (v01 VBOX   VBOXCPUT 00000002 INTL 20100528)
[    0.000000] No NUMA configuration found
[    0.000000] Faking a node at [mem 0x0000000000000000-0x000000003ffeffff]
[    0.000000] NODE_DATA(0) allocated [mem 0x3ffeb000-0x3ffeffff]
[    0.000000] kvm-clock: Using msrs 4b564d01 and 4b564d00
[    0.000000] kvm-clock: cpu 0, msr 0:3ffe3001, primary cpu clock
[    0.000000] kvm-clock: using sched offset of 4205878510 cycles
[    0.000000] clocksource: kvm-clock: mask: 0xffffffffffffffff max_cycles: 0x1cd42e4dffb, max_idle_ns: 881590591483 ns
[    0.000000] Zone ranges:
[    0.000000]   DMA      [mem 0x0000000000001000-0x0000000000ffffff]
[    0.000000]   DMA32    [mem 0x0000000001000000-0x000000003ffeffff]
[    0.000000]   Normal   empty
[    0.000000]   Device   empty
[    0.000000] Movable zone start for each node
[    0.000000] Early memory node ranges
[    0.000000]   node   0: [mem 0x0000000000001000-0x000000000009efff]
[    0.000000]   node   0: [mem 0x0000000000100000-0x000000003ffeffff]
[    0.000000] Initmem setup node 0 [mem 0x0000000000001000-0x000000003ffeffff]
[    0.000000] ACPI: PM-Timer IO Port: 0x4008
[    0.000000] IOAPIC[0]: apic_id 2, version 32, address 0xfec00000, GSI 0-23
[    0.000000] ACPI: INT_SRC_OVR (bus 0 bus_irq 0 global_irq 2 dfl dfl)
[    0.000000] ACPI: INT_SRC_OVR (bus 0 bus_irq 9 global_irq 9 low level)
[    0.000000] Using ACPI (MADT) for SMP configuration information
[    0.000000] smpboot: Allowing 2 CPUs, 0 hotplug CPUs
[    0.000000] PM: Registered nosave memory: [mem 0x00000000-0x00000fff]
[    0.000000] PM: Registered nosave memory: [mem 0x0009f000-0x0009ffff]
[    0.000000] PM: Registered nosave memory: [mem 0x000a0000-0x000effff]
[    0.000000] PM: Registered nosave memory: [mem 0x000f0000-0x000fffff]
[    0.000000] e820: [mem 0x40000000-0xfebfffff] available for PCI devices
[    0.000000] Booting paravirtualized kernel on KVM
[    0.000000] clocksource: refined-jiffies: mask: 0xffffffff max_cycles: 0xffffffff, max_idle_ns: 7645519600211568 ns
[    0.000000] setup_percpu: NR_CPUS:512 nr_cpumask_bits:512 nr_cpu_ids:2 nr_node_ids:1
[    0.000000] PERCPU: Embedded 33 pages/cpu @ffff88003fc00000 s95512 r8192 d31464 u1048576
[    0.000000] Built 1 zonelists in Node order, mobility grouping on.  Total pages: 257912
[    0.000000] Policy zone: DMA32
[    0.000000] Kernel command line: BOOT_IMAGE=/boot/vmlinuz-4.4.0-189-generic root=LABEL=cloudimg-rootfs ro console=tty1 console=ttyS0
[    0.000000] PID hash table entries: 4096 (order: 3, 32768 bytes)
[    0.000000] Memory: 997668K/1048120K available (8636K kernel code, 1337K rwdata, 4040K rodata, 1492K init, 1296K bss, 50452K reserved, 0K cma-reserved)
[    0.000000] SLUB: HWalign=64, Order=0-3, MinObjects=0, CPUs=2, Nodes=1
[    0.000000] Kernel/User page tables isolation: enabled
[    0.000000] Hierarchical RCU implementation.
[    0.000000] 	Build-time adjustment of leaf fanout to 64.
[    0.000000] 	RCU restricting CPUs from NR_CPUS=512 to nr_cpu_ids=2.
[    0.000000] RCU: Adjusting geometry for rcu_fanout_leaf=64, nr_cpu_ids=2
[    0.000000] NR_IRQS:33024 nr_irqs:440 16
[    0.000000] Console: colour VGA+ 80x25
[    0.000000] console [tty1] enabled
[    0.000000] console [ttyS0] enabled
[    0.000000] tsc: Detected 2112.006 MHz processor
[    0.286478] Calibrating delay loop (skipped) preset value.. 4224.01 BogoMIPS (lpj=8448024)
[    0.295807] pid_max: default: 32768 minimum: 301
[    0.298325] ACPI: Core revision 20150930
[    0.302954] ACPI: 2 ACPI AML tables successfully acquired and loaded
[    0.305566] Security Framework initialized
[    0.307780] Yama: becoming mindful.
[    0.309722] AppArmor: AppArmor initialized
[    0.311255] Dentry cache hash table entries: 131072 (order: 8, 1048576 bytes)
[    0.318665] Inode-cache hash table entries: 65536 (order: 7, 524288 bytes)
[    0.322855] Mount-cache hash table entries: 2048 (order: 2, 16384 bytes)
[    0.327874] Mountpoint-cache hash table entries: 2048 (order: 2, 16384 bytes)
[    0.331796] Initializing cgroup subsys io
[    0.333336] Initializing cgroup subsys memory
[    0.334910] Initializing cgroup subsys devices
[    0.336579] Initializing cgroup subsys freezer
[    0.339638] Initializing cgroup subsys net_cls
[    0.342065] Initializing cgroup subsys perf_event
[    0.343988] Initializing cgroup subsys net_prio
[    0.345820] Initializing cgroup subsys hugetlb
[    0.347717] Initializing cgroup subsys pids
[    0.351195] mce: CPU supports 0 MCE banks
[    0.353078] Last level iTLB entries: 4KB 64, 2MB 8, 4MB 8
[    0.356315] Last level dTLB entries: 4KB 64, 2MB 0, 4MB 0, 1GB 4
[    0.359032] Spectre V1 : Mitigation: usercopy/swapgs barriers and __user pointer sanitization
[    0.362476] Spectre V2 : Mitigation: Full generic retpoline
[    0.364442] Spectre V2 : Spectre v2 / SpectreRSB mitigation: Filling RSB on context switch
[    0.367839] Speculative Store Bypass: Vulnerable
[    0.370218] SRBDS: Unknown: Dependent on hypervisor status
[    0.373248] MDS: Mitigation: Clear CPU buffers
[    0.382262] Freeing SMP alternatives memory: 36K
[    0.398402] ftrace: allocating 32336 entries in 127 pages
[    0.526478] smpboot: APIC(0) Converting physical 0 to logical package 0
[    0.529436] smpboot: Max logical packages: 1
[    0.532281] x2apic enabled
[    0.534794] Switched APIC routing to physical x2apic.
[    0.541616] ..TIMER: vector=0x30 apic1=0 pin1=2 apic2=-1 pin2=-1
[    0.653520] smpboot: CPU0: Intel(R) Core(TM) i7-8650U CPU @ 1.90GHz (family: 0x6, model: 0x8e, stepping: 0xa)
[    0.659265] Performance Events: unsupported p6 CPU model 142 no PMU driver, software events only.
[    0.679833] KVM setup paravirtual spinlock
[    0.682285] x86: Booting SMP configuration:
[    0.683869] .... node  #0, CPUs:      #1
[    0.685494] kvm-clock: cpu 1, msr 0:3ffe3041, secondary cpu clock
[    0.688345] mce: CPU supports 0 MCE banks
[    0.691750] x86: Booted up 1 node, 2 CPUs
[    0.694878] smpboot: Total of 2 processors activated (8448.02 BogoMIPS)
[    0.698325] devtmpfs: initialized
[    0.701962] evm: security.selinux
[    0.703350] evm: security.SMACK64
[    0.704919] evm: security.SMACK64EXEC
[    0.706664] evm: security.SMACK64TRANSMUTE
[    0.708359] evm: security.SMACK64MMAP
[    0.709926] evm: security.ima
[    0.711624] evm: security.capability
[    0.714011] clocksource: jiffies: mask: 0xffffffff max_cycles: 0xffffffff, max_idle_ns: 7645041785100000 ns
[    0.717482] futex hash table entries: 512 (order: 3, 32768 bytes)
[    0.719844] pinctrl core: initialized pinctrl subsystem
[    0.722184] RTC time: 21:08:36, date: 09/19/20
[    0.724880] NET: Registered protocol family 16
[    0.738578] cpuidle: using governor ladder
[    0.750299] cpuidle: using governor menu
[    0.751797] PCCT header not found.
[    0.753288] ACPI: bus type PCI registered
[    0.754981] acpiphp: ACPI Hot Plug PCI Controller Driver version: 0.5
[    0.757584] PCI: Using configuration type 1 for base access
[    0.773144] ACPI: Added _OSI(Module Device)
[    0.775321] ACPI: Added _OSI(Processor Device)
[    0.777188] ACPI: Added _OSI(3.0 _SCP Extensions)
[    0.778982] ACPI: Added _OSI(Processor Aggregator Device)
[    0.781892] ACPI: Executed 1 blocks of module-level executable AML code
[    0.788142] ACPI: Interpreter enabled
[    0.790885] ACPI: (supports S0 S5)
[    0.792517] ACPI: Using IOAPIC for interrupt routing
[    0.794548] PCI: Using host bridge windows from ACPI; if necessary, use "pci=nocrs" and report a bug
[    0.803323] ACPI: PCI Root Bridge [PCI0] (domain 0000 [bus 00-ff])
[    0.806168] acpi PNP0A03:00: _OSC: OS supports [ASPM ClockPM Segments MSI]
[    0.809896] acpi PNP0A03:00: _OSC: not requesting OS control; OS requires [ExtendedConfig ASPM ClockPM MSI]
[    0.814183] acpi PNP0A03:00: fail to add MMCONFIG information, can't access extended PCI configuration space under this bridge.
[    0.818610] PCI host bridge to bus 0000:00
[    0.820207] pci_bus 0000:00: root bus resource [io  0x0000-0x0cf7 window]
[    0.822839] pci_bus 0000:00: root bus resource [io  0x0d00-0xffff window]
[    0.826319] pci_bus 0000:00: root bus resource [mem 0x000a0000-0x000bffff window]
[    0.830921] pci_bus 0000:00: root bus resource [mem 0x40000000-0xfdffffff window]
[    0.835129] pci_bus 0000:00: root bus resource [bus 00-ff]
[    0.846127] pci 0000:00:01.1: legacy IDE quirk: reg 0x10: [io  0x01f0-0x01f7]
[    0.850053] pci 0000:00:01.1: legacy IDE quirk: reg 0x14: [io  0x03f6]
[    0.854018] pci 0000:00:01.1: legacy IDE quirk: reg 0x18: [io  0x0170-0x0177]
[    0.886917] pci 0000:00:01.1: legacy IDE quirk: reg 0x1c: [io  0x0376]
[    0.908376] pci 0000:00:07.0: quirk: [io  0x4000-0x403f] claimed by PIIX4 ACPI
[    0.911361] pci 0000:00:07.0: quirk: [io  0x4100-0x410f] claimed by PIIX4 SMB
[    0.927439] ACPI: PCI Interrupt Link [LNKA] (IRQs 5 9 10 *11)
[    0.930625] ACPI: PCI Interrupt Link [LNKB] (IRQs 5 9 *10 11)
[    0.933351] ACPI: PCI Interrupt Link [LNKC] (IRQs 5 *9 10 11)
[    0.936118] ACPI: PCI Interrupt Link [LNKD] (IRQs 5 9 10 *11)
[    0.939423] ACPI: Enabled 2 GPEs in block 00 to 07
[    0.942097] vgaarb: setting as boot device: PCI:0000:00:02.0
[    0.944074] vgaarb: device added: PCI:0000:00:02.0,decodes=io+mem,owns=io+mem,locks=none
[    0.946970] vgaarb: loaded
[    0.948156] vgaarb: bridge control possible 0000:00:02.0
[    0.950397] SCSI subsystem initialized
[    0.952086] ACPI: bus type USB registered
[    0.953901] usbcore: registered new interface driver usbfs
[    0.957212] usbcore: registered new interface driver hub
[    0.959335] usbcore: registered new device driver usb
[    0.961520] PCI: Using ACPI for IRQ routing
[    0.967146] NetLabel: Initializing
[    0.968506] NetLabel:  domain hash size = 128
[    0.970104] NetLabel:  protocols = UNLABELED CIPSOv4
[    0.972669] NetLabel:  unlabeled traffic allowed by default
[    0.975729] amd_nb: Cannot enumerate AMD northbridges
[    0.977600] clocksource: Switched to clocksource kvm-clock
[    0.995930] AppArmor: AppArmor Filesystem Enabled
[    0.997664] pnp: PnP ACPI init
[    1.000389] pnp: PnP ACPI: found 3 devices
[    1.017961] clocksource: acpi_pm: mask: 0xffffff max_cycles: 0xffffff, max_idle_ns: 2085701024 ns
[    1.023284] NET: Registered protocol family 2
[    1.026574] TCP established hash table entries: 8192 (order: 4, 65536 bytes)
[    1.028902] TCP bind hash table entries: 8192 (order: 5, 131072 bytes)
[    1.031639] TCP: Hash tables configured (established 8192 bind 8192)
[    1.034803] UDP hash table entries: 512 (order: 2, 16384 bytes)
[    1.037377] UDP-Lite hash table entries: 512 (order: 2, 16384 bytes)
[    1.040875] NET: Registered protocol family 1
[    1.042621] pci 0000:00:00.0: Limiting direct PCI/PCI transfers
[    1.044867] pci 0000:00:01.0: Activating ISA DMA hang workarounds
[    1.047186] Unpacking initramfs...
[    1.409937] Freeing initrd memory: 14876K
[    1.412313] clocksource: tsc: mask: 0xffffffffffffffff max_cycles: 0x1e717e40680, max_idle_ns: 440795297614 ns
[    1.416786] platform rtc_cmos: registered platform RTC device (no PNP device found)
[    1.419713] Scanning for low memory corruption every 60 seconds
[    1.423539] audit: initializing netlink subsys (disabled)
[    1.425554] audit: type=2000 audit(1600549722.537:1): initialized
[    1.427883] Initialise system trusted keyring
[    1.429813] HugeTLB registered 2 MB page size, pre-allocated 0 pages
[    1.433931] zbud: loaded
[    1.435844] VFS: Disk quotas dquot_6.6.0
[    1.437351] VFS: Dquot-cache hash table entries: 512 (order 0, 4096 bytes)
[    1.440725] squashfs: version 4.0 (2009/01/31) Phillip Lougher
[    1.443278] fuse init (API version 7.23)
[    1.445025] Key type big_key registered
[    1.446562] Allocating IMA MOK and blacklist keyrings.
[    1.452203] Key type asymmetric registered
[    1.453687] Asymmetric key parser 'x509' registered
[    1.456082] Block layer SCSI generic (bsg) driver version 0.4 loaded (major 249)
[    1.459314] io scheduler noop registered
[    1.460850] io scheduler deadline registered (default)
[    1.462687] io scheduler cfq registered
[    1.464219] pci_hotplug: PCI Hot Plug PCI Core version: 0.5
[    1.466196] pciehp: PCI Express Hot Plug Controller Driver version: 0.4
[    1.468428] ACPI: AC Adapter [AC] (on-line)
[    1.470060] input: Power Button as /devices/LNXSYSTM:00/LNXPWRBN:00/input/input0
[    1.473514] ACPI: Power Button [PWRF]
[    1.475300] input: Sleep Button as /devices/LNXSYSTM:00/LNXSLPBN:00/input/input1
[    1.478240] ACPI: Sleep Button [SLPF]
[    1.480198] GHES: HEST is not enabled!
[    1.481524] ACPI: Battery Slot [BAT0] (battery present)
[    1.484287] Serial: 8250/16550 driver, 32 ports, IRQ sharing enabled
[    1.510539] 00:02: ttyS0 at I/O 0x3f8 (irq = 4, base_baud = 115200) is a 16550A
[    1.519774] Linux agpgart interface v0.103
[    1.525893] loop: module loaded
[    1.528091] scsi host0: ata_piix
[    1.530005] scsi host1: ata_piix
[    1.531364] ata1: PATA max UDMA/33 cmd 0x1f0 ctl 0x3f6 bmdma 0xd000 irq 14
[    1.533499] ata2: PATA max UDMA/33 cmd 0x170 ctl 0x376 bmdma 0xd008 irq 15
[    1.536171] libphy: Fixed MDIO Bus: probed
[    1.538060] tun: Universal TUN/TAP device driver, 1.6
[    1.540382] tun: (C) 1999-2004 Max Krasnyansky <maxk@qualcomm.com>
[    1.542882] PPP generic driver version 2.4.2
[    1.544655] ehci_hcd: USB 2.0 'Enhanced' Host Controller (EHCI) Driver
[    1.546664] ehci-pci: EHCI PCI platform driver
[    1.548102] ehci-platform: EHCI generic platform driver
[    1.549772] ohci_hcd: USB 1.1 'Open' Host Controller (OHCI) Driver
[    1.551710] ohci-pci: OHCI PCI platform driver
[    1.553215] ohci-platform: OHCI generic platform driver
[    1.555509] uhci_hcd: USB Universal Host Controller Interface driver
[    1.559527] i8042: PNP: PS/2 Controller [PNP0303:PS2K,PNP0f03:PS2M] at 0x60,0x64 irq 1,12
[    1.564278] serio: i8042 KBD port at 0x60,0x64 irq 1
[    1.567020] serio: i8042 AUX port at 0x60,0x64 irq 12
[    1.569164] mousedev: PS/2 mouse device common for all mice
[    1.573493] input: AT Translated Set 2 keyboard as /devices/platform/i8042/serio0/input/input2
[    1.578169] rtc_cmos rtc_cmos: rtc core: registered rtc_cmos as rtc0
[    1.580951] rtc_cmos rtc_cmos: alarms up to one day, 114 bytes nvram
[    1.583637] i2c /dev entries driver
[    1.585703] device-mapper: uevent: version 1.0.3
[    1.609730] device-mapper: ioctl: 4.34.0-ioctl (2015-10-28) initialised: dm-devel@redhat.com
[    1.615181] ledtrig-cpu: registered to indicate activity on CPUs
[    1.627567] NET: Registered protocol family 10
[    1.630328] NET: Registered protocol family 17
[    1.632814] Key type dns_resolver registered
[    1.635476] registered taskstats version 1
[    1.637890] Loading compiled-in X.509 certificates
[    1.647008] Loaded X.509 cert 'Build time autogenerated kernel key: 06f0812676e66a24038557b34a5a5205bffb6390'
[    1.651887] zswap: loaded using pool lzo/zbud
[    1.661254] Key type trusted registered
[    1.669415] Key type encrypted registered
[    1.671830] AppArmor: AppArmor sha1 policy hashing enabled
[    1.674624] ima: No TPM chip found, activating TPM-bypass!
[    1.676842] ima: Allocated hash algorithm: sha1
[    1.679324] evm: HMAC attrs: 0x1
[    1.682763]   Magic number: 4:739:146
[    1.685009] rtc_cmos rtc_cmos: setting system clock to 2020-09-19 21:08:37 UTC (1600549717)
[    1.694065] BIOS EDD facility v0.16 2004-Jun-25, 0 devices found
[    1.697193] EDD information not available.
[    1.718368] Freeing unused kernel memory: 1492K
[    1.729691] Write protecting the kernel read-only data: 14336k
[    1.732985] Freeing unused kernel memory: 1592K
[    1.735596] Freeing unused kernel memory: 56K
Loading, please wait...
starting version 229
[    1.766212] random: systemd-udevd: uninitialized urandom read (16 bytes read, 5 bits of entropy available)
[    1.767450] random: udevadm: uninitialized urandom read (16 bytes read, 5 bits of entropy available)
[    1.767474] random: udevadm: uninitialized urandom read (16 bytes read, 5 bits of entropy available)
[    1.778219] random: systemd-udevd: uninitialized urandom read (16 bytes read, 5 bits of entropy available)
[    1.781743] random: systemd-udevd: uninitialized urandom read (16 bytes read, 5 bits of entropy available)
[    1.782930] random: udevadm: uninitialized urandom read (16 bytes read, 5 bits of entropy available)
[    1.782988] random: udevadm: uninitialized urandom read (16 bytes read, 5 bits of entropy available)
[    1.783185] random: udevadm: uninitialized urandom read (16 bytes read, 5 bits of entropy available)
[    1.783261] random: udevadm: uninitialized urandom read (16 bytes read, 5 bits of entropy available)
[    1.783331] random: udevadm: uninitialized urandom read (16 bytes read, 5 bits of entropy available)
[    1.877594] e1000: Intel(R) PRO/1000 Network Driver - version 7.3.21-k8-NAPI
[    1.881217] e1000: Copyright (c) 1999-2006 Intel Corporation.
[    1.884026] Fusion MPT base driver 3.04.20
[    1.885590] Copyright (c) 1999-2008 LSI Corporation
[    1.907047] Fusion MPT SPI Host driver 3.04.20
[    1.932701] AVX2 version of gcm_enc/dec engaged.
[    1.934454] AES CTR mode by8 optimization enabled
[    2.102511] input: ImExPS/2 Generic Explorer Mouse as /devices/platform/i8042/serio1/input/input4
[    2.429421] e1000 0000:00:03.0 eth0: (PCI:33MHz:32-bit) 02:ca:72:46:a7:87
[    2.432467] e1000 0000:00:03.0 eth0: Intel(R) PRO/1000 Network Connection
[    2.994034] e1000 0000:00:08.0 eth1: (PCI:33MHz:32-bit) 08:00:27:60:5f:43
[    2.996187] e1000 0000:00:08.0 eth1: Intel(R) PRO/1000 Network Connection
[    3.000309] e1000 0000:00:03.0 enp0s3: renamed from eth0
[    3.002389] mptbase: ioc0: Initiating bringup
[    3.010575] e1000 0000:00:08.0 enp0s8: renamed from eth1
[    3.415866] ioc0: LSI53C1030 A0: Capabilities={Initiator}
[    5.475643] scsi host2: ioc0: LSI53C1030 A0, FwRev=00000000h, Ports=1, MaxQ=256, IRQ=20
[    7.784724] scsi 2:0:0:0: Direct-Access     VBOX     HARDDISK         1.0  PQ: 0 ANSI: 5
[    7.788551] scsi target2:0:0: Beginning Domain Validation
[    7.793271] scsi target2:0:0: Domain Validation skipping write tests
[    7.795131] scsi target2:0:0: Ending Domain Validation
[    7.796757] scsi target2:0:0: asynchronous
[    7.799394] scsi 2:0:1:0: Direct-Access     VBOX     HARDDISK         1.0  PQ: 0 ANSI: 5
[    7.817565] scsi target2:0:1: Beginning Domain Validation
[    7.822099] scsi target2:0:1: Domain Validation skipping write tests
[    7.824044] scsi target2:0:1: Ending Domain Validation
[    7.825823] scsi target2:0:1: asynchronous
[    7.838281] sd 2:0:0:0: [sda] 20971520 512-byte logical blocks: (10.7 GB/10.0 GiB)
[    7.840743] sd 2:0:0:0: Attached scsi generic sg0 type 0
[    7.842804] sd 2:0:0:0: [sda] Write Protect is off
[    7.844352] sd 2:0:1:0: [sdb] 20480 512-byte logical blocks: (10.5 MB/10.0 MiB)
[    7.846827] sd 2:0:1:0: Attached scsi generic sg1 type 0
[    7.848747] sd 2:0:1:0: [sdb] Write Protect is off
[    7.848838] sd 2:0:0:0: [sda] Incomplete mode parameter data
[    7.848840] sd 2:0:0:0: [sda] Assuming drive cache: write through
[    7.855109] sd 2:0:1:0: [sdb] Incomplete mode parameter data
[    7.857169] sd 2:0:1:0: [sdb] Assuming drive cache: write through
[    7.870988]  sda: sda1
[    7.872225] sd 2:0:1:0: [sdb] Attached SCSI disk
[    7.876317] sd 2:0:0:0: [sda] Attached SCSI disk
Begin: Loading essential drivers ... [    9.569411] md: linear personality registered for level -1
[    9.578566] md: multipath personality registered for level -4
[    9.583961] md: raid0 personality registered for level 0
[    9.594811] md: raid1 personality registered for level 1
[    9.670483] raid6: sse2x1   gen()  7132 MB/s
[    9.742451] raid6: sse2x1   xor()  5655 MB/s
[    9.809843] raid6: sse2x2   gen()  7886 MB/s
[    9.877652] raid6: sse2x2   xor()  5017 MB/s
[    9.945980] raid6: sse2x4   gen() 10250 MB/s
[   10.014273] raid6: sse2x4   xor()  6404 MB/s
[   10.081690] raid6: avx2x1   gen() 12548 MB/s
[   10.149846] raid6: avx2x2   gen() 17301 MB/s
[   10.217672] raid6: avx2x4   gen() 14827 MB/s
[   10.220074] raid6: using algorithm avx2x2 gen() 17301 MB/s
[   10.222429] raid6: using avx2x2 recovery algorithm
[   10.226335] xor: automatically using best checksumming function:
[   10.265958]    avx       : 17077.000 MB/sec
[   10.270584] async_tx: api initialized (async)
[   10.295867] md: raid6 personality registered for level 6
[   10.297744] md: raid5 personality registered for level 5
[   10.299567] md: raid4 personality registered for level 4
[   10.311533] md: raid10 personality registered for level 10
done.
Begin: Running /scripts/init-premount ... done.
Begin: Mounting root file system ... Begin: Running /scripts/local-top ... done.
Begin: Running /scripts/local-premount ... [   10.373252] Btrfs loaded
Scanning for Btrfs filesystems
done.
Warning: fsck not present, so skipping root file system
[   10.427797] EXT4-fs (sda1): mounted filesystem with ordered data mode. Opts: (null)
done.
Begin: Running /scripts/local-bottom ... done.
Begin: Running /scripts/init-bottom ... done.
[   10.576824] systemd[1]: systemd 229 running in system mode. (+PAM +AUDIT +SELINUX +IMA +APPARMOR +SMACK +SYSVINIT +UTMP +LIBCRYPTSETUP +GCRYPT +GNUTLS +ACL +XZ -LZ4 +SECCOMP +BLKID +ELFUTILS +KMOD -IDN)
[   10.584295] systemd[1]: Detected virtualization oracle.
[   10.587064] systemd[1]: Detected architecture x86-64.

Welcome to [1mUbuntu 16.04.7 LTS[0m!

[   10.592706] systemd[1]: Set hostname to <ubuntu>.
[   10.597948] systemd[1]: Initializing machine ID from random generator.
[   10.600841] systemd[1]: Installed transient /etc/machine-id file.
[   10.839301] systemd[1]: Set up automount Arbitrary Executable File Formats File System Automount Point.
[[0;32m  OK  [0m] Set up automount Arbitrary Executab...ats File System Automount Point.
[   10.850341] systemd[1]: Created slice System Slice.
[[0;32m  OK  [0m] Created slice System Slice.
[   10.862537] systemd[1]: Listening on LVM2 metadata daemon socket.
[[0;32m  OK  [0m] Listening on LVM2 metadata daemon socket.
[   10.870463] systemd[1]: Reached target User and Group Name Lookups.
[[0;32m  OK  [0m] Reached target User and Group Name Lookups.
[   10.874192] systemd[1]: Listening on udev Kernel Socket.
[[0;32m  OK  [0m] Listening on udev Kernel Socket.
[   10.877388] systemd[1]: Listening on Device-mapper event daemon FIFOs.
[[0;32m  OK  [0m] Listening on Device-mapper event daemon FIFOs.
[   10.881115] systemd[1]: Listening on udev Control Socket.
[[0;32m  OK  [0m] Listening on udev Control Socket.
[   10.884477] systemd[1]: Listening on /dev/initctl Compatibility Named Pipe.
[[0;32m  OK  [0m] Listening on /dev/initctl Compatibility Named Pipe.
[   10.889943] systemd[1]: Listening on LVM2 poll daemon socket.
[[0;32m  OK  [0m] Listening on LVM2 poll daemon socket.
[   10.899049] systemd[1]: Started Trigger resolvconf update for networkd DNS.
[[0;32m  OK  [0m] Started Trigger resolvconf update for networkd DNS.
[   10.902985] systemd[1]: Reached target Swap.
[[0;32m  OK  [0m] Reached target Swap.
[   10.905931] systemd[1]: Started Forward Password Requests to Wall Directory Watch.
[[0;32m  OK  [0m] Started Forward Password Requests to Wall Directory Watch.
[   10.911094] systemd[1]: Listening on Journal Audit Socket.
[[0;32m  OK  [0m] Listening on Journal Audit Socket.
[   10.914500] systemd[1]: Created slice User and Session Slice.
[[0;32m  OK  [0m] Created slice User and Session Slice.
[   10.922451] systemd[1]: Reached target System Time Synchronized.
[[0;32m  OK  [0m] Reached target System Time Synchronized.
[   10.930346] systemd[1]: Created slice system-serial\x2dgetty.slice.
[[0;32m  OK  [0m] Created slice system-serial\x2dgetty.slice.
[   10.933570] systemd[1]: Listening on Journal Socket.
[[0;32m  OK  [0m] Listening on Journal Socket.
[   10.955748] systemd[1]: Starting Set console keymap...
         Starting Set console keymap...
[   10.961958] systemd[1]: Starting Create list of required static device nodes for the current kernel...
         Starting Create list of required st... nodes for the current kernel...
[   10.971764] systemd[1]: Mounting Debug File System...
         Mounting Debug File System...
[   10.978258] systemd[1]: Starting Load Kernel Modules...
         Starting Load Kernel Modules...
[   10.983043] systemd[1]: Starting Remount Root and Kernel File Systems...
         Starting Remount Root and Kernel File Systems...
[   10.989148] Loading iSCSI transport class v2.0-870.
[   10.989905] systemd[1]: Starting Nameserver information manager...
         Starting Nameserver information manager...
[   10.995172] systemd[1]: Starting Uncomplicated firewall...
         Starting Uncomplicated firewall...
[   10.999205] EXT4-fs (sda1): re-mounted. Opts: (null)
[   11.000106] systemd[1]: Mounting POSIX Message Queue File System...
         Mounting POSIX Message Queue File System...
[   11.006921] systemd[1]: Mounting Huge Pages File System...
         Mounting Huge Pages File System...
[   11.014424] systemd[1]: Listening on Journal Socket (/dev/log).
[[0;32m  OK  [0m] Listening on Journal Socket (/dev/log).
[   11.019947] systemd[1]: Reached target Encrypted Volumes.
[   11.025259] iscsi: registered transport (tcp)
[[0;32m  OK  [0m] Reached target Encrypted Volumes.
[   11.028180] systemd[1]: Listening on Syslog Socket.
[[0;32m  OK  [0m] Listening on Syslog Socket.
[   11.031795] systemd[1]: Starting Journal Service...
         Starting Journal Service...
[   11.042007] systemd[1]: Starting Monitoring of LVM2 mirrors, snapshots etc. using dmeventd or progress polling...
         Starting Monitoring of LVM2 mirrors... dmeventd or progress polling...
[   11.056240] systemd[1]: Reached target Slices.
[[0;32m  OK  [0m] Reached target Slices.
[   11.061195] systemd[1]: Mounted Debug File System.
[[0;32m  OK  [0m] Mounted Debug File System.
[   11.063865] systemd[1]: Mounted Huge Pages File System.
[[0;32m  OK  [0m] Mounted Huge Pages File System.
[   11.074034] systemd[1]: Mounted POSIX Message Queue File System.
[[0;32m  OK  [0m] Mounted POSIX Message Queue File System.
[   11.078930] systemd[1]: Started Create list of required static device nodes for the current kernel.
[[0;32m  OK  [0m] Started Create list of required sta...ce nodes for the current kernel.
[   11.090655] systemd[1]: Started Remount Root and Kernel File Systems.
[[0;32m  OK  [0m] Started Remount Root and Kernel File Systems.
[   11.127040] systemd[1]: Started Set console keymap.
[[0;32m  OK  [0m] Started Set console keymap.
[   11.132616] systemd[1]: Started Uncomplicated firewall.
[[0;32m  OK  [0m] Started Uncomplicated firewall.
[   11.140277] systemd[1]: Started Journal Service.
[[0;32m  OK  [0m] Started Journal Service.
[[0;32m  OK  [0m] Started Nameserver information manager.
[   11.153938] iscsi: registered transport (iser)
[[0;32m  OK  [0m] Started LVM2 metadata daemon.
         Starting Flush Journal to Persistent Storage...
         Starting udev Coldplug all Devices...
         Starting Load/Save Random Seed...
         Starting Create Static Device Nodes in /dev...
[[0;32m  OK  [0m] Started Load Kernel Modules.
[   11.191229] random: nonblocking pool is initialized
[[0;32m  OK  [0m] Started Load/Save Random Seed.
         Mounting FUSE Control File System...
         Starting Apply Kernel Variables...
[[0;32m  OK  [0m] Mounted FUSE Control File System.
[[0;32m  OK  [0m] Started Create Static Device Nodes in /dev.
[[0;32m  OK  [0m] Started Apply Kernel Variables.
         Starting udev Kernel Device Manager...
[[0;32m  OK  [0m] Started Flush Journal to Persistent Storage.
[[0;32m  OK  [0m] Started udev Kernel Device Manager.
[[0;32m  OK  [0m] Started udev Coldplug all Devices.
[[0;32m  OK  [0m] Started Dispatch Password Requests to Console Directory Watch.
[[0;32m  OK  [0m] Found device /dev/ttyS0.
[[0;32m  OK  [0m] Listening on Load/Save RF Kill Switch Status /dev/rfkill Watch.
[[0;32m  OK  [0m] Started Monitoring of LVM2 mirrors,...ng dmeventd or progress polling.
[[0;32m  OK  [0m] Reached target Local File Systems (Pre).
[[0;32m  OK  [0m] Reached target Local File Systems.
         Starting Create Volatile Files and Directories...
         Starting Commit a transient machine-id on disk...
         Starting Initial cloud-init job (pre-networking)...
         Starting LSB: AppArmor initialization...
         Starting Tell Plymouth To Write Out Runtime Data...
         Starting Set console font and keymap...
[[0;32m  OK  [0m] Started Create Volatile Files and Directories.
[[0;32m  OK  [0m] Started Commit a transient machine-id on disk.
[[0;32m  OK  [0m] Started Tell Plymouth To Write Out Runtime Data.
         Starting Update UTMP about System Boot/Shutdown...
[[0;32m  OK  [0m] Started Update UTMP about System Boot/Shutdown.
[   14.102381] cloud-init[560]: Cloud-init v. 20.3-2-g371b392c-0ubuntu1~16.04.1 running 'init-local' at Sat, 19 Sep 2020 21:08:48 +0000. Up 12.67 seconds.
[[0;32m  OK  [0m] Started Initial cloud-init job (pre-networking).
[[0;32m  OK  [0m] Reached target Network (Pre).
[[0;32m  OK  [0m] Started Set console font and keymap.
[[0;32m  OK  [0m] Created slice system-getty.slice.
[[0;32m  OK  [0m] Started LSB: AppArmor initialization.
         Starting Load AppArmor profiles managed internally by snapd...
         Starting Raise network interfaces...
[[0;32m  OK  [0m] Started Load AppArmor profiles managed internally by snapd.
[[0;32m  OK  [0m] Started Raise network interfaces.
[[0;32m  OK  [0m] Reached target Network.
         Starting Initial cloud-init job (metadata service crawler)...
[   18.860805] cloud-init[973]: Cloud-init v. 20.3-2-g371b392c-0ubuntu1~16.04.1 running 'init' at Sat, 19 Sep 2020 21:08:54 +0000. Up 17.80 seconds.
[   18.873014] cloud-init[973]: ci-info: ++++++++++++++++++++++++++++++++++++++Net device info+++++++++++++++++++++++++++++++++++++++
[   18.875844] cloud-init[973]: ci-info: +--------+-------+----------------------------+---------------+--------+-------------------+
[   18.890241] cloud-init[973]: ci-info: | Device |   Up  |          Address           |      Mask     | Scope  |     Hw-Address    |
[   18.893266] cloud-init[973]: ci-info: +--------+-------+----------------------------+---------------+--------+-------------------+
[   18.904930] cloud-init[973]: ci-info: | enp0s3 |  True |         10.0.2.15          | 255.255.255.0 | global | 02:ca:72:46:a7:87 |
[   18.909194] cloud-init[973]: ci-info: | enp0s3 |  True | fe80::ca:72ff:fe46:a787/64 |       .       |  link  | 02:ca:72:46:a7:87 |
[   18.921471] cloud-init[973]: ci-info: | enp0s8 | False |             .              |       .       |   .    | 08:00:27:60:5f:43 |
[   18.931470] cloud-init[973]: ci-info: |   lo   |  True |         127.0.0.1          |   255.0.0.0   |  host  |         .         |
[   18.936577] cloud-init[973]: ci-info: |   lo   |  True |          ::1/128           |       .       |  host  |         .         |
[   18.942906] cloud-init[973]: ci-info: +--------+-------+----------------------------+---------------+--------+-------------------+
[   18.948601] cloud-init[973]: ci-info: +++++++++++++++++++++++++++Route IPv4 info++++++++++++++++++++++++++++
[   18.953096] cloud-init[973]: ci-info: +-------+-------------+----------+---------------+-----------+-------+
[   18.960904] cloud-init[973]: ci-info: | Route | Destination | Gateway  |    Genmask    | Interface | Flags |
[   18.971157] cloud-init[973]: ci-info: +-------+-------------+----------+---------------+-----------+-------+
[   18.974796] cloud-init[973]: ci-info: |   0   |   0.0.0.0   | 10.0.2.2 |    0.0.0.0    |   enp0s3  |   UG  |
[   18.980510] cloud-init[973]: ci-info: |   1   |   10.0.2.0  | 0.0.0.0  | 255.255.255.0 |   enp0s3  |   U   |
[   18.984790] cloud-init[973]: ci-info: +-------+-------------+----------+---------------+-----------+-------+
[   18.988339] cloud-init[973]: ci-info: +++++++++++++++++++Route IPv6 info+++++++++++++++++++
[   18.991547] cloud-init[973]: ci-info: +-------+-------------+---------+-----------+-------+
[   18.996139] cloud-init[973]: ci-info: | Route | Destination | Gateway | Interface | Flags |
[   18.999642] cloud-init[973]: ci-info: +-------+-------------+---------+-----------+-------+
[   19.002884] cloud-init[973]: [[0;32m  OK  [0m] Started Initial cloud-init job (metadata service crawler).
[[0;32m  OK  [0m] Reached target System Initialization.
[[0;32m  OK  [0m] Started Message of the Day.
[[0;32m  OK  [0m] ci-info: |   0   |  fe80::/64  |    ::   |   enp0s3  |   U   |Started Daily Cleanup of Temporary Directories.
[
[0;32m  OK  [0m[   19.016344] cloud-init[973]: ci-info: |   3   |   ff00::/8  |    ::   |   enp0s3  |   U   |
[   19.016724] cloud-init[973]: ci-info: +-------+-------------+---------+-----------+-------+
[   19.017380] cloud-init[973]: Generating public/private rsa key pair.
[   19.018314] cloud-init[973]: Your identification has been saved in /etc/ssh/ssh_host_rsa_key.
[   19.019186] cloud-init[973]: Your public key has been saved in /etc/ssh/ssh_host_rsa_key.pub.
[   19.020883] cloud-init[973]: The key fingerprint is:
[   19.021835] cloud-init[973]: SHA256:ruY2bqslwsU5RbhHqzoqzHiYZr3KPrUqonXuoGddpxU root@ubuntu-xenial
[   19.022445] cloud-init[973]: The key's randomart image is:
[   19.023395] cloud-init[973]: +---[RSA 2048]----+
[   19.024810] cloud-init[973]: |     ..          |
[   19.025846] cloud-init[973]: |    ...          |
] Started Daily apt download activities.
[   19.026876] cloud-init[973]: |     o..         |
[   19.034866] cloud-init[973]: |   ..oo E        |
[   19.035834] cloud-init[973]: |    =o  S.       |
[   19.036934] cloud-init[973]: | . o....o        |
[   19.037767] cloud-init[973]: |+oBo+..+.        |
[   19.038369] cloud-init[973]: |OO*B.o*.         |
[   19.038894] cloud-init[973]: |%X++=B=o         |
[   19.039724] cloud-init[973]: +----[SHA256]-----+
[   19.040594] cloud-init[973]: Generating public/private dsa key pair.
[   19.041146] cloud-init[973]: Your identification has been saved in /etc/ssh/ssh_host_dsa_key.
[   19.041994] cloud-init[973]: Your public key has been saved in /etc/ssh/ssh_host_dsa_key.pub.
[   19.042999] cloud-init[973]: The key fingerprint is:
[   19.043276] cloud-init[973]: SHA256:7UPvvulSfYrjOvQnBRMuVKzzWl/26L2b9yWYx4GF3xk root@ubuntu-xenial
[   19.044592] cloud-init[973]: The key's randomart image is:
[   19.045835] cloud-init[973]: +---[DSA 1024]----+
[   19.047192] cloud-init[973]: |           o.    |
[[0;32m  OK  [0m] Listening on UUID daemon activation socket.
[   19.047483] cloud-init[973]: |          . o.   |
[   19.057645] cloud-init[973]: |         . o...E |
[   19.058085] cloud-init[973]: |         .+ ++ .o|
[   19.059174] cloud-init[973]: |        S o+.+o..|
[[0;32m  OK  [0m] Started Daily apt upgrade and clean activities.
[[0;32m  OK  [0m[   19.063415] cloud-init[973]: |         o..++o.+|
[   19.067632] cloud-init[973]: |         .o=+++*o|
[   19.069021] cloud-init[973]: |          +o=o=o=|
[   19.070074] cloud-init[973]: |          .BB*.+B|
[   19.070984] cloud-init[973]: +----[SHA256]-----+
[   19.072088] cloud-init[973]: Generating public/private ecdsa key pair.
[   19.073109] cloud-init[973]: Your identification has been saved in /etc/ssh/ssh_host_ecdsa_key.
[   19.074122] cloud-init[973]: Your public key has been saved in /etc/ssh/ssh_host_ecdsa_key.pub.
[   19.075021] cloud-init[973]: The key fingerprint is:
[   19.076155] cloud-init[973]: SHA256:DHAfJ6gggkh3iCcLicxbng2i4jfTs/nn2W93u/bD6zQ root@ubuntu-xenial
[   19.076874] cloud-init[973]: The key's randomart image is:
[   19.078573] cloud-init[973]: +---[ECDSA 256]---+
[   19.079423] cloud-init[973]: |Bo..o...o .      |
[   19.080753] cloud-init[973]: |O*o=.o.. +       |
[   19.081996] cloud-init[973]: |+.O.+.. .        |
[   19.083153] cloud-init[973]: |oo o.. o         |
[   19.084673] cloud-init[973]: |o   .   S        |
[   19.085905] cloud-init[973]: | . + o           |
[   19.088284] cloud-init[973]: |  . o +       .E |
[   19.089359] cloud-init[973]: |     o   .o  ..=o|
[   19.089884] cloud-init[973]: |      ..oo .o.+=O|
[   19.092233] cloud-init[973]: +----[SHA256]-----+
[   19.093084] cloud-init[973]: Generating public/private ed25519 key pair.
[   19.095708] cloud-init[973]: Your identification has been saved in /etc/ssh/ssh_host_ed25519_key.
[   19.096925] cloud-init[973]: Your public key has been saved in /etc/ssh/ssh_host_ed25519_key.pub.
] Reached target Timers.
[   19.097030] cloud-init[973]: The key fingerprint is:
         Starting LXD - unix socket.
[   19.106183] cloud-init[973]: SHA256:k+xWpSZjYtpldGM12ASovK/qRiVQesoxIVnvZ+rAPyE root@ubuntu-xenial
[   19.106562] cloud-init[973]: The key's randomart image is:
[   19.107463] cloud-init[973]: +--[ED25519 256]--+
[   19.107759] cloud-init[973]: |.oo..    ..=+    |
[   19.108947] cloud-init[973]: |...+    . ....   |
[   19.109429] cloud-init[973]: |  +.o. .. + .    |
[   19.110406] cloud-init[973]: | . *. +o + +     |
[   19.113049] cloud-init[973]: |  o .o=.S +      |
[   19.113888] cloud-init[973]: | .E oB.* *       |
[   19.114853] cloud-init[973]: |  ooo...o        |
[   19.115818] cloud-init[973]: |   +o  ..        |
[   19.117211] cloud-init[973]: |   o=o..         |
[   19.118057] cloud-init[973]: +----[SHA256]-----+
[[0;32m  OK  [0m] Listening on ACPID Listen Socket.
[[0;32m  OK  [0m] Listening on D-Bus System Message Bus Socket.
         Starting Socket activation for snappy daemon.
[[0;32m  OK  [0m] Started ACPI Events Check.
[[0;32m  OK  [0m] Reached target Paths.
[[0;32m  OK  [0m] Reached target Network is Online.
         Starting iSCSI initiator daemon (iscsid)...
[[0;32m  OK  [0m] Reached target Cloud-config availability.
[[0;32m  OK  [0m] Listening on LXD - unix socket.
[[0;32m  OK  [0m] Listening on Socket activation for snappy daemon.
[[0;32m  OK  [0m] Reached target Sockets.
[[0;32m  OK  [0m] Reached target Basic System.
         Starting LSB: Record successful boot for GRUB...
         Starting Pollinate to seed the pseudo random number generator...
[[0;32m  OK  [0m] Started D-Bus System Message Bus.
[[0;32m  OK  [0m] Started ACPI event daemon.
         Starting Accounts Service...
         Starting LSB: MD monitoring daemon...
         Starting /etc/rc.local Compatibility...
[[0;32m  OK  [0m] Started FUSE filesystem for LXC.
[[0;32m  OK  [0m] Started Regular background program processing daemon.
         Starting Login Service...
         Starting System Logging Service...
[[0;32m  OK  [0m] Started Deferred execution scheduler.
         Starting Virtualbox guest utils...
         Starting Snap Daemon...
         Starting LXD - container startup/shutdown...
[[0;32m  OK  [0m] Started /etc/rc.local Compatibility.
[[0;32m  OK  [0m] Started Login Service.
[[0;32m  OK  [0m] Started iSCSI initiator daemon (iscsid).
         Starting Login to default iSCSI targets...
[[0;32m  OK  [0m] Started Unattended Upgrades Shutdown.
[[0;32m  OK  [0m] Started LSB: Record successful boot for GRUB.
[[0;32m  OK  [0m] Started System Logging Service.
[[0;32m  OK  [0m] Started LSB: MD monitoring daemon.
[[0;32m  OK  [0m] Started Login to default iSCSI targets.
         Starting Authenticate and Authorize Users to Run Privileged Tasks...
[[0;32m  OK  [0m] Reached target Remote File Systems (Pre).
[[0;32m  OK  [0m] Reached target Remote File Systems.
         Starting LSB: Set the CPU Frequency Scaling governor to "ondemand"...
         Starting Permit User Sessions...
         Starting LSB: daemon to balance interrupts for SMP systems...
         Starting LSB: automatic crash report generation...
[[0;32m  OK  [0m] Started Permit User Sessions.
[[0;32m  OK  [0m] Started Authenticate and Authorize Users to Run Privileged Tasks.
[[0;32m  OK  [0m] Started Accounts Service.
         Starting Hold until boot process finishes up...
         Starting Terminate Plymouth Boot Screen...
[[0;32m  OK  [0m] Started Terminate Plymouth Boot Screen.
[[0;32m  OK  [0m] Started Hold until boot process finishes up.
         Starting Set console scheme...
[[0;32m  OK  [0m] Started Getty on tty1.
[[0;32m  OK  [0m] Started Serial Getty on ttyS0.
[[0;32m  OK  [0m] Reached target Login Prompts.
[[0;32m  OK  [0m] Started LSB: Set the CPU Frequency Scaling governor to "ondemand".
[[0;32m  OK  [0m] Started Set console scheme.
[[0;32m  OK  [0m] Started LSB: automatic crash report generation.
[[0;32m  OK  [0m] Started LXD - container startup/shutdown.
[[0;32m  OK  [0m] Started Virtualbox guest utils.
[[0;32m  OK  [0m] Started LSB: daemon to balance interrupts for SMP systems.
[[0;32m  OK  [0m] Started Snap Daemon.
         Starting Wait until snapd is fully seeded...
[[0;32m  OK  [0m] Started Pollinate to seed the pseudo random number generator.
         Starting OpenBSD Secure Shell server...
[[0;32m  OK  [0m] Started OpenBSD Secure Shell server.
[[0;32m  OK  [0m] Created slice User Slice of vagrant.
         Starting User Manager for UID 1000...
[[0;32m  OK  [0m] Started Session 1 of user vagrant.
[[0;32m  OK  [0m] Started User Manager for UID 1000.
[[0;32m  OK  [0m] Started Wait until snapd is fully seeded.
         Starting Apply the settings specified in cloud-config...
[[0;32m  OK  [0m] Reached target Multi-User System.
[[0;32m  OK  [0m] Reached target Graphical Interface.
         Starting Update UTMP about System Runlevel Changes...
[[0;32m  OK  [0m] Started Update UTMP about System Runlevel Changes.
[   24.785854] cloud-init[1485]: Generating locales (this might take a while)...

Ubuntu 16.04.7 LTS ubuntu-xenial ttyS0

ubuntu-xenial login: [   26.987359] cloud-init[1485]:   en_US.UTF-8... done
[   26.988792] cloud-init[1485]: Generation complete.
[   27.539210] cloud-init[1485]: Cloud-init v. 20.3-2-g371b392c-0ubuntu1~16.04.1 running 'modules:config' at Sat, 19 Sep 2020 21:09:00 +0000. Up 24.50 seconds.
ci-info: no authorized SSH keys fingerprints found for user ubuntu.
<14>Sep 19 21:09:04 ec2: 
<14>Sep 19 21:09:04 ec2: #############################################################
<14>Sep 19 21:09:04 ec2: -----BEGIN SSH HOST KEY FINGERPRINTS-----
<14>Sep 19 21:09:04 ec2: 1024 SHA256:7UPvvulSfYrjOvQnBRMuVKzzWl/26L2b9yWYx4GF3xk root@ubuntu-xenial (DSA)
<14>Sep 19 21:09:04 ec2: 256 SHA256:DHAfJ6gggkh3iCcLicxbng2i4jfTs/nn2W93u/bD6zQ root@ubuntu-xenial (ECDSA)
<14>Sep 19 21:09:04 ec2: 256 SHA256:k+xWpSZjYtpldGM12ASovK/qRiVQesoxIVnvZ+rAPyE root@ubuntu-xenial (ED25519)
<14>Sep 19 21:09:04 ec2: 2048 SHA256:ruY2bqslwsU5RbhHqzoqzHiYZr3KPrUqonXuoGddpxU root@ubuntu-xenial (RSA)
<14>Sep 19 21:09:04 ec2: -----END SSH HOST KEY FINGERPRINTS-----
<14>Sep 19 21:09:04 ec2: #############################################################
-----BEGIN SSH HOST KEY KEYS-----
ecdsa-sha2-nistp256 AAAAE2VjZHNhLXNoYTItbmlzdHAyNTYAAAAIbmlzdHAyNTYAAABBBDHOhAwTFzpN0hWq1gmsTtU4uConpFPeY8nh5qvV5sRHRHklt0QMuFpiuacRFUWii4cSUEgpdRDnyWPt0UZ+Ylw= root@ubuntu-xenial
ssh-ed25519 AAAAC3NzaC1lZDI1NTE5AAAAIOcas5ZW+7agMyV2Y8Fsh8kCK04f+h2KDpNor1srgVOt root@ubuntu-xenial
ssh-rsa AAAAB3NzaC1yc2EAAAADAQABAAABAQDZBwXPeBJh5HvhgRhtofS8FlhUVkwlc7r3il/8U6KHgE814O4iwDq4/0cy9oiyKkJslrz6SoSyq7jqS1LCgTpWP6SMRHi/SgfmrgXRCizr1sOK4ToV7nlxqa8ijKG0/sJR3nX+XvqzY4Pw1mrUHmKMTSFlbF0Ve5Yeh85+66aDP6GSuWLzx/6mkTGMCcqUTfC779EvgJdQ7ZT0lVMmOuw5+MaBuaHF5AXIUIlox9kO1ezGWdVToz3/CSBhZKRoh+UEz0PFaaWEvRbqtJZsbxj1ee078NWf9erWg7HiaZMaXalBiM09MVhJuSLDNWGQS6REdxWjMrCdqs5oTuQSdhPx root@ubuntu-xenial
-----END SSH HOST KEY KEYS-----
[   28.703949] cloud-init[1662]: Cloud-init v. 20.3-2-g371b392c-0ubuntu1~16.04.1 running 'modules:final' at Sat, 19 Sep 2020 21:09:04 +0000. Up 28.41 seconds.
[   28.705718] cloud-init[1662]: ci-info: no authorized SSH keys fingerprints found for user ubuntu.
[   28.706870] cloud-init[1662]: Cloud-init v. 20.3-2-g371b392c-0ubuntu1~16.04.1 finished at Sat, 19 Sep 2020 21:09:04 +0000. Datasource DataSourceNoCloud [seed=/dev/sdb][dsmode=net].  Up 28.68 seconds
