[    0.000000] Initializing cgroup subsys cpuset
[    0.000000] Initializing cgroup subsys cpu
[    0.000000] Initializing cgroup subsys cpuacct
[    0.000000] Linux version 4.4.0-179-generic (buildd@lcy01-amd64-014) (gcc version 5.4.0 20160609 (Ubuntu 5.4.0-6ubuntu1~16.04.12) ) #209-Ubuntu SMP Fri Apr 24 17:48:44 UTC 2020 (Ubuntu 4.4.0-179.209-generic 4.4.219)
[    0.000000] Command line: BOOT_IMAGE=/boot/vmlinuz-4.4.0-179-generic root=UUID=29520b96-5b73-419e-9d4d-d12052490116 ro console=tty1 console=ttyS0
[    0.000000] KERNEL supported cpus:
[    0.000000]   Intel GenuineIntel
[    0.000000]   AMD AuthenticAMD
[    0.000000]   Centaur CentaurHauls
[    0.000000] x86/fpu: xstate_offset[2]:  576, xstate_sizes[2]:  256
[    0.000000] x86/fpu: Supporting XSAVE feature 0x01: 'x87 floating point registers'
[    0.000000] x86/fpu: Supporting XSAVE feature 0x02: 'SSE registers'
[    0.000000] x86/fpu: Supporting XSAVE feature 0x04: 'AVX registers'
[    0.000000] x86/fpu: Enabled xstate features 0x7, context size is 832 bytes, using 'standard' format.
[    0.000000] e820: BIOS-provided physical RAM map:
[    0.000000] BIOS-e820: [mem 0x0000000000000000-0x000000000009fbff] usable
[    0.000000] BIOS-e820: [mem 0x000000000009fc00-0x000000000009ffff] reserved
[    0.000000] BIOS-e820: [mem 0x00000000000f0000-0x00000000000fffff] reserved
[    0.000000] BIOS-e820: [mem 0x0000000000100000-0x000000001ffeffff] usable
[    0.000000] BIOS-e820: [mem 0x000000001fff0000-0x000000001fffffff] ACPI data
[    0.000000] BIOS-e820: [mem 0x00000000fec00000-0x00000000fec00fff] reserved
[    0.000000] BIOS-e820: [mem 0x00000000fee00000-0x00000000fee00fff] reserved
[    0.000000] BIOS-e820: [mem 0x00000000fffc0000-0x00000000ffffffff] reserved
[    0.000000] NX (Execute Disable) protection: active
[    0.000000] SMBIOS 2.5 present.
[    0.000000] Hypervisor detected: KVM
[    0.000000] e820: last_pfn = 0x1fff0 max_arch_pfn = 0x400000000
[    0.000000] MTRR: Disabled
[    0.000000] x86/PAT: MTRRs disabled, skipping PAT initialization too.
[    0.000000] CPU MTRRs all blank - virtualized system.
[    0.000000] x86/PAT: Configuration [0-7]: WB  WT  UC- UC  WB  WT  UC- UC  
[    0.000000] found SMP MP-table at [mem 0x0009fff0-0x0009ffff] mapped at [ffff88000009fff0]
[    0.000000] Scanning 1 areas for low memory corruption
[    0.000000] RAMDISK: [mem 0x1e7c6000-0x1f6d7fff]
[    0.000000] ACPI: Early table checksum verification disabled
[    0.000000] ACPI: RSDP 0x00000000000E0000 000024 (v02 VBOX  )
[    0.000000] ACPI: XSDT 0x000000001FFF0030 00003C (v01 VBOX   VBOXXSDT 00000001 ASL  00000061)
[    0.000000] ACPI: FACP 0x000000001FFF00F0 0000F4 (v04 VBOX   VBOXFACP 00000001 ASL  00000061)
[    0.000000] ACPI: DSDT 0x000000001FFF0470 002325 (v02 VBOX   VBOXBIOS 00000002 INTL 20100528)
[    0.000000] ACPI: FACS 0x000000001FFF0200 000040
[    0.000000] ACPI: FACS 0x000000001FFF0200 000040
[    0.000000] ACPI: APIC 0x000000001FFF0240 000054 (v02 VBOX   VBOXAPIC 00000001 ASL  00000061)
[    0.000000] ACPI: SSDT 0x000000001FFF02A0 0001CC (v01 VBOX   VBOXCPUT 00000002 INTL 20100528)
[    0.000000] No NUMA configuration found
[    0.000000] Faking a node at [mem 0x0000000000000000-0x000000001ffeffff]
[    0.000000] NODE_DATA(0) allocated [mem 0x1ffeb000-0x1ffeffff]
[    0.000000] kvm-clock: Using msrs 4b564d01 and 4b564d00
[    0.000000] kvm-clock: cpu 0, msr 0:1ffe3001, primary cpu clock
[    0.000000] kvm-clock: using sched offset of 4477340941 cycles
[    0.000000] clocksource: kvm-clock: mask: 0xffffffffffffffff max_cycles: 0x1cd42e4dffb, max_idle_ns: 881590591483 ns
[    0.000000] Zone ranges:
[    0.000000]   DMA      [mem 0x0000000000001000-0x0000000000ffffff]
[    0.000000]   DMA32    [mem 0x0000000001000000-0x000000001ffeffff]
[    0.000000]   Normal   empty
[    0.000000]   Device   empty
[    0.000000] Movable zone start for each node
[    0.000000] Early memory node ranges
[    0.000000]   node   0: [mem 0x0000000000001000-0x000000000009efff]
[    0.000000]   node   0: [mem 0x0000000000100000-0x000000001ffeffff]
[    0.000000] Initmem setup node 0 [mem 0x0000000000001000-0x000000001ffeffff]
[    0.000000] ACPI: PM-Timer IO Port: 0x4008
[    0.000000] IOAPIC[0]: apic_id 1, version 32, address 0xfec00000, GSI 0-23
[    0.000000] ACPI: INT_SRC_OVR (bus 0 bus_irq 0 global_irq 2 dfl dfl)
[    0.000000] ACPI: INT_SRC_OVR (bus 0 bus_irq 9 global_irq 9 low level)
[    0.000000] Using ACPI (MADT) for SMP configuration information
[    0.000000] smpboot: Allowing 1 CPUs, 0 hotplug CPUs
[    0.000000] PM: Registered nosave memory: [mem 0x00000000-0x00000fff]
[    0.000000] PM: Registered nosave memory: [mem 0x0009f000-0x0009ffff]
[    0.000000] PM: Registered nosave memory: [mem 0x000a0000-0x000effff]
[    0.000000] PM: Registered nosave memory: [mem 0x000f0000-0x000fffff]
[    0.000000] e820: [mem 0x20000000-0xfebfffff] available for PCI devices
[    0.000000] Booting paravirtualized kernel on KVM
[    0.000000] clocksource: refined-jiffies: mask: 0xffffffff max_cycles: 0xffffffff, max_idle_ns: 7645519600211568 ns
[    0.000000] setup_percpu: NR_CPUS:512 nr_cpumask_bits:512 nr_cpu_ids:1 nr_node_ids:1
[    0.000000] PERCPU: Embedded 33 pages/cpu @ffff88001fc00000 s95448 r8192 d31528 u2097152
[    0.000000] Built 1 zonelists in Node order, mobility grouping on.  Total pages: 128888
[    0.000000] Policy zone: DMA32
[    0.000000] Kernel command line: BOOT_IMAGE=/boot/vmlinuz-4.4.0-179-generic root=UUID=29520b96-5b73-419e-9d4d-d12052490116 ro console=tty1 console=ttyS0
[    0.000000] PID hash table entries: 2048 (order: 2, 16384 bytes)
[    0.000000] Memory: 481172K/523832K available (8630K kernel code, 1336K rwdata, 4036K rodata, 1488K init, 1292K bss, 42660K reserved, 0K cma-reserved)
[    0.000000] SLUB: HWalign=64, Order=0-3, MinObjects=0, CPUs=1, Nodes=1
[    0.000000] Kernel/User page tables isolation: enabled
[    0.000000] Hierarchical RCU implementation.
[    0.000000] 	Build-time adjustment of leaf fanout to 64.
[    0.000000] 	RCU restricting CPUs from NR_CPUS=512 to nr_cpu_ids=1.
[    0.000000] RCU: Adjusting geometry for rcu_fanout_leaf=64, nr_cpu_ids=1
[    0.000000] NR_IRQS:33024 nr_irqs:256 16
[    0.000000] Console: colour VGA+ 80x25
[    0.000000] console [tty1] enabled
[    0.000000] console [ttyS0] enabled
[    0.000000] tsc: Detected 2112.000 MHz processor
[    0.241127] Calibrating delay loop (skipped) preset value.. 4224.00 BogoMIPS (lpj=8448000)
[    0.243078] pid_max: default: 32768 minimum: 301
[    0.243955] ACPI: Core revision 20150930
[    0.246115] ACPI: 2 ACPI AML tables successfully acquired and loaded
[    0.247930] Security Framework initialized
[    0.249030] Yama: becoming mindful.
[    0.249870] AppArmor: AppArmor initialized
[    0.250835] Dentry cache hash table entries: 65536 (order: 7, 524288 bytes)
[    0.255639] Inode-cache hash table entries: 32768 (order: 6, 262144 bytes)
[    0.258650] Mount-cache hash table entries: 1024 (order: 1, 8192 bytes)
[    0.262601] Mountpoint-cache hash table entries: 1024 (order: 1, 8192 bytes)
[    0.266961] Initializing cgroup subsys io
[    0.269475] Initializing cgroup subsys memory
[    0.271955] Initializing cgroup subsys devices
[    0.274514] Initializing cgroup subsys freezer
[    0.277175] Initializing cgroup subsys net_cls
[    0.279824] Initializing cgroup subsys perf_event
[    0.283147] Initializing cgroup subsys net_prio
[    0.287005] Initializing cgroup subsys hugetlb
[    0.290503] Initializing cgroup subsys pids
[    0.295131] mce: CPU supports 0 MCE banks
[    0.297812] process: using mwait in idle threads
[    0.300327] Last level iTLB entries: 4KB 64, 2MB 8, 4MB 8
[    0.302912] Last level dTLB entries: 4KB 64, 2MB 0, 4MB 0, 1GB 4
[    0.305386] Spectre V1 : Mitigation: usercopy/swapgs barriers and __user pointer sanitization
[    0.309045] Spectre V2 : Mitigation: Full generic retpoline
[    0.311463] Spectre V2 : Spectre v2 / SpectreRSB mitigation: Filling RSB on context switch
[    0.314704] Speculative Store Bypass: Vulnerable
[    0.316665] MDS: Mitigation: Clear CPU buffers
[    0.362724] Freeing SMP alternatives memory: 36K
[    0.376409] ftrace: allocating 32313 entries in 127 pages
[    0.463571] smpboot: APIC(0) Converting physical 0 to logical package 0
[    0.465569] smpboot: Max logical packages: 1
[    0.467048] x2apic enabled
[    0.468233] Switched APIC routing to physical x2apic.
[    0.470954] ..TIMER: vector=0x30 apic1=0 pin1=2 apic2=-1 pin2=-1
[    0.580774] smpboot: CPU0: Intel(R) Core(TM) i7-8650U CPU @ 1.90GHz (family: 0x6, model: 0x8e, stepping: 0xa)
[    0.586644] Performance Events: unsupported p6 CPU model 142 no PMU driver, software events only.
[    0.623701] KVM setup paravirtual spinlock
[    0.627941] x86: Booted up 1 node, 1 CPUs
[    0.630352] smpboot: Total of 1 processors activated (4224.00 BogoMIPS)
[    0.634509] devtmpfs: initialized
[    0.641186] evm: security.selinux
[    0.643756] evm: security.SMACK64
[    0.646034] evm: security.SMACK64EXEC
[    0.648288] evm: security.SMACK64TRANSMUTE
[    0.650745] evm: security.SMACK64MMAP
[    0.652968] evm: security.ima
[    0.654934] evm: security.capability
[    0.657632] clocksource: jiffies: mask: 0xffffffff max_cycles: 0xffffffff, max_idle_ns: 7645041785100000 ns
[    0.663814] futex hash table entries: 256 (order: 2, 16384 bytes)
[    0.667414] pinctrl core: initialized pinctrl subsystem
[    0.670456] RTC time:  3:34:52, date: 09/18/20
[    0.673576] NET: Registered protocol family 16
[    0.676740] cpuidle: using governor ladder
[    0.679378] cpuidle: using governor menu
[    0.681682] PCCT header not found.
[    0.683905] ACPI: bus type PCI registered
[    0.686322] acpiphp: ACPI Hot Plug PCI Controller Driver version: 0.5
[    0.689918] PCI: Using configuration type 1 for base access
[    0.703765] ACPI: Added _OSI(Module Device)
[    0.706296] ACPI: Added _OSI(Processor Device)
[    0.709626] ACPI: Added _OSI(3.0 _SCP Extensions)
[    0.712330] ACPI: Added _OSI(Processor Aggregator Device)
[    0.717791] ACPI: Executed 1 blocks of module-level executable AML code
[    0.727321] ACPI: Interpreter enabled
[    0.730154] ACPI: (supports S0 S5)
[    0.732227] ACPI: Using IOAPIC for interrupt routing
[    0.735505] PCI: Using host bridge windows from ACPI; if necessary, use "pci=nocrs" and report a bug
[    0.749465] ACPI: PCI Root Bridge [PCI0] (domain 0000 [bus 00-ff])
[    0.752900] acpi PNP0A03:00: _OSC: OS supports [ASPM ClockPM Segments MSI]
[    0.757142] acpi PNP0A03:00: _OSC: not requesting OS control; OS requires [ExtendedConfig ASPM ClockPM MSI]
[    0.762865] acpi PNP0A03:00: fail to add MMCONFIG information, can't access extended PCI configuration space under this bridge.
[    0.769870] PCI host bridge to bus 0000:00
[    0.772095] pci_bus 0000:00: root bus resource [io  0x0000-0x0cf7 window]
[    0.775576] pci_bus 0000:00: root bus resource [io  0x0d00-0xffff window]
[    0.779151] pci_bus 0000:00: root bus resource [mem 0x000a0000-0x000bffff window]
[    0.783700] pci_bus 0000:00: root bus resource [mem 0x20000000-0xfdffffff window]
[    0.787305] pci_bus 0000:00: root bus resource [bus 00-ff]
[    0.794373] pci 0000:00:01.1: legacy IDE quirk: reg 0x10: [io  0x01f0-0x01f7]
[    0.797285] pci 0000:00:01.1: legacy IDE quirk: reg 0x14: [io  0x03f6]
[    0.800741] pci 0000:00:01.1: legacy IDE quirk: reg 0x18: [io  0x0170-0x0177]
[    0.804110] pci 0000:00:01.1: legacy IDE quirk: reg 0x1c: [io  0x0376]
[    0.830330] pci 0000:00:07.0: quirk: [io  0x4000-0x403f] claimed by PIIX4 ACPI
[    0.854869] pci 0000:00:07.0: quirk: [io  0x4100-0x410f] claimed by PIIX4 SMB
[    0.867072] ACPI: PCI Interrupt Link [LNKA] (IRQs 5 9 10 *11)
[    0.870070] ACPI: PCI Interrupt Link [LNKB] (IRQs 5 9 *10 11)
[    0.873134] ACPI: PCI Interrupt Link [LNKC] (IRQs 5 *9 10 11)
[    0.875914] ACPI: PCI Interrupt Link [LNKD] (IRQs 5 9 10 *11)
[    0.878135] ACPI: Enabled 2 GPEs in block 00 to 07
[    0.880030] vgaarb: setting as boot device: PCI:0000:00:02.0
[    0.881547] vgaarb: device added: PCI:0000:00:02.0,decodes=io+mem,owns=io+mem,locks=none
[    0.883497] vgaarb: loaded
[    0.884274] vgaarb: bridge control possible 0000:00:02.0
[    0.885561] SCSI subsystem initialized
[    0.886664] ACPI: bus type USB registered
[    0.887680] usbcore: registered new interface driver usbfs
[    0.889781] usbcore: registered new interface driver hub
[    0.890949] usbcore: registered new device driver usb
[    0.892143] PCI: Using ACPI for IRQ routing
[    0.893344] NetLabel: Initializing
[    0.894243] NetLabel:  domain hash size = 128
[    0.895394] NetLabel:  protocols = UNLABELED CIPSOv4
[    0.896392] NetLabel:  unlabeled traffic allowed by default
[    0.897490] amd_nb: Cannot enumerate AMD northbridges
[    0.898593] clocksource: Switched to clocksource kvm-clock
[    0.912478] AppArmor: AppArmor Filesystem Enabled
[    0.915253] pnp: PnP ACPI init
[    0.919260] pnp: PnP ACPI: found 3 devices
[    0.928091] clocksource: acpi_pm: mask: 0xffffff max_cycles: 0xffffff, max_idle_ns: 2085701024 ns
[    0.931409] NET: Registered protocol family 2
[    0.933062] TCP established hash table entries: 4096 (order: 3, 32768 bytes)
[    0.935013] TCP bind hash table entries: 4096 (order: 4, 65536 bytes)
[    0.936762] TCP: Hash tables configured (established 4096 bind 4096)
[    0.938334] UDP hash table entries: 256 (order: 1, 8192 bytes)
[    0.939810] UDP-Lite hash table entries: 256 (order: 1, 8192 bytes)
[    0.941513] NET: Registered protocol family 1
[    0.942536] pci 0000:00:00.0: Limiting direct PCI/PCI transfers
[    0.944018] pci 0000:00:01.0: Activating ISA DMA hang workarounds
[    0.945555] Unpacking initramfs...
[    1.402567] Freeing initrd memory: 15432K
[    1.405159] clocksource: tsc: mask: 0xffffffffffffffff max_cycles: 0x1e71785e5dd, max_idle_ns: 440795244814 ns
[    1.410434] platform rtc_cmos: registered platform RTC device (no PNP device found)
[    1.414993] Scanning for low memory corruption every 60 seconds
[    1.418113] audit: initializing netlink subsys (disabled)
[    1.420964] audit: type=2000 audit(1600400098.509:1): initialized
[    1.424567] Initialise system trusted keyring
[    1.427010] HugeTLB registered 2 MB page size, pre-allocated 0 pages
[    1.433341] zbud: loaded
[    1.435813] VFS: Disk quotas dquot_6.6.0
[    1.438139] VFS: Dquot-cache hash table entries: 512 (order 0, 4096 bytes)
[    1.442314] squashfs: version 4.0 (2009/01/31) Phillip Lougher
[    1.445952] fuse init (API version 7.23)
[    1.448483] Key type big_key registered
[    1.450714] Allocating IMA MOK and blacklist keyrings.
[    1.454070] Key type asymmetric registered
[    1.456555] Asymmetric key parser 'x509' registered
[    1.459543] Block layer SCSI generic (bsg) driver version 0.4 loaded (major 249)
[    1.464051] io scheduler noop registered
[    1.466510] io scheduler deadline registered (default)
[    1.469362] io scheduler cfq registered
[    1.471814] pci_hotplug: PCI Hot Plug PCI Core version: 0.5
[    1.474969] pciehp: PCI Express Hot Plug Controller Driver version: 0.4
[    1.478824] ACPI: AC Adapter [AC] (off-line)
[    1.481335] input: Power Button as /devices/LNXSYSTM:00/LNXPWRBN:00/input/input0
[    1.485850] ACPI: Power Button [PWRF]
[    1.488366] input: Sleep Button as /devices/LNXSYSTM:00/LNXSLPBN:00/input/input1
[    1.492955] ACPI: Sleep Button [SLPF]
[    1.497066] ACPI: Battery Slot [BAT0] (battery present)
[    1.499844] GHES: HEST is not enabled!
[    1.502197] Serial: 8250/16550 driver, 32 ports, IRQ sharing enabled
[    1.527645] 00:02: ttyS0 at I/O 0x3f8 (irq = 4, base_baud = 115200) is a 16550A
[    1.534737] Linux agpgart interface v0.103
[    1.539389] loop: module loaded
[    1.542787] scsi host0: ata_piix
[    1.545044] scsi host1: ata_piix
[    1.547170] ata1: PATA max UDMA/33 cmd 0x1f0 ctl 0x3f6 bmdma 0xd000 irq 14
[    1.550699] ata2: PATA max UDMA/33 cmd 0x170 ctl 0x376 bmdma 0xd008 irq 15
[    1.555365] libphy: Fixed MDIO Bus: probed
[    1.557849] tun: Universal TUN/TAP device driver, 1.6
[    1.560144] tun: (C) 1999-2004 Max Krasnyansky <maxk@qualcomm.com>
[    1.562724] PPP generic driver version 2.4.2
[    1.564660] ehci_hcd: USB 2.0 'Enhanced' Host Controller (EHCI) Driver
[    1.567409] ehci-pci: EHCI PCI platform driver
[    1.568723] ehci-platform: EHCI generic platform driver
[    1.570327] ohci_hcd: USB 1.1 'Open' Host Controller (OHCI) Driver
[    1.572455] ohci-pci: OHCI PCI platform driver
[    1.573699] ohci-platform: OHCI generic platform driver
[    1.575410] uhci_hcd: USB Universal Host Controller Interface driver
[    1.577555] i8042: PNP: PS/2 Controller [PNP0303:PS2K,PNP0f03:PS2M] at 0x60,0x64 irq 1,12
[    1.580670] serio: i8042 KBD port at 0x60,0x64 irq 1
[    1.582104] serio: i8042 AUX port at 0x60,0x64 irq 12
[    1.583498] mousedev: PS/2 mouse device common for all mice
[    1.584849] input: AT Translated Set 2 keyboard as /devices/platform/i8042/serio0/input/input2
[    1.587637] rtc_cmos rtc_cmos: rtc core: registered rtc_cmos as rtc0
[    1.589396] rtc_cmos rtc_cmos: alarms up to one day, 114 bytes nvram
[    1.591116] i2c /dev entries driver
[    1.592072] device-mapper: uevent: version 1.0.3
[    1.593758] device-mapper: ioctl: 4.34.0-ioctl (2015-10-28) initialised: dm-devel@redhat.com
[    1.595845] ledtrig-cpu: registered to indicate activity on CPUs
[    1.597433] NET: Registered protocol family 10
[    1.598555] NET: Registered protocol family 17
[    1.599538] Key type dns_resolver registered
[    1.607228] registered taskstats version 1
[    1.609596] Loading compiled-in X.509 certificates
[    1.613781] Loaded X.509 cert 'Build time autogenerated kernel key: a9e5689415cbbea5b40a198600f217117afda70c'
[    1.620027] zswap: loaded using pool lzo/zbud
[    1.625743] Key type trusted registered
[    1.634655] Key type encrypted registered
[    1.637068] AppArmor: AppArmor sha1 policy hashing enabled
[    1.640213] ima: No TPM chip found, activating TPM-bypass!
[    1.644346] ima: Allocated hash algorithm: sha1
[    1.646999] evm: HMAC attrs: 0x1
[    1.649789]   Magic number: 4:715:563
[    1.652180] platform Fixed MDIO bus.0: hash matches
[    1.654960] rtc_cmos rtc_cmos: setting system clock to 2020-09-18 03:34:53 UTC (1600400093)
[    1.659771] BIOS EDD facility v0.16 2004-Jun-25, 0 devices found
[    1.662848] EDD information not available.
[    1.740097] Freeing unused kernel memory: 1488K
[    1.742757] Write protecting the kernel read-only data: 14336k
[    1.746650] Freeing unused kernel memory: 1600K
[    1.750090] Freeing unused kernel memory: 60K
Loading, please wait...
starting version 229
[    1.782595] random: udevadm: uninitialized urandom read (16 bytes read, 5 bits of entropy available)
[    1.788793] random: systemd-udevd: uninitialized urandom read (16 bytes read, 5 bits of entropy available)
[    1.794528] random: systemd-udevd: uninitialized urandom read (16 bytes read, 5 bits of entropy available)
[    1.799657] random: udevadm: uninitialized urandom read (16 bytes read, 5 bits of entropy available)
[    1.805857] random: systemd-udevd: uninitialized urandom read (16 bytes read, 5 bits of entropy available)
[    1.811130] random: systemd-udevd: uninitialized urandom read (16 bytes read, 5 bits of entropy available)
[    1.832228] random: systemd-udevd: uninitialized urandom read (16 bytes read, 5 bits of entropy available)
[    1.841581] random: systemd-udevd: uninitialized urandom read (16 bytes read, 5 bits of entropy available)
[    1.849678] random: udevadm: uninitialized urandom read (16 bytes read, 5 bits of entropy available)
[    1.854713] random: systemd-udevd: uninitialized urandom read (16 bytes read, 5 bits of entropy available)
[    2.020603] Fusion MPT base driver 3.04.20
[    2.023087] Copyright (c) 1999-2008 LSI Corporation
[    2.028866] e1000: Intel(R) PRO/1000 Network Driver - version 7.3.21-k8-NAPI
[    2.032942] e1000: Copyright (c) 1999-2006 Intel Corporation.
[    2.080388] Fusion MPT SPI Host driver 3.04.20
[    2.167473] AVX2 version of gcm_enc/dec engaged.
[    2.169986] AES CTR mode by8 optimization enabled
[    2.265130] input: ImExPS/2 Generic Explorer Mouse as /devices/platform/i8042/serio1/input/input4
[    2.659626] e1000 0000:00:03.0 eth0: (PCI:33MHz:32-bit) 02:1b:c5:10:6b:e2
[    2.663342] e1000 0000:00:03.0 eth0: Intel(R) PRO/1000 Network Connection
[    2.668393] mptbase: ioc0: Initiating bringup
[    2.736160] ioc0: LSI53C1030 A0: Capabilities={Initiator}
[    2.909955] scsi host2: ioc0: LSI53C1030 A0, FwRev=00000000h, Ports=1, MaxQ=256, IRQ=20
[    3.031050] scsi 2:0:0:0: Direct-Access     VBOX     HARDDISK         1.0  PQ: 0 ANSI: 5
[    3.036203] scsi target2:0:0: Beginning Domain Validation
[    3.044572] scsi target2:0:0: Domain Validation skipping write tests
[    3.047796] scsi target2:0:0: Ending Domain Validation
[    3.050746] scsi target2:0:0: asynchronous
[    3.054540] scsi 2:0:1:0: Direct-Access     VBOX     HARDDISK         1.0  PQ: 0 ANSI: 5
[    3.064834] scsi target2:0:1: Beginning Domain Validation
[    3.142135] scsi target2:0:1: Domain Validation skipping write tests
[    3.146179] scsi target2:0:1: Ending Domain Validation
[    3.161158] scsi target2:0:1: asynchronous
[    3.307604] sd 2:0:0:0: Attached scsi generic sg0 type 0
[    3.334107] sd 2:0:0:0: [sda] 20971520 512-byte logical blocks: (10.7 GB/10.0 GiB)
[    3.351538] sd 2:0:0:0: [sda] Write Protect is off
[    3.360292] sd 2:0:0:0: [sda] Incomplete mode parameter data
[    3.363204] sd 2:0:0:0: [sda] Assuming drive cache: write through
[    3.386788] sd 2:0:1:0: [sdb] 20480 512-byte logical blocks: (10.5 MB/10.0 MiB)
[    3.390971] sd 2:0:1:0: Attached scsi generic sg1 type 0
[    3.394975] sd 2:0:1:0: [sdb] Write Protect is off
[    3.403782] sd 2:0:1:0: [sdb] Incomplete mode parameter data
[    3.406761] sd 2:0:1:0: [sdb] Assuming drive cache: write through
[    3.429818]  sda: sda1
[    3.433550] sd 2:0:0:0: [sda] Attached SCSI disk
[    3.436931] sd 2:0:1:0: [sdb] Attached SCSI disk
[    3.634187] e1000 0000:00:08.0 eth1: (PCI:33MHz:32-bit) 08:00:27:ef:4e:04
[    3.637772] e1000 0000:00:08.0 eth1: Intel(R) PRO/1000 Network Connection
[    3.643708] e1000 0000:00:08.0 enp0s8: renamed from eth1
[    3.650364] e1000 0000:00:03.0 enp0s3: renamed from eth0
Begin: Loading essential drivers ... [    5.476046] md: linear personality registered for level -1
[    5.484767] md: multipath personality registered for level -4
[    5.493490] md: raid0 personality registered for level 0
[    5.505032] md: raid1 personality registered for level 1
[    5.582859] raid6: sse2x1   gen()  4418 MB/s
[    5.650695] raid6: sse2x1   xor()  3451 MB/s
[    5.718685] raid6: sse2x2   gen()  5748 MB/s
[    5.786657] raid6: sse2x2   xor()  3935 MB/s
[    5.854701] raid6: sse2x4   gen()  5517 MB/s
[    5.923144] raid6: sse2x4   xor()  7316 MB/s
[    5.990659] raid6: avx2x1   gen()  9300 MB/s
[    6.058690] raid6: avx2x2   gen() 10382 MB/s
[    6.126755] raid6: avx2x4   gen() 11485 MB/s
[    6.129134] raid6: using algorithm avx2x4 gen() 11485 MB/s
[    6.132008] raid6: using avx2x2 recovery algorithm
[    6.138114] xor: automatically using best checksumming function:
[    6.178680]    avx       : 10683.000 MB/sec
[    6.184265] async_tx: api initialized (async)
[    6.212327] md: raid6 personality registered for level 6
[    6.215192] md: raid5 personality registered for level 5
[    6.218010] md: raid4 personality registered for level 4
[    6.234730] md: raid10 personality registered for level 10
done.
Begin: Running /scripts/init-premount ... done.
Begin: Mounting root file system ... Begin: Running /scripts/local-top ... done.
Begin: Running /scripts/local-premount ... [    6.314144] Btrfs loaded
Scanning for Btrfs filesystems
done.
Warning: fsck not present, so skipping root file system
[    6.439061] EXT4-fs (sda1): mounted filesystem with ordered data mode. Opts: (null)
done.
Begin: Running /scripts/local-bottom ... done.
Begin: Running /scripts/init-bottom ... done.
[    6.634625] systemd[1]: systemd 229 running in system mode. (+PAM +AUDIT +SELINUX +IMA +APPARMOR +SMACK +SYSVINIT +UTMP +LIBCRYPTSETUP +GCRYPT +GNUTLS +ACL +XZ -LZ4 +SECCOMP +BLKID +ELFUTILS +KMOD -IDN)
[    6.644009] systemd[1]: Detected virtualization oracle.
[    6.647005] systemd[1]: Detected architecture x86-64.

Welcome to [1mUbuntu 16.04.6 LTS[0m!

[    6.654769] systemd[1]: Set hostname to <slave-vm>.
[    6.946601] systemd[1]: Listening on Device-mapper event daemon FIFOs.
[[0;32m  OK  [0m] Listening on Device-mapper event daemon FIFOs.
[    6.959687] systemd[1]: Reached target User and Group Name Lookups.
[[0;32m  OK  [0m] Reached target User and Group Name Lookups.
[    6.965528] systemd[1]: Started Trigger resolvconf update for networkd DNS.
[[0;32m  OK  [0m] Started Trigger resolvconf update for networkd DNS.
[    6.971801] systemd[1]: Reached target System Time Synchronized.
[[0;32m  OK  [0m] Reached target System Time Synchronized.
[    6.977039] systemd[1]: Listening on udev Kernel Socket.
[[0;32m  OK  [0m] Listening on udev Kernel Socket.
[    6.981831] systemd[1]: Listening on Journal Socket.
[[0;32m  OK  [0m] Listening on Journal Socket.
[    6.986742] systemd[1]: Listening on Journal Socket (/dev/log).
[[0;32m  OK  [0m] Listening on Journal Socket (/dev/log).
[    6.991944] systemd[1]: Listening on Syslog Socket.
[[0;32m  OK  [0m] Listening on Syslog Socket.
[    6.996285] systemd[1]: Reached target Swap.
[[0;32m  OK  [0m] Reached target Swap.
[    7.007636] systemd[1]: Listening on udev Control Socket.
[[0;32m  OK  [0m] Listening on udev Control Socket.
[    7.013004] systemd[1]: Created slice System Slice.
[[0;32m  OK  [0m] Created slice System Slice.
[    7.020248] systemd[1]: Starting Nameserver information manager...
         Starting Nameserver information manager...
[    7.036588] systemd[1]: Starting Uncomplicated firewall...
         Starting Uncomplicated firewall...
[    7.042563] systemd[1]: Starting Load Kernel Modules...
         Starting Load Kernel Modules...
[    7.048248] systemd[1]: Starting Remount Root and Kernel File Systems...
         [    7.052899] Loading iSCSI transport class v2.0-870.
Starting Remount Root and Kernel File Systems...
[    7.056782] systemd[1]: Mounting POSIX Message Queue File System...
         Mounting POSIX Message Queue File System...
[    7.062531] EXT4-fs (sda1): re-mounted. Opts: (null)
[    7.064438] systemd[1]: Starting Create list of required static device nodes for the current kernel...
         Starting Create list of required st... nodes for the current kernel...
[    7.080337] systemd[1]: Mounting Huge Pages File System...
[    7.090343] iscsi: registered transport (tcp)
         Mounting Huge Pages File System...
[    7.103092] systemd[1]: Reached target Encrypted Volumes.
[[0;32m  OK  [0m] Reached target Encrypted Volumes.
[    7.108261] random: nonblocking pool is initialized
[    7.113029] systemd[1]: Created slice system-serial\x2dgetty.slice.
[[0;32m  OK  [0m] Created slice system-serial\x2dgetty.slice.
[    7.123152] systemd[1]: Started Forward Password Requests to Wall Directory Watch.
[[0;32m  OK  [0m] Started Forward Password Requests to Wall Directory Watch.
[    7.133882] systemd[1]: Set up automount Arbitrary Executable File Formats File System Automount Point.
[[0;32m  OK  [0m] Set up automount Arbitrary Executab...ats File System Automount Point.
[    7.151855] systemd[1]: Listening on LVM2 poll daemon socket.
[[0;32m  OK  [0m] Listening on LVM2 poll daemon socket.
[    7.158002] systemd[1]: Listening on /dev/initctl Compatibility Named Pipe.
[[0;32m  OK  [0m] Listening on /dev/initctl Compatibility Named Pipe.
[    7.165981] systemd[1]: Listening on LVM2 metadata daemon socket.
[[0;32m  OK  [0m] Listening on LVM2 metadata daemon socket.
[    7.177362] systemd[1]: Starting Monitoring of LVM2 mirrors, snapshots etc. using dmeventd or progress polling...
         Starting Monitoring of LVM2 mirrors... dmeventd or progress polling...
[    7.194767] systemd[1]: Mounting Debug File System...
[    7.200511] iscsi: registered transport (iser)
         Mounting Debug File System...
[    7.207429] systemd[1]: Created slice User and Session Slice.
[[0;32m  OK  [0m] Created slice User and Session Slice.
[    7.216623] systemd[1]: Reached target Slices.
[[0;32m  OK  [0m] Reached target Slices.
[    7.237578] systemd[1]: Starting Set console keymap...
         Starting Set console keymap...
[    7.243382] systemd[1]: Listening on Journal Audit Socket.
[[0;32m  OK  [0m] Listening on Journal Audit Socket.
[    7.253521] systemd[1]: Starting Journal Service...
         Starting Journal Service...
[    7.266199] systemd[1]: Mounted Debug File System.
[[0;32m  OK  [0m] Mounted Debug File System.
[    7.275652] systemd[1]: Mounted POSIX Message Queue File System.
[[0;32m  OK  [0m] Mounted POSIX Message Queue File System.
[    7.289650] systemd[1]: Mounted Huge Pages File System.
[[0;32m  OK  [0m] Mounted Huge Pages File System.
[    7.298152] systemd[1]: Started Uncomplicated firewall.
[[0;32m  OK  [0m] Started Uncomplicated firewall.
[    7.312007] systemd[1]: Started Load Kernel Modules.
[[0;32m  OK  [0m] Started Load Kernel Modules.
[    7.322281] systemd[1]: Started Remount Root and Kernel File Systems.
[[0;32m  OK  [0m] Started Remount Root and Kernel File Systems.
[    7.344016] systemd[1]: Started Create list of required static device nodes for the current kernel.
[[0;32m  OK  [0m] Started Create list of required sta...ce nodes for the current kernel.
[    7.364363] systemd[1]: Started Nameserver information manager.
[[0;32m  OK  [0m] Started Nameserver information manager.
[    7.390159] systemd[1]: Started LVM2 metadata daemon.
[[0;32m  OK  [0m] Started LVM2 metadata daemon.
[    7.404409] systemd[1]: Starting Create Static Device Nodes in /dev...
         Starting Create Static Device Nodes in /dev...
[    7.428319] systemd[1]: Starting Load/Save Random Seed...
         Starting Load/Save Random Seed...
[    7.439917] systemd[1]: Starting udev Coldplug all Devices...
         Starting udev Coldplug all Devices...
[    7.454296] systemd[1]: Starting Apply Kernel Variables...
         Starting Apply Kernel Variables...
         Mounting FUSE Control File System...
[[0;32m  OK  [0m] Started Journal Service.
[[0;32m  OK  [0m] Started Load/Save Random Seed.
[[0;32m  OK  [0m] Started Apply Kernel Variables.
[[0;32m  OK  [0m] Mounted FUSE Control File System.
         Starting Flush Journal to Persistent Storage...
[[0;32m  OK  [0m] Started Create Static Device Nodes in /dev.
         Starting udev Kernel Device Manager...
[[0;32m  OK  [0m] Started Flush Journal to Persistent Storage.
[[0;32m  OK  [0m] Started udev Kernel Device Manager.
[[0;32m  OK  [0m] Started udev Coldplug all Devices.
[[0;32m  OK  [0m] Started Set console keymap.
[[0;32m  OK  [0m] Started Dispatch Password Requests to Console Directory Watch.
[[0;32m  OK  [0m] Started Monitoring of LVM2 mirrors,...ng dmeventd or progress polling.
[[0;32m  OK  [0m] Reached target Local File Systems (Pre).
[[0;32m  OK  [0m] Reached target Local File Systems.
         Starting Set console font and keymap...
         Starting LSB: AppArmor initialization...
         Starting Initial cloud-init job (pre-networking)...
         Starting Tell Plymouth To Write Out Runtime Data...
         Starting Create Volatile Files and Directories...
[[0;32m  OK  [0m] Started Tell Plymouth To Write Out Runtime Data.
[[0;32m  OK  [0m] Started Create Volatile Files and Directories.
         Starting Update UTMP about System Boot/Shutdown...
[[0;32m  OK  [0m] Started Update UTMP about System Boot/Shutdown.
[[0;32m  OK  [0m] Started LSB: AppArmor initialization.
[[0;32m  OK  [0m] Found device /dev/ttyS0.
[[0;32m  OK  [0m] Listening on Load/Save RF Kill Switch Status /dev/rfkill Watch.
[[0;32m  OK  [0m] Found device 82540EM Gigabit Ethern...r (PRO/1000 MT Desktop Adapter).
[[0;32m  OK  [0m] Started Set console font and keymap.
[[0;32m  OK  [0m] Created slice system-getty.slice.
[   12.106132] cloud-init[494]: Cloud-init v. 19.4-33-gbb4131a2-0ubuntu1~16.04.1 running 'init-local' at Fri, 18 Sep 2020 03:35:03 +0000. Up 10.88 seconds.
[[0;32m  OK  [0m] Started Initial cloud-init job (pre-networking).
[[0;32m  OK  [0m] Reached target Network (Pre).
         Starting Raise network interfaces...
[[0;32m  OK  [0m] Started ifup for enp0s3.
[[0;32m  OK  [0m] Started Raise network interfaces.
[[0;32m  OK  [0m] Reached target Network.
         Starting Initial cloud-init job (metadata service crawler)...
[   14.719538] cloud-init[998]: Cloud-init v. 19.4-33-gbb4131a2-0ubuntu1~16.04.1 running 'init' at Fri, 18 Sep 2020 03:35:06 +0000. Up 13.84 seconds.
[   14.728694] cloud-init[998]: ci-info: ++++++++++++++++++++++++++++++++++++++Net device info+++++++++++++++++++++++++++++++++++++++
[   14.729935] cloud-init[998]: ci-info: +--------+-------+----------------------------+---------------+--------+-------------------+
[   14.736466] cloud-init[998]: ci-info: | Device |   Up  |          Address           |      Mask     | Scope  |     Hw-Address    |
[   14.737990] cloud-init[998]: ci-info: +--------+-------+----------------------------+---------------+--------+-------------------+
[   14.744463] cloud-init[998]: ci-info: | enp0s3 |  True |         10.0.2.15          | 255.255.255.0 | global | 02:1b:c5:10:6b:e2 |
[   14.745822] cloud-init[998]: ci-info: | enp0s3 |  True | fe80::1b:c5ff:fe10:6be2/64 |       .       |  link  | 02:1b:c5:10:6b:e2 |
[   14.747297] cloud-init[998]: ci-info: | enp0s8 | False |             .              |       .       |   .    | 08:00:27:ef:4e:04 |
[   14.748556] cloud-init[998]: ci-info: |   lo   |  True |         127.0.0.1          |   255.0.0.0   |  host  |         .         |
[   14.752464] cloud-init[998]: ci-info: |   lo   |  True |          ::1/128           |       .       |  host  |         .         |
[   14.756862] cloud-init[998]: ci-info: +--------+-------+----------------------------+---------------+--------+-------------------+
[   14.765210] cloud-init[998]: ci-info: +++++++++++++++++++++++++++Route IPv4 info++++++++++++++++++++++++++++
[   14.772941] cloud-init[998]: ci-info: +-------+-------------+----------+---------------+-----------+-------+
[   14.776045] cloud-init[998]: ci-info: | Route | Destination | Gateway  |    Genmask    | Interface | Flags |
[   14.782663] cloud-init[998]: ci-info: +-------+-------------+----------+---------------+-----------+-------+
[   14.796682] cloud-init[998]: ci-info: |   0   |   0.0.0.0   | 10.0.2.2 |    0.0.0.0    |   enp0s3  |   UG  |
[   14.800435] cloud-init[998]: ci-info: |   1   |   10.0.2.0  | 0.0.0.0  | 255.255.255.0 |   enp0s3  |   U   |
[   14.805102] cloud-init[998]: ci-info: +-------+-------------+----------+---------------+-----------+-------+
[   14.808789] cloud-init[998]: ci-info: +++++++++++++++++++Route IPv6 info+++++++++++++++++++
[   14.812951] cloud-init[998]: ci-info: +-------+-------------+---------+-----------+-------+
[   14.817034] cloud-init[998]: ci-info: | Route | Destination | Gateway | Interface | Flags |
[   14.824958] cloud-init[998]: ci-info: +-------+-------------+---------+-----------+-------+
[   14.827270] cloud-init[998]: ci-info: |   0   |  fe80::/64  |    ::   |   enp0s3  |   U   |
[   14.833858] cloud-init[998]: ci-info: |   3   |   ff00::/8  |    ::   |   enp0s3  |   U   |
[   14.836852] cloud-init[998]: ci-info: +-------+-------------+---------+-----------+-------+
[[0;32m  OK  [0m] Started Initial cloud-init job (metadata service crawler).
[[0;32m  OK  [0m] Reached target System Initialization.
[[0;32m  OK  [0m] Started Daily Cleanup of Temporary Directories.
[[0;32m  OK  [0m] Listening on D-Bus System Message Bus Socket.
[[0;32m  OK  [0m] Started ACPI Events Check.
[[0;32m  OK  [0m] Reached target Paths.
         Starting LXD - unix socket.
[[0;32m  OK  [0m] Started Daily apt download activities.
[[0;32m  OK  [0m] Started Daily apt upgrade and clean activities.
         Starting Socket activation for snappy daemon.
[[0;32m  OK  [0m] Listening on ACPID Listen Socket.
[[0;32m  OK  [0m] Started Message of the Day.
[[0;32m  OK  [0m] Reached target Timers.
[[0;32m  OK  [0m] Listening on UUID daemon activation socket.
[[0;32m  OK  [0m] Reached target Network is Online.
         Starting iSCSI initiator daemon (iscsid)...
[[0;32m  OK  [0m] Reached target Cloud-config availability.
[[0;32m  OK  [0m] Listening on LXD - unix socket.
[[0;32m  OK  [0m] Listening on Socket activation for snappy daemon.
[[0;32m  OK  [0m] Reached target Sockets.
[[0;32m  OK  [0m] Reached target Basic System.
         Starting LSB: Record successful boot for GRUB...
[[0;32m  OK  [0m] Started D-Bus System Message Bus.
[[0;32m  OK  [0m] Started FUSE filesystem for LXC.
[[0;32m  OK  [0m] Started Regular background program processing daemon.
         Starting Virtualbox guest utils...
         Starting Login Service...
         Starting Accounts Service...
[[0;32m  OK  [0m] Started Deferred execution scheduler.
         Starting Snappy daemon...
         Starting Message of the Day...
         Starting /etc/rc.local Compatibility...
[[0;32m  OK  [0m] Started ACPI event daemon.
         Starting LSB: MD monitoring daemon...
         Starting System Logging Service...
         Starting OpenBSD Secure Shell server...
         Starting LXD - container startup/shutdown...
[[0;32m  OK  [0m] Started /etc/rc.local Compatibility.
[[0;32m  OK  [0m] Started iSCSI initiator daemon (iscsid).
         Starting Login to default iSCSI targets...
[[0;32m  OK  [0m] Started Login Service.
[[0;32m  OK  [0m] Started Unattended Upgrades Shutdown.
[[0;32m  OK  [0m] Started System Logging Service.
[[0;32m  OK  [0m] Started Login to default iSCSI targets.
[[0;32m  OK  [0m] Reached target Remote File Systems (Pre).
[[0;32m  OK  [0m] Reached target Remote File Systems.
         Starting LSB: Set the CPU Frequency Scaling governor to "ondemand"...
         Starting Permit User Sessions...
         Starting LSB: automatic crash report generation...
         Starting LSB: daemon to balance interrupts for SMP systems...
[[0;32m  OK  [0m] Started LSB: Record successful boot for GRUB.
[[0;32m  OK  [0m] Started Permit User Sessions.
         Starting Terminate Plymouth Boot Screen...
         Starting Hold until boot process finishes up...
[[0;32m  OK  [0m] Started Hold until boot process finishes up.
[[0;32m  OK  [0m] Started Terminate Plymouth Boot Screen.
[[0;32m  OK  [0m] Started Getty on tty1.
         Starting Set console scheme...
[[0;32m  OK  [0m] Started Serial Getty on ttyS0.
[[0;32m  OK  [0m] Reached target Login Prompts.
[[0;32m  OK  [0m] Started Set console scheme.
[[0;32m  OK  [0m] Started LSB: MD monitoring daemon.
[[0;32m  OK  [0m] Started LSB: Set the CPU Frequency Scaling governor to "ondemand".
         Starting Authenticate and Authorize Users to Run Privileged Tasks...
[[0;32m  OK  [0m] Started LSB: daemon to balance interrupts for SMP systems.
[[0;32m  OK  [0m] Started OpenBSD Secure Shell server.
[[0;32m  OK  [0m] Started LSB: automatic crash report generation.
[[0;32m  OK  [0m] Started LXD - container startup/shutdown.
[[0;32m  OK  [0m] Started Authenticate and Authorize Users to Run Privileged Tasks.
[[0;32m  OK  [0m] Started Accounts Service.
[[0;32m  OK  [0m] Started Virtualbox guest utils.
[[0;32m  OK  [0m] Started Snappy daemon.
         Starting Wait until snapd is fully seeded...
[[0;32m  OK  [0m] Started Wait until snapd is fully seeded.
[[0;32m  OK  [0m] Reached target Multi-User System.
[[0;32m  OK  [0m] Reached target Graphical Interface.
         Starting Update UTMP about System Runlevel Changes...
         Starting Apply the settings specified in cloud-config...
[[0;32m  OK  [0m] Started Update UTMP about System Runlevel Changes.
[[0;32m  OK  [0m] Created slice User Slice of vagrant.
         Starting User Manager for UID 1000...
[[0;32m  OK  [0m] Started Session 1 of user vagrant.
[[0;32m  OK  [0m] Started User Manager for UID 1000.
[   19.980539] cloud-init[1294]: Cloud-init v. 19.4-33-gbb4131a2-0ubuntu1~16.04.1 running 'modules:config' at Fri, 18 Sep 2020 03:35:10 +0000. Up 18.74 seconds.
[[0;32m  OK  [0m] Started Apply the settings specified in cloud-config.
[[0;32m  OK  [0m] Started Message of the Day.
         Starting Execute cloud user/final scripts...

Ubuntu 16.04.6 LTS slave-vm ttyS0[ 1610.835717] Out of memory: Kill process 1175 (unattended-upgr) score 9 or sacrifice child
[ 1610.841030] Killed process 1175 (unattended-upgr) total-vm:173348kB, anon-rss:8072kB, file-rss:1780kB
[ 1611.250326] Out of memory: Kill process 5981 (s2) score 8 or sacrifice child
[ 1611.258001] Killed process 5981 (s2) total-vm:3394596kB, anon-rss:4516kB, file-rss:3568kB
[ 1611.671854] Out of memory: Kill process 5885 (s2) score 9 or sacrifice child
[ 1611.677101] Killed process 5885 (s2) total-vm:3394596kB, anon-rss:4588kB, file-rss:3596kB
[ 1611.753751] Out of memory: Kill process 5925 (s2) score 8 or sacrifice child
[ 1611.756300] Killed process 5925 (s2) total-vm:3394596kB, anon-rss:4524kB, file-rss:3548kB
[ 1612.028948] Out of memory: Kill process 5956 (s2) score 8 or sacrifice child
[ 1612.032259] Killed process 5956 (s2) total-vm:3394596kB, anon-rss:4520kB, file-rss:3544kB
[ 1613.306175] Out of memory: Kill process 5841 (s2) score 8 or sacrifice child
[ 1613.311372] Killed process 5841 (s2) total-vm:3394596kB, anon-rss:4520kB, file-rss:3492kB
[ 1613.456075] Out of memory: Kill process 5870 (s2) score 8 or sacrifice child
[ 1613.460418] Killed process 5870 (s2) total-vm:3394596kB, anon-rss:4508kB, file-rss:3516kB
