[    0.000000] Linux version 4.15.0-117-generic (buildd@lcy01-amd64-008) (gcc version 7.5.0 (Ubuntu 7.5.0-3ubuntu1~18.04)) #118-Ubuntu SMP Fri Sep 4 20:02:41 UTC 2020 (Ubuntu 4.15.0-117.118-generic 4.15.18)
[    0.000000] Command line: BOOT_IMAGE=/boot/vmlinuz-4.15.0-117-generic root=LABEL=cloudimg-rootfs ro console=tty1 console=ttyS0
[    0.000000] KERNEL supported cpus:
[    0.000000]   Intel GenuineIntel
[    0.000000]   AMD AuthenticAMD
[    0.000000]   Centaur CentaurHauls
[    0.000000] x86/fpu: Supporting XSAVE feature 0x001: 'x87 floating point registers'
[    0.000000] x86/fpu: Supporting XSAVE feature 0x002: 'SSE registers'
[    0.000000] x86/fpu: Supporting XSAVE feature 0x004: 'AVX registers'
[    0.000000] x86/fpu: xstate_offset[2]:  576, xstate_sizes[2]:  256
[    0.000000] x86/fpu: Enabled xstate features 0x7, context size is 832 bytes, using 'standard' format.
[    0.000000] e820: BIOS-provided physical RAM map:
[    0.000000] BIOS-e820: [mem 0x0000000000000000-0x000000000009fbff] usable
[    0.000000] BIOS-e820: [mem 0x000000000009fc00-0x000000000009ffff] reserved
[    0.000000] BIOS-e820: [mem 0x00000000000f0000-0x00000000000fffff] reserved
[    0.000000] BIOS-e820: [mem 0x0000000000100000-0x0000000017feffff] usable
[    0.000000] BIOS-e820: [mem 0x0000000017ff0000-0x0000000017ffffff] ACPI data
[    0.000000] BIOS-e820: [mem 0x00000000fec00000-0x00000000fec00fff] reserved
[    0.000000] BIOS-e820: [mem 0x00000000fee00000-0x00000000fee00fff] reserved
[    0.000000] BIOS-e820: [mem 0x00000000fffc0000-0x00000000ffffffff] reserved
[    0.000000] NX (Execute Disable) protection: active
[    0.000000] SMBIOS 2.5 present.
[    0.000000] DMI: innotek GmbH VirtualBox/VirtualBox, BIOS VirtualBox 12/01/2006
[    0.000000] Hypervisor detected: KVM
[    0.000000] e820: last_pfn = 0x17ff0 max_arch_pfn = 0x400000000
[    0.000000] MTRR: Disabled
[    0.000000] x86/PAT: MTRRs disabled, skipping PAT initialization too.
[    0.000000] CPU MTRRs all blank - virtualized system.
[    0.000000] x86/PAT: Configuration [0-7]: WB  WT  UC- UC  WB  WT  UC- UC  
[    0.000000] found SMP MP-table at [mem 0x0009fff0-0x0009ffff]
[    0.000000] Scanning 1 areas for low memory corruption
[    0.000000] RAMDISK: [mem 0x15b4e000-0x16e11fff]
[    0.000000] ACPI: Early table checksum verification disabled
[    0.000000] ACPI: RSDP 0x00000000000E0000 000024 (v02 VBOX  )
[    0.000000] ACPI: XSDT 0x0000000017FF0030 00003C (v01 VBOX   VBOXXSDT 00000001 ASL  00000061)
[    0.000000] ACPI: FACP 0x0000000017FF00F0 0000F4 (v04 VBOX   VBOXFACP 00000001 ASL  00000061)
[    0.000000] ACPI: DSDT 0x0000000017FF0470 002325 (v02 VBOX   VBOXBIOS 00000002 INTL 20100528)
[    0.000000] ACPI: FACS 0x0000000017FF0200 000040
[    0.000000] ACPI: FACS 0x0000000017FF0200 000040
[    0.000000] ACPI: APIC 0x0000000017FF0240 000054 (v02 VBOX   VBOXAPIC 00000001 ASL  00000061)
[    0.000000] ACPI: SSDT 0x0000000017FF02A0 0001CC (v01 VBOX   VBOXCPUT 00000002 INTL 20100528)
[    0.000000] No NUMA configuration found
[    0.000000] Faking a node at [mem 0x0000000000000000-0x0000000017feffff]
[    0.000000] NODE_DATA(0) allocated [mem 0x17fc5000-0x17feffff]
[    0.000000] kvm-clock: cpu 0, msr 0:17f44001, primary cpu clock
[    0.000000] kvm-clock: Using msrs 4b564d01 and 4b564d00
[    0.000000] kvm-clock: using sched offset of 4144682701 cycles
[    0.000000] clocksource: kvm-clock: mask: 0xffffffffffffffff max_cycles: 0x1cd42e4dffb, max_idle_ns: 881590591483 ns
[    0.000000] Zone ranges:
[    0.000000]   DMA      [mem 0x0000000000001000-0x0000000000ffffff]
[    0.000000]   DMA32    [mem 0x0000000001000000-0x0000000017feffff]
[    0.000000]   Normal   empty
[    0.000000]   Device   empty
[    0.000000] Movable zone start for each node
[    0.000000] Early memory node ranges
[    0.000000]   node   0: [mem 0x0000000000001000-0x000000000009efff]
[    0.000000]   node   0: [mem 0x0000000000100000-0x0000000017feffff]
[    0.000000] Reserved but unavailable: 98 pages
[    0.000000] Initmem setup node 0 [mem 0x0000000000001000-0x0000000017feffff]
[    0.000000] ACPI: PM-Timer IO Port: 0x4008
[    0.000000] IOAPIC[0]: apic_id 1, version 32, address 0xfec00000, GSI 0-23
[    0.000000] ACPI: INT_SRC_OVR (bus 0 bus_irq 0 global_irq 2 dfl dfl)
[    0.000000] ACPI: INT_SRC_OVR (bus 0 bus_irq 9 global_irq 9 low level)
[    0.000000] Using ACPI (MADT) for SMP configuration information
[    0.000000] smpboot: Allowing 1 CPUs, 0 hotplug CPUs
[    0.000000] PM: Registered nosave memory: [mem 0x00000000-0x00000fff]
[    0.000000] PM: Registered nosave memory: [mem 0x0009f000-0x0009ffff]
[    0.000000] PM: Registered nosave memory: [mem 0x000a0000-0x000effff]
[    0.000000] PM: Registered nosave memory: [mem 0x000f0000-0x000fffff]
[    0.000000] e820: [mem 0x18000000-0xfebfffff] available for PCI devices
[    0.000000] Booting paravirtualized kernel on KVM
[    0.000000] clocksource: refined-jiffies: mask: 0xffffffff max_cycles: 0xffffffff, max_idle_ns: 7645519600211568 ns
[    0.000000] random: get_random_bytes called from start_kernel+0x99/0x500 with crng_init=0
[    0.000000] setup_percpu: NR_CPUS:8192 nr_cpumask_bits:1 nr_cpu_ids:1 nr_node_ids:1
[    0.000000] percpu: Embedded 45 pages/cpu s147456 r8192 d28672 u2097152
[    0.000000] PV qspinlock hash table entries: 256 (order: 0, 4096 bytes)
[    0.000000] Built 1 zonelists, mobility grouping on.  Total pages: 96633
[    0.000000] Policy zone: DMA32
[    0.000000] Kernel command line: BOOT_IMAGE=/boot/vmlinuz-4.15.0-117-generic root=LABEL=cloudimg-rootfs ro console=tty1 console=ttyS0
[    0.000000] Memory: 338092K/392760K available (12300K kernel code, 2481K rwdata, 4272K rodata, 2436K init, 2724K bss, 54668K reserved, 0K cma-reserved)
[    0.000000] SLUB: HWalign=64, Order=0-3, MinObjects=0, CPUs=1, Nodes=1
[    0.000000] Kernel/User page tables isolation: enabled
[    0.000000] ftrace: allocating 39392 entries in 154 pages
[    0.004000] Hierarchical RCU implementation.
[    0.004000] 	RCU restricting CPUs from NR_CPUS=8192 to nr_cpu_ids=1.
[    0.004000] 	Tasks RCU enabled.
[    0.004000] RCU: Adjusting geometry for rcu_fanout_leaf=16, nr_cpu_ids=1
[    0.004000] NR_IRQS: 524544, nr_irqs: 256, preallocated irqs: 16
[    0.004000] Console: colour VGA+ 80x25
[    0.004000] console [tty1] enabled
[    0.004000] console [ttyS0] enabled
[    0.004000] ACPI: Core revision 20170831
[    0.004000] ACPI: 2 ACPI AML tables successfully acquired and loaded
[    0.004000] APIC: Switch to symmetric I/O mode setup
[    0.004000] x2apic enabled
[    0.004000] Switched APIC routing to physical x2apic.
[    0.004000] ..TIMER: vector=0x30 apic1=0 pin1=2 apic2=-1 pin2=-1
[    0.004004] tsc: Detected 2112.002 MHz processor
[    0.004850] Calibrating delay loop (skipped) preset value.. 4224.00 BogoMIPS (lpj=8448008)
[    0.005486] pid_max: default: 32768 minimum: 301
[    0.008056] Security Framework initialized
[    0.008854] Yama: becoming mindful.
[    0.009549] AppArmor: AppArmor initialized
[    0.010410] Dentry cache hash table entries: 65536 (order: 7, 524288 bytes)
[    0.012012] Inode-cache hash table entries: 32768 (order: 6, 262144 bytes)
[    0.016014] Mount-cache hash table entries: 1024 (order: 1, 8192 bytes)
[    0.017319] Mountpoint-cache hash table entries: 1024 (order: 1, 8192 bytes)
[    0.019006] process: using mwait in idle threads
[    0.020007] Last level iTLB entries: 4KB 64, 2MB 8, 4MB 8
[    0.021141] Last level dTLB entries: 4KB 64, 2MB 0, 4MB 0, 1GB 4
[    0.022386] Spectre V1 : Mitigation: usercopy/swapgs barriers and __user pointer sanitization
[    0.024003] Spectre V2 : Mitigation: Full generic retpoline
[    0.025161] Spectre V2 : Spectre v2 / SpectreRSB mitigation: Filling RSB on context switch
[    0.026922] Speculative Store Bypass: Vulnerable
[    0.028050] SRBDS: Unknown: Dependent on hypervisor status
[    0.029210] MDS: Mitigation: Clear CPU buffers
[    0.046132] Freeing SMP alternatives memory: 36K
[    0.156634] smpboot: CPU0: Intel(R) Core(TM) i7-8650U CPU @ 1.90GHz (family: 0x6, model: 0x8e, stepping: 0xa)
[    0.159536] Performance Events: unsupported p6 CPU model 142 no PMU driver, software events only.
[    0.160078] Hierarchical SRCU implementation.
[    0.164864] NMI watchdog: Perf event create on CPU 0 failed with -2
[    0.168008] NMI watchdog: Perf NMI watchdog permanently disabled
[    0.172084] smp: Bringing up secondary CPUs ...
[    0.174075] smp: Brought up 1 node, 1 CPU
[    0.175317] smpboot: Max logical packages: 1
[    0.176009] smpboot: Total of 1 processors activated (4224.00 BogoMIPS)
[    0.178365] devtmpfs: initialized
[    0.180083] x86/mm: Memory block size: 128MB
[    0.181094] evm: security.selinux
[    0.181906] evm: security.SMACK64
[    0.182775] evm: security.SMACK64EXEC
[    0.183610] evm: security.SMACK64TRANSMUTE
[    0.184004] evm: security.SMACK64MMAP
[    0.184846] evm: security.apparmor
[    0.185587] evm: security.ima
[    0.186230] evm: security.capability
[    0.187150] clocksource: jiffies: mask: 0xffffffff max_cycles: 0xffffffff, max_idle_ns: 7645041785100000 ns
[    0.188011] futex hash table entries: 256 (order: 2, 16384 bytes)
[    0.189786] pinctrl core: initialized pinctrl subsystem
[    0.192125] RTC time:  3:25:54, date: 09/24/20
[    0.193136] NET: Registered protocol family 16
[    0.194184] audit: initializing netlink subsys (disabled)
[    0.196131] cpuidle: using governor ladder
[    0.197049] cpuidle: using governor menu
[    0.197924] ACPI: bus type PCI registered
[    0.198767] acpiphp: ACPI Hot Plug PCI Controller Driver version: 0.5
[    0.200005] audit: type=2000 audit(1600917960.141:1): state=initialized audit_enabled=0 res=1
[    0.201749] PCI: Using configuration type 1 for base access
[    0.204111] HugeTLB registered 2.00 MiB page size, pre-allocated 0 pages
[    0.205736] ACPI: Added _OSI(Module Device)
[    0.206858] ACPI: Added _OSI(Processor Device)
[    0.208006] ACPI: Added _OSI(3.0 _SCP Extensions)
[    0.209023] ACPI: Added _OSI(Processor Aggregator Device)
[    0.210163] ACPI: Added _OSI(Linux-Dell-Video)
[    0.211336] ACPI: Added _OSI(Linux-Lenovo-NV-HDMI-Audio)
[    0.212024] ACPI: Added _OSI(Linux-HPI-Hybrid-Graphics)
[    0.213463] ACPI: Executed 1 blocks of module-level executable AML code
[    0.219702] ACPI: Interpreter enabled
[    0.220014] ACPI: (supports S0 S5)
[    0.220785] ACPI: Using IOAPIC for interrupt routing
[    0.222270] PCI: Using host bridge windows from ACPI; if necessary, use "pci=nocrs" and report a bug
[    0.224203] ACPI: Enabled 2 GPEs in block 00 to 07
[    0.233359] ACPI: PCI Root Bridge [PCI0] (domain 0000 [bus 00-ff])
[    0.234667] acpi PNP0A03:00: _OSC: OS supports [ASPM ClockPM Segments MSI]
[    0.236167] acpi PNP0A03:00: _OSC: not requesting OS control; OS requires [ExtendedConfig ASPM ClockPM MSI]
[    0.238098] acpi PNP0A03:00: fail to add MMCONFIG information, can't access extended PCI configuration space under this bridge.
[    0.240470] PCI host bridge to bus 0000:00
[    0.241360] pci_bus 0000:00: root bus resource [io  0x0000-0x0cf7 window]
[    0.244003] pci_bus 0000:00: root bus resource [io  0x0d00-0xffff window]
[    0.245350] pci_bus 0000:00: root bus resource [mem 0x000a0000-0x000bffff window]
[    0.246873] pci_bus 0000:00: root bus resource [mem 0x18000000-0xfdffffff window]
[    0.248003] pci_bus 0000:00: root bus resource [bus 00-ff]
[    0.252397] pci 0000:00:01.1: legacy IDE quirk: reg 0x10: [io  0x01f0-0x01f7]
[    0.253834] pci 0000:00:01.1: legacy IDE quirk: reg 0x14: [io  0x03f6]
[    0.255114] pci 0000:00:01.1: legacy IDE quirk: reg 0x18: [io  0x0170-0x0177]
[    0.256004] pci 0000:00:01.1: legacy IDE quirk: reg 0x1c: [io  0x0376]
[    0.267654] pci 0000:00:07.0: quirk: [io  0x4000-0x403f] claimed by PIIX4 ACPI
[    0.268022] pci 0000:00:07.0: quirk: [io  0x4100-0x410f] claimed by PIIX4 SMB
[    0.277002] ACPI: PCI Interrupt Link [LNKA] (IRQs 5 9 10 *11)
[    0.278590] ACPI: PCI Interrupt Link [LNKB] (IRQs 5 9 *10 11)
[    0.279932] ACPI: PCI Interrupt Link [LNKC] (IRQs 5 *9 10 11)
[    0.280140] ACPI: PCI Interrupt Link [LNKD] (IRQs 5 9 10 *11)
[    0.281801] SCSI subsystem initialized
[    0.282755] pci 0000:00:02.0: vgaarb: setting as boot VGA device
[    0.284000] pci 0000:00:02.0: vgaarb: VGA device added: decodes=io+mem,owns=io+mem,locks=none
[    0.284004] pci 0000:00:02.0: vgaarb: bridge control possible
[    0.285263] vgaarb: loaded
[    0.288030] ACPI: bus type USB registered
[    0.289392] usbcore: registered new interface driver usbfs
[    0.290617] usbcore: registered new interface driver hub
[    0.292014] usbcore: registered new device driver usb
[    0.293096] EDAC MC: Ver: 3.0.0
[    0.294151] PCI: Using ACPI for IRQ routing
[    0.295382] NetLabel: Initializing
[    0.296002] NetLabel:  domain hash size = 128
[    0.296941] NetLabel:  protocols = UNLABELED CIPSOv4 CALIPSO
[    0.298133] NetLabel:  unlabeled traffic allowed by default
[    0.299415] clocksource: Switched to clocksource kvm-clock
[    0.318521] VFS: Disk quotas dquot_6.6.0
[    0.319515] VFS: Dquot-cache hash table entries: 512 (order 0, 4096 bytes)
[    0.321035] AppArmor: AppArmor Filesystem Enabled
[    0.322137] pnp: PnP ACPI init
[    0.324088] pnp: PnP ACPI: found 3 devices
[    0.330533] clocksource: acpi_pm: mask: 0xffffff max_cycles: 0xffffff, max_idle_ns: 2085701024 ns
[    0.332046] NET: Registered protocol family 2
[    0.333563] TCP established hash table entries: 4096 (order: 3, 32768 bytes)
[    0.334988] TCP bind hash table entries: 4096 (order: 4, 65536 bytes)
[    0.336487] TCP: Hash tables configured (established 4096 bind 4096)
[    0.337865] UDP hash table entries: 256 (order: 1, 8192 bytes)
[    0.339245] UDP-Lite hash table entries: 256 (order: 1, 8192 bytes)
[    0.340607] NET: Registered protocol family 1
[    0.341547] pci 0000:00:00.0: Limiting direct PCI/PCI transfers
[    0.342812] pci 0000:00:01.0: Activating ISA DMA hang workarounds
[    0.344156] pci 0000:00:02.0: Video device with shadowed ROM at [mem 0x000c0000-0x000dffff]
[    0.345999] Unpacking initramfs...
[    0.842807] Freeing initrd memory: 19216K
[    0.843901] clocksource: tsc: mask: 0xffffffffffffffff max_cycles: 0x1e717a67afe, max_idle_ns: 440795258295 ns
[    0.846320] platform rtc_cmos: registered platform RTC device (no PNP device found)
[    0.848051] Scanning for low memory corruption every 60 seconds
[    0.849951] Initialise system trusted keyrings
[    0.850964] Key type blacklist registered
[    0.852068] workingset: timestamp_bits=36 max_order=17 bucket_order=0
[    0.855518] zbud: loaded
[    0.856796] squashfs: version 4.0 (2009/01/31) Phillip Lougher
[    0.858351] fuse init (API version 7.26)
[    0.860161] Key type asymmetric registered
[    0.861146] Asymmetric key parser 'x509' registered
[    0.862317] Block layer SCSI generic (bsg) driver version 0.4 loaded (major 246)
[    0.864053] io scheduler noop registered
[    0.865026] io scheduler deadline registered
[    0.866041] io scheduler cfq registered (default)
[    0.867352] ACPI: AC Adapter [AC] (on-line)
[    0.868666] input: Power Button as /devices/LNXSYSTM:00/LNXPWRBN:00/input/input0
[    0.871336] ACPI: Power Button [PWRF]
[    0.872416] input: Sleep Button as /devices/LNXSYSTM:00/LNXSLPBN:00/input/input1
[    0.874125] ACPI: Sleep Button [SLPF]
[    0.876201] ACPI: Battery Slot [BAT0] (battery present)
[    0.877564] Serial: 8250/16550 driver, 32 ports, IRQ sharing enabled
[    0.900003] 00:02: ttyS0 at I/O 0x3f8 (irq = 4, base_baud = 115200) is a 16550A
[    0.907312] Linux agpgart interface v0.103
[    0.909472] loop: module loaded
[    0.910762] scsi host0: ata_piix
[    0.911781] scsi host1: ata_piix
[    0.912747] ata1: PATA max UDMA/33 cmd 0x1f0 ctl 0x3f6 bmdma 0xd000 irq 14
[    0.914289] ata2: PATA max UDMA/33 cmd 0x170 ctl 0x376 bmdma 0xd008 irq 15
[    0.916538] libphy: Fixed MDIO Bus: probed
[    0.917489] tun: Universal TUN/TAP device driver, 1.6
[    0.918850] PPP generic driver version 2.4.2
[    0.920151] ehci_hcd: USB 2.0 'Enhanced' Host Controller (EHCI) Driver
[    0.921843] ehci-pci: EHCI PCI platform driver
[    0.923166] ehci-platform: EHCI generic platform driver
[    0.924998] ohci_hcd: USB 1.1 'Open' Host Controller (OHCI) Driver
[    0.926350] ohci-pci: OHCI PCI platform driver
[    0.927345] ohci-platform: OHCI generic platform driver
[    0.928975] uhci_hcd: USB Universal Host Controller Interface driver
[    0.930518] i8042: PNP: PS/2 Controller [PNP0303:PS2K,PNP0f03:PS2M] at 0x60,0x64 irq 1,12
[    0.932837] serio: i8042 KBD port at 0x60,0x64 irq 1
[    0.933976] serio: i8042 AUX port at 0x60,0x64 irq 12
[    0.935458] mousedev: PS/2 mouse device common for all mice
[    0.937661] input: AT Translated Set 2 keyboard as /devices/platform/i8042/serio0/input/input2
[    0.940269] rtc_cmos rtc_cmos: rtc core: registered rtc_cmos as rtc0
[    0.941825] rtc_cmos rtc_cmos: alarms up to one day, 114 bytes nvram
[    0.943258] i2c /dev entries driver
[    0.944068] device-mapper: uevent: version 1.0.3
[    0.945968] device-mapper: ioctl: 4.37.0-ioctl (2017-09-20) initialised: dm-devel@redhat.com
[    0.947936] ledtrig-cpu: registered to indicate activity on CPUs
[    0.949448] intel_pmc_core:  initialized
[    0.950562] NET: Registered protocol family 10
[    0.956569] Segment Routing with IPv6
[    0.957496] NET: Registered protocol family 17
[    0.958607] Key type dns_resolver registered
[    0.959798] mce: Using 0 MCE banks
[    0.960779] RAS: Correctable Errors collector initialized.
[    0.962072] sched_clock: Marking stable (960721623, 0)->(1133053749, -172332126)
[    0.963873] registered taskstats version 1
[    0.964935] Loading compiled-in X.509 certificates
[    0.968187] Loaded X.509 cert 'Build time autogenerated kernel key: 993aedfcb7091aab7364eeb95e85a8dab512d887'
[    0.970701] zswap: loaded using pool lzo/zbud
[    0.975025] Key type big_key registered
[    0.975929] Key type trusted registered
[    0.978282] Key type encrypted registered
[    0.979176] AppArmor: AppArmor sha1 policy hashing enabled
[    0.980570] ima: No TPM chip found, activating TPM-bypass! (rc=-19)
[    0.981937] ima: Allocated hash algorithm: sha1
[    0.982935] evm: HMAC attrs: 0x1
[    0.984000]   Magic number: 4:512:412
[    0.985062] rtc_cmos rtc_cmos: setting system clock to 2020-09-24 03:25:55 UTC (1600917955)
[    0.987502] BIOS EDD facility v0.16 2004-Jun-25, 0 devices found
[    0.989474] EDD information not available.
[    1.110545] Freeing unused kernel image memory: 2436K
[    1.120147] Write protecting the kernel read-only data: 20480k
[    1.121925] Freeing unused kernel image memory: 2008K
[    1.123122] Freeing unused kernel image memory: 1872K
[    1.131728] x86/mm: Checked W+X mappings: passed, no W+X pages found.
[    1.132930] x86/mm: Checking user space page tables
[    1.142667] x86/mm: Checked W+X mappings: passed, no W+X pages found.
Loading, please wait...
starting version 237
[    1.280828] e1000: Intel(R) PRO/1000 Network Driver - version 7.3.21-k8-NAPI
[    1.282433] e1000: Copyright (c) 1999-2006 Intel Corporation.
[    1.288206] Fusion MPT base driver 3.04.20
[    1.289265] Copyright (c) 1999-2008 LSI Corporation
[    1.300728] Fusion MPT SPI Host driver 3.04.20
[    1.321983] AVX2 version of gcm_enc/dec engaged.
[    1.323062] AES CTR mode by8 optimization enabled
[    1.506609] input: ImExPS/2 Generic Explorer Mouse as /devices/platform/i8042/serio1/input/input4
[    1.768973] e1000 0000:00:03.0 eth0: (PCI:33MHz:32-bit) 02:a6:ac:a9:9a:f4
[    1.770463] e1000 0000:00:03.0 eth0: Intel(R) PRO/1000 Network Connection
[    1.772824] mptbase: ioc0: Initiating bringup
[    1.869011] ioc0: LSI53C1030 A0: Capabilities={Initiator}
[    2.127568] scsi host2: ioc0: LSI53C1030 A0, FwRev=00000000h, Ports=1, MaxQ=256, IRQ=20
[    2.301053] scsi 2:0:0:0: Direct-Access     VBOX     HARDDISK         1.0  PQ: 0 ANSI: 5
[    2.306742] scsi target2:0:0: Beginning Domain Validation
[    2.310119] random: fast init done
[    2.310672] scsi target2:0:0: Domain Validation skipping write tests
[    2.311590] scsi target2:0:0: Ending Domain Validation
[    2.312397] scsi target2:0:0: asynchronous
[    2.313301] scsi 2:0:1:0: Direct-Access     VBOX     HARDDISK         1.0  PQ: 0 ANSI: 5
[    2.314533] scsi target2:0:1: Beginning Domain Validation
[    2.315945] scsi target2:0:1: Domain Validation skipping write tests
[    2.316886] scsi target2:0:1: Ending Domain Validation
[    2.317705] scsi target2:0:1: asynchronous
[    2.321878] random: systemd-udevd: uninitialized urandom read (16 bytes read)
[    2.322966] random: systemd-udevd: uninitialized urandom read (16 bytes read)
[    2.324038] random: systemd-udevd: uninitialized urandom read (16 bytes read)
[    2.325365] sd 2:0:0:0: [sda] 20971520 512-byte logical blocks: (10.7 GB/10.0 GiB)
[    2.326490] sd 2:0:0:0: [sda] Write Protect is off
[    2.327221] sd 2:0:0:0: Attached scsi generic sg0 type 0
[    2.328130] sd 2:0:0:0: [sda] Incomplete mode parameter data
[    2.328943] sd 2:0:0:0: [sda] Assuming drive cache: write through
[    2.330607] sd 2:0:1:0: [sdb] 20480 512-byte logical blocks: (10.5 MB/10.0 MiB)
[    2.331782] sd 2:0:1:0: [sdb] Write Protect is off
[    2.332829] sd 2:0:1:0: [sdb] Incomplete mode parameter data
[    2.333648] sd 2:0:1:0: [sdb] Assuming drive cache: write through
[    2.334886] sd 2:0:1:0: Attached scsi generic sg1 type 0
[    2.348243]  sda: sda1
[    2.354123] sd 2:0:0:0: [sda] Attached SCSI disk
[    2.363569] sd 2:0:1:0: [sdb] Attached SCSI disk
[    2.728878] e1000 0000:00:08.0 eth1: (PCI:33MHz:32-bit) 08:00:27:17:b2:02
[    2.730113] e1000 0000:00:08.0 eth1: Intel(R) PRO/1000 Network Connection
[    2.732430] e1000 0000:00:08.0 enp0s8: renamed from eth1
[    2.736010] e1000 0000:00:03.0 enp0s3: renamed from eth0
Begin: Loading essential drivers ... [    4.260390] raid6: sse2x1   gen()  8113 MB/s
[    4.308216] raid6: sse2x1   xor()  5308 MB/s
[    4.356162] raid6: sse2x2   gen()  6893 MB/s
[    4.404064] raid6: sse2x2   xor()  3249 MB/s
[    4.452151] raid6: sse2x4   gen()  7788 MB/s
[    4.500517] raid6: sse2x4   xor()  5444 MB/s
[    4.548290] raid6: avx2x1   gen() 17009 MB/s
[    4.596115] raid6: avx2x1   xor() 12142 MB/s
[    4.644439] raid6: avx2x2   gen() 21818 MB/s
[    4.692258] raid6: avx2x2   xor() 12794 MB/s
[    4.740109] raid6: avx2x4   gen() 21621 MB/s
[    4.788411] raid6: avx2x4   xor() 15616 MB/s
[    4.789514] raid6: using algorithm avx2x2 gen() 21818 MB/s
[    4.790785] raid6: .... xor() 12794 MB/s, rmw enabled
[    4.792072] raid6: using avx2x2 recovery algorithm
[    4.795106] xor: automatically using best checksumming function   avx       
[    4.798450] async_tx: api initialized (async)
done.
Begin: Running /scripts/init-premount ... done.
Begin: Mounting root file system ... Begin: Running /scripts/local-top ... done.
Begin: Running /scripts/local-premount ... [    4.863436] Btrfs loaded, crc32c=crc32c-intel
Scanning for Btrfs filesystems
done.
Warning: fsck not present, so skipping root file system
[    4.909163] EXT4-fs (sda1): mounted filesystem with ordered data mode. Opts: (null)
done.
Begin: Running /scripts/local-bottom ... done.
Begin: Running /scripts/init-bottom ... done.
[    5.086609] ip_tables: (C) 2000-2006 Netfilter Core Team
[    5.097309] systemd[1]: systemd 237 running in system mode. (+PAM +AUDIT +SELINUX +IMA +APPARMOR +SMACK +SYSVINIT +UTMP +LIBCRYPTSETUP +GCRYPT +GNUTLS +ACL +XZ +LZ4 +SECCOMP +BLKID +ELFUTILS +KMOD -IDN2 +IDN -PCRE2 default-hierarchy=hybrid)
[    5.101896] systemd[1]: Detected virtualization oracle.
[    5.103170] systemd[1]: Detected architecture x86-64.

Welcome to [1mUbuntu 18.04.5 LTS[0m!

[    5.107544] systemd[1]: Set hostname to <basebox-vm>.
[    5.384489] systemd[1]: Reached target System Time Synchronized.
[[0;32m  OK  [0m] Reached target System Time Synchronized.
[    5.388058] systemd[1]: Set up automount Arbitrary Executable File Formats File System Automount Point.
[[0;32m  OK  [0m] Set up automount Arbitrary Executab…rmats File System Automount Point.
[    5.400271] systemd[1]: Reached target Swap.
[[0;32m  OK  [0m] Reached target Swap.
[    5.403260] systemd[1]: Reached target User and Group Name Lookups.
[[0;32m  OK  [0m] Reached target User and Group Name Lookups.
[    5.417511] systemd[1]: Created slice User and Session Slice.
[[0;32m  OK  [0m] Created slice User and Session Slice.
[    5.419667] systemd[1]: Created slice System Slice.
[[0;32m  OK  [0m] Created slice System Slice.
[[0;32m  OK  [0m] Listening on Network Service Netlink Socket.
[[0;32m  OK  [0m] Listening on /dev/initctl Compatibility Named Pipe.
[[0;32m  OK  [0m] Created slice system-serial\x2dgetty.slice.
[[0;32m  OK  [0m] Listening on Device-mapper event daemon FIFOs.
[[0;32m  OK  [0m] Listening on Journal Audit Socket.
[[0;32m  OK  [0m] Listening on Syslog Socket.
[[0;32m  OK  [0m] Listening on Journal Socket.
         Mounting POSIX Message Queue File System...
         Starting Uncomplicated firewall...
[[0;32m  OK  [0m] Listening on LVM2 poll daemon socket.
         Starting Set the console keyboard layout...
[[0;32m  OK  [0m] Listening on LVM2 metadata daemon socket.
         Starting Monitoring of LVM2 mirrors…ng dmeventd or progress polling...
         Mounting Kernel Debug File System...
[[0;32m  OK  [0m] Listening on udev Control Socket.
[[0;32m  OK  [0m] Listening on Journal Socket (/dev/log).
         Starting Journal Service...
[[0;32m  OK  [0m] Reached target Slices.
         Starting Load Kernel Modules...
         Mounting Huge Pages File System...
         Starting Remount Root and Kernel File Systems...
[[0;32m  OK  [0m] Listening on udev Kernel Socket.
         Starting udev Coldplug all Devices...
         Starting Create list of required st…ce nodes for the current kernel...
[[0;32m  OK  [0m] Started Forward Password Requests to Wall Directory Watch.
[[0;32m  OK  [0m] Mounted POSIX Message Queue File System.
[[0;32m  OK  [0m] Started Uncomplicated firewall.
[[0;32m  OK  [0m] Mounted Kernel Debug File System.
[[0;32m  OK  [0m] Mounted Huge Pages File System.
[    5.565423] Loading iSCSI transport class v2.0-870.
[[0;32m  OK  [0m] Started Create list of required sta…vice nodes for the current kernel.
         Starting Create Static Device Nodes in /dev...
[[0;32m  OK  [0m] Started LVM2 metadata daemon.
[    5.629744] iscsi: registered transport (tcp)
[[0;32m  OK  [0m] Started Journal Service.
[    5.647393] EXT4-fs (sda1): re-mounted. Opts: (null)
[[0;32m  OK  [0m] Started Remount Root and Kernel File Systems.
         Starting Flush Journal to Persistent Storage...
         Starting Load/Save Random Seed...
[[0;32m  OK  [0m] Started udev Coldplug all Devices.
[    5.704516] systemd-journald[406]: Received request to flush runtime journal from PID 1
[[0;32m  OK  [0m] Started Load/Save Random Seed.
[    5.719050] iscsi: registered transport (iser)
[[0;32m  OK  [0m] Started Load Kernel Modules.
[[0;32m  OK  [0m] Started Monitoring of LVM2 mirrors,…sing dmeventd or progress polling.
         Mounting FUSE Control File System...
         Mounting Kernel Configuration File System...
         Starting Apply Kernel Variables...
[[0;32m  OK  [0m] Started Create Static Device Nodes in /dev.
[[0;32m  OK  [0m] Mounted FUSE Control File System.
[[0;32m  OK  [0m] Mounted Kernel Configuration File System.
         Starting udev Kernel Device Manager...
[[0;32m  OK  [0m] Started Apply Kernel Variables.
[[0;32m  OK  [0m] Started Flush Journal to Persistent Storage.
[[0;32m  OK  [0m] Started udev Kernel Device Manager.
[[0;32m  OK  [0m] Found device /dev/ttyS0.
[[0;32m  OK  [0m] Listening on Load/Save RF Kill Switch Status /dev/rfkill Watch.
[[0;32m  OK  [0m] Started Set the console keyboard layout.
[[0;32m  OK  [0m] Started Dispatch Password Requests to Console Directory Watch.
[[0;32m  OK  [0m] Reached target Local Encrypted Volumes.
[[0;32m  OK  [0m] Reached target Local File Systems (Pre).
[[0;32m  OK  [0m] Reached target Local File Systems.
         Starting Create Volatile Files and Directories...
         Starting Set console font and keymap...
         Starting AppArmor initialization...
         Starting ebtables ruleset management...
         Starting Tell Plymouth To Write Out Runtime Data...
         Mounting /vagrant...
[[0;32m  OK  [0m] Started Set console font and keymap.
[[0;32m  OK  [0m] Started Tell Plymouth To Write Out Runtime Data.
[[0;32m  OK  [0m] Started Create Volatile Files and Directories.
         Starting Update UTMP about System Boot/Shutdown...
[[0;32m  OK  [0m] Started Update UTMP about System Boot/Shutdown.
[[0;32m  OK  [0m] Mounted /vagrant.
[[0;32m  OK  [0m] Started ebtables ruleset management.
[[0;32m  OK  [0m] Started AppArmor initialization.
         Starting Initial cloud-init job (pre-networking)...
         Starting Load AppArmor profiles managed internally by snapd...
[[0;32m  OK  [0m] Started Load AppArmor profiles managed internally by snapd.
[    9.001351] cloud-init[632]: Cloud-init v. 20.3-2-g371b392c-0ubuntu1~18.04.1 running 'init-local' at Thu, 24 Sep 2020 03:26:03 +0000. Up 8.74 seconds.
[[0;32m  OK  [0m] Started Initial cloud-init job (pre-networking).
[[0;32m  OK  [0m] Reached target Network (Pre).
         Starting Network Service...
[[0;32m  OK  [0m] Started Network Service.
         Starting Network Name Resolution...
         Starting Wait for Network to be Configured...
[[0;32m  OK  [0m] Started Network Name Resolution.
[[0;32m  OK  [0m] Reached target Network.
[[0;32m  OK  [0m] Reached target Host and Network Name Lookups.
[[0;32m  OK  [0m] Started Wait for Network to be Configured.
         Starting Initial cloud-init job (metadata service crawler)...
[   11.358553] cloud-init[720]: Cloud-init v. 20.3-2-g371b392c-0ubuntu1~18.04.1 running 'init' at Thu, 24 Sep 2020 03:26:05 +0000. Up 11.13 seconds.
[   11.361312] cloud-init[720]: ci-info: ++++++++++++++++++++++++++++++++++++++Net device info+++++++++++++++++++++++++++++++++++++++
[   11.364156] cloud-init[720]: ci-info: +--------+------+-----------------------------+---------------+--------+-------------------+
[   11.367048] cloud-init[720]: ci-info: | Device |  Up  |           Address           |      Mask     | Scope  |     Hw-Address    |
[   11.370437] cloud-init[720]: ci-info: +--------+------+-----------------------------+---------------+--------+-------------------+
[   11.372393] cloud-init[720]: ci-info: | enp0s3 | True |          10.0.2.15          | 255.255.255.0 | global | 02:a6:ac:a9:9a:f4 |
[   11.374622] cloud-init[720]: ci-info: | enp0s3 | True |  fe80::a6:acff:fea9:9af4/64 |       .       |  link  | 02:a6:ac:a9:9a:f4 |
[   11.379631] cloud-init[720]: ci-info: | enp0s8 | True |        192.168.33.10        | 255.255.255.0 | global | 08:00:27:17:b2:02 |
[   11.381601] cloud-init[720]: ci-info: | enp0s8 | True | fe80::a00:27ff:fe17:b202/64 |       .       |  link  | 08:00:27:17:b2:02 |
[   11.384241] cloud-init[720]: ci-info: |   lo   | True |          127.0.0.1          |   255.0.0.0   |  host  |         .         |
[   11.388425] cloud-init[720]: ci-info: |   lo   | True |           ::1/128           |       .       |  host  |         .         |
[   11.389769] cloud-init[720]: ci-info: +--------+------+-----------------------------+---------------+--------+-------------------+
[   11.391672] cloud-init[720]: ci-info: +++++++++++++++++++++++++++++Route IPv4 info+++++++++++++++++++++++++++++
[   11.395347] cloud-init[720]: ci-info: +-------+--------------+----------+-----------------+-----------+-------+
[   11.396893] cloud-init[720]: ci-info: | Route | Destination  | Gateway  |     Genmask     | Interface | Flags |
[   11.399311] cloud-init[720]: ci-info: +-------+--------------+----------+-----------------+-----------+-------+
[   11.400692] cloud-init[720]: ci-info: |   0   |   0.0.0.0    | 10.0.2.2 |     0.0.0.0     |   enp0s3  |   UG  |
[   11.402380] cloud-init[720]: ci-info: |   1   |   10.0.2.0   | 0.0.0.0  |  255.255.255.0  |   enp0s3  |   U   |
[   11.405547] cloud-init[720]: ci-info: |   2   |   10.0.2.2   | 0.0.0.0  | 255.255.255.255 |   enp0s3  |   UH  |
[   11.409696] cloud-init[720]: ci-info: |   3   | 192.168.33.0 | 0.0.0.0  |  255.255.255.0  |   enp0s8  |   U   |
[   11.411939] cloud-init[720]: ci-info: +-------+--------------+----------+-----------------+-----------+-------+
[   11.429881] cloud-init[720]: ci-info: +++++++++++++++++++Route IPv6 info+++++++++++++++++++
[   11.431179] cloud-init[720]: ci-info: +-------+-------------+---------+-----------+-------+
[   11.432472] cloud-init[720]: ci-info: | Route | Destination | Gateway | Interface | Flags |
[   11.436094] cloud-init[720]: ci-info: +-------+-------------+---------+-----------+-------+
[   11.439329] cloud-init[720]: ci-info: |   1   |  fe80::/64  |    ::   |   enp0s8  |   U   |
[   11.442712] cloud-init[720]: ci-info: |   2   |  fe80::/64  |    ::   |   enp0s3  |   U   |
[   11.443819] cloud-init[720]: ci-info: |   4   |    local    |    ::   |   enp0s3  |   U   |
[   11.446717] cloud-init[720]: ci-info: |   5   |    local    |    ::   |   enp0s8  |   U   |
[   11.448279] cloud-init[720]: ci-info: |   6   |   ff00::/8  |    ::   |   enp0s8  |   U   |
[   11.449999] cloud-init[720]: ci-info: |   7   |   ff00::/8  |    ::   |   enp0s3  |   U   |
[   11.450960] cloud-init[720]: ci-info: +-------+-------------+---------+-----------+-------+
[[0;32m  OK  [0m] Started Initial cloud-init job (metadata service crawler).
[[0;32m  OK  [0m] Reached target System Initialization.
[[0;32m  OK  [0m] Listening on D-Bus System Message Bus Socket.
[[0;32m  OK  [0m] Started ACPI Events Check.
[[0;32m  OK  [0m] Reached target Paths.
[[0;32m  OK  [0m] Started Daily Cleanup of Temporary Directories.
[[0;32m  OK  [0m] Listening on UUID daemon activation socket.
[[0;32m  OK  [0m] Started Discard unused blocks once a week.
         Starting Socket activation for snappy daemon.
[[0;32m  OK  [0m] Listening on Open-iSCSI iscsid Socket.
         Starting LXD - unix socket.
[[0;32m  OK  [0m] Started Message of the Day.
[[0;32m  OK  [0m] Reached target Timers.
[[0;32m  OK  [0m] Listening on ACPID Listen Socket.
[[0;32m  OK  [0m] Reached target Network is Online.
         Starting Availability of block devices...
[[0;32m  OK  [0m] Reached target Remote File Systems (Pre).
[[0;32m  OK  [0m] Reached target Remote File Systems.
[[0;32m  OK  [0m] Reached target Cloud-config availability.
[[0;32m  OK  [0m] Listening on Socket activation for snappy daemon.
[[0;32m  OK  [0m] Listening on LXD - unix socket.
[[0;32m  OK  [0m] Started Availability of block devices.
[[0;32m  OK  [0m] Reached target Sockets.
[[0;32m  OK  [0m] Reached target Basic System.
[[0;32m  OK  [0m] Started FUSE filesystem for LXC.
         Starting Virtualbox guest utils...
         Starting OpenBSD Secure Shell server...
         Starting Dispatcher daemon for systemd-networkd...
         Starting Accounts Service...
         Starting System Logging Service...
         Starting Permit User Sessions...
[[0;32m  OK  [0m] Started irqbalance daemon.
[[0;32m  OK  [0m] Started Deferred execution scheduler.
         Starting LSB: Record successful boot for GRUB...
         Starting LXD - container startup/shutdown...
         Starting Message of the Day...
[[0;32m  OK  [0m] Started Regular background program processing daemon.
         Starting Login Service...
         Starting LSB: automatic crash report generation...
[[0;32m  OK  [0m] Started D-Bus System Message Bus.
         Starting Snap Daemon...
[[0;32m  OK  [0m] Started System Logging Service.
[[0;32m  OK  [0m] Started Permit User Sessions.
         Starting Terminate Plymouth Boot Screen...
         Starting Hold until boot process finishes up...
[[0;32m  OK  [0m] Started Hold until boot process finishes up.
[[0;32m  OK  [0m] Started Serial Getty on ttyS0.
         Starting Set console scheme...
[[0;32m  OK  [0m] Started Terminate Plymouth Boot Screen.
[[0;32m  OK  [0m] Started Login Service.
[[0;32m  OK  [0m] Started OpenBSD Secure Shell server.
[[0;32m  OK  [0m] Started Set console scheme.
[[0;32m  OK  [0m] Created slice system-getty.slice.
[[0;32m  OK  [0m] Started Getty on tty1.
[[0;32m  OK  [0m] Reached target Login Prompts.
         Starting Authorization Manager...
[[0;32m  OK  [0m] Started LSB: automatic crash report generation.
[[0;32m  OK  [0m] Started LSB: Record successful boot for GRUB.
[[0;32m  OK  [0m] Started Authorization Manager.
[[0;32m  OK  [0m] Started Accounts Service.
[[0;32m  OK  [0m] Started Virtualbox guest utils.
[[0;32m  OK  [0m] Started LXD - container startup/shutdown.
[[0;32m  OK  [0m] Created slice User Slice of vagrant.
         Starting User Manager for UID 1000...
[[0;32m  OK  [0m] Started Session 1 of user vagrant.
[[0;32m  OK  [0m] Started Dispatcher daemon for systemd-networkd.
[[0;32m  OK  [0m] Started User Manager for UID 1000.
[[0;32m  OK  [0m] Started Snap Daemon.
         Starting Wait until snapd is fully seeded...
[[0;32m  OK  [0m] Started Wait until snapd is fully seeded.
         Starting Apply the settings specified in cloud-config...
[[0;32m  OK  [0m] Reached target Multi-User System.
[[0;32m  OK  [0m] Reached target Graphical Interface.
         Starting Update UTMP about System Runlevel Changes...
[[0;32m  OK  [0m] Started Update UTMP about System Runlevel Changes.
[   16.028471] cloud-init[1007]: Cloud-init v. 20.3-2-g371b392c-0ubuntu1~18.04.1 running 'modules:config' at Thu, 24 Sep 2020 03:26:10 +0000. Up 15.70 seconds.
[[0;32m  OK  [0m] Started Apply the settings specified in cloud-config.
         Starting Execute cloud user/final scripts...
[   17.924078] cloud-init[1160]: Cloud-init v. 20.3-2-g371b392c-0ubuntu1~18.04.1 running 'modules:final' at Thu, 24 Sep 2020 03:26:12 +0000. Up 17.65 seconds.
[   17.925934] cloud-init[1160]: Cloud-init v. 20.3-2-g371b392c-0ubuntu1~18.04.1 finished at Thu, 24 Sep 2020 03:26:12 +0000. Datasource DataSourceNoCloud [seed=/dev/sdb][dsmode=net].  Up 17.91 seconds

Ubuntu 18.04.5 LTS basebox-v[  666.[  534.196131] Out of [  344.391244] Out of memory: Kill process 835 (networkd-dispat) score 21 or sacrifice child
[  344.393228] Killed process 835 (networkd-dispat) total-vm:170832kB, anon-rss:7776k[ 1110.383144] Out of memory: Kill process 4722 (connection.out) score 7 or sacrifice child
[ 1110.384698] Killed process 4722 (connection.out) total-vm:3395380kB, anon-rss:4588kB, file-rss:0kB, shmem-rss:2296kB
[ 1110.487819] Out of memory: Kill process 4671 (connection.out) score 7 or sacrifice child
[ 1110.489195] Killed process 4671 (connection.out) total-vm:3395380kB, anon-rss:4592kB, file-rss:0kB, shmem-rss:2260kB
[ 1110.540435] Out of memory: Kill process 952 (networkd-dispat) score 7 or sacrifice child
[ 1110.541843] Killed process 952 (networkd-dispat) total-vm:170832kB, anon-rss:7776kB, file-rss:4kB, shmem-rss:0kB
[ 1110.623839] Out of memory: Kill process 4645 (connection.out) score 7 or sacrifice child
[ 1110.625233] Killed process 4645 (connection.out) total-vm:3395380kB, anon-rss:4588kB, file-rss:4kB, shmem-rss:2060kB
[ 1165.063070] Out of memory: Kill process 4985 (connection.out) score 8 or sacrifice child
[ 1165.064416] Killed process 4985 (connection.out) total-vm:3395380kB, anon-rss:4588kB, file-rss:468kB, shmem-rss:2320kB
[ 1165.192157] Out of memory: Kill process 4989 (connection.out) score 8 or sacrifice child
[ 1165.193749] Killed process 4989 (connection.out) total-vm:3395380kB, anon-rss:4588kB, file-rss:60kB, shmem-rss:2324kB
[ 1165.502270] Out of memory: Kill process 5047 (connection.out) score 8 or sacrifice child
[ 1165.503785] Killed process 5047 (connection.out) total-vm:3395380kB, anon-rss:4584kB, file-rss:0kB, shmem-rss:2320kB
[ 1165.629608] Out of memory: Kill process 5075 (connection.out) score 8 or sacrifice child
[ 1165.631459] Killed process 5075 (connection.out) total-vm:3395380kB, anon-rss:4592kB, file-rss:296kB, shmem-rss:2288kB
[ 1165.741792] Out of memory: Kill process 5016 (connection.out) score 8 or sacrifice child
[ 1165.743297] Killed process 5016 (connection.out) total-vm:3395380kB, anon-rss:4584kB, file-rss:256kB, shmem-rss:2232kB
[ 1166.423460] Out of memory: Kill process 5096 (connection.out) score 8 or sacrifice child
[ 1166.425077] Killed process 5096 (connection.out) total-vm:3395380kB, anon-rss:4588kB, file-rss:0kB, shmem-rss:2288kB
[ 1166.627364] Out of memory: Kill process 5023 (connection.out) score 8 or sacrifice child
[ 1166.628974] Killed process 5023 (connection.out) total-vm:3395380kB, anon-rss:4584kB, file-rss:56kB, shmem-rss:2420kB
[ 1166.935162] Out of memory: Kill process 5120 (connection.out) score 9 or sacrifice child
[ 1166.936668] Killed process 5120 (connection.out) total-vm:3396504kB, anon-rss:5540kB, file-rss:732kB, shmem-rss:2036kB
[ 1199.221266] Out of memory: Kill process 5261 (connection.out) score 7 or sacrifice child
[ 1199.222904] Killed process 5261 (connection.out) total-vm:3395380kB, anon-rss:4584kB, file-rss:0kB, shmem-rss:2036kB
[ 1199.328152] Out of memory: Kill process 5255 (connection.out) score 7 or sacrifice child
[ 1199.329743] Killed process 5255 (connection.out) total-vm:3395380kB, anon-rss:4588kB, file-rss:0kB, shmem-rss:2028kB
[ 1199.352117] Out of memory: Kill process 5157 (connection.out) score 7 or sacrifice child
[ 1199.353848] Killed process 5157 (connection.out) total-vm:3395380kB, anon-rss:4580kB, file-rss:0kB, shmem-rss:2044kB
[ 1199.383698] Out of memory: Kill process 5229 (connection.out) score 7 or sacrifice child
[ 1199.385325] Killed process 5229 (connection.out) total-vm:3395380kB, anon-rss:4588kB, file-rss:0kB, shmem-rss:2040kB
[ 1199.823588] Out of memory: Kill process 5286 (connection.out) score 7 or sacrifice child
[ 1199.825362] Killed process 5286 (connection.out) total-vm:3395380kB, anon-rss:4588kB, file-rss:8kB, shmem-rss:2008kB
[ 1200.088134] Out of memory: Kill process 5306 (connection.out) score 7 or sacrifice child
[ 1200.089962] Killed process 5306 (connection.out) total-vm:3395380kB, anon-rss:4588kB, file-rss:0kB, shmem-rss:2248kB
[ 1200.259641] Out of memory: Kill process 5140 (connection.out) score 8 or sacrifice child
[ 1200.261639] Killed process 5140 (connection.out) total-vm:3395380kB, anon-rss:4588kB, file-rss:644kB, shmem-rss:2240kB
[ 1200.618506] Out of memory: Kill process 5280 (connection.out) score 7 or sacrifice child
[ 1200.620084] Killed process 5280 (connection.out) total-vm:3395380kB, anon-rss:4580kB, file-rss:0kB, shmem-rss:2236kB
[ 1200.759837] Out of memory: Kill process 5221 (connection.out) score 7 or sacrifice child
[ 1200.761429] Killed process 5221 (connection.out) total-vm:3395380kB, anon-rss:4588kB, file-rss:0kB, shmem-rss:2220kB
